Opened log file 'C:\Users\andrz\git\clash-hd\scripts\cdb\..\..\captures\archive\cdb-surface-dump-20260714-145855\cdb-surface-dump.log'

************* Preparing the environment for Debugger Extensions Gallery repositories **************
   ExtensionRepository : Implicit
   UseExperimentalFeatureForNugetShare : true
   AllowNugetExeUpdate : true
   NonInteractiveNuget : true
   AllowNugetMSCredentialProviderInstall : true
   AllowParallelInitializationOfLocalRepositories : true

   EnableRedirectToV8JsProvider : false

   -- Configuring repositories
      ----> Repository : LocalInstalled, Enabled: true
      ----> Repository : UserExtensions, Enabled: true

>>>>>>>>>>>>> Preparing the environment for Debugger Extensions Gallery repositories completed, duration 0.000 seconds

************* Waiting for Debugger Extensions Gallery to Initialize **************

>>>>>>>>>>>>> Waiting for Debugger Extensions Gallery to Initialize completed, duration 0.031 seconds
   ----> Repository : UserExtensions, Enabled: true, Packages count: 0
   ----> Repository : LocalInstalled, Enabled: true, Packages count: 29

Microsoft (R) Windows Debugger Version 10.0.26100.8038 X86
Copyright (c) Microsoft Corporation. All rights reserved.

CommandLine: C:\ClashTests\right-bottom-fixture-owner-proxy\clash95_hd_surfdump_20260714_145855.exe
NatVis script successfully loaded from 'C:\Program Files (x86)\Windows Kits\10\Debuggers\x86\Visualizers\atlmfc.natvis'
NatVis script successfully loaded from 'C:\Program Files (x86)\Windows Kits\10\Debuggers\x86\Visualizers\ObjectiveC.natvis'
NatVis script successfully loaded from 'C:\Program Files (x86)\Windows Kits\10\Debuggers\x86\Visualizers\concurrency.natvis'
NatVis script successfully loaded from 'C:\Program Files (x86)\Windows Kits\10\Debuggers\x86\Visualizers\cpp_rest.natvis'
NatVis script successfully loaded from 'C:\Program Files (x86)\Windows Kits\10\Debuggers\x86\Visualizers\stl.natvis'
NatVis script successfully loaded from 'C:\Program Files (x86)\Windows Kits\10\Debuggers\x86\Visualizers\Windows.Data.Json.natvis'
NatVis script successfully loaded from 'C:\Program Files (x86)\Windows Kits\10\Debuggers\x86\Visualizers\Windows.Devices.Geolocation.natvis'
NatVis script successfully loaded from 'C:\Program Files (x86)\Windows Kits\10\Debuggers\x86\Visualizers\Windows.Devices.Sensors.natvis'
NatVis script successfully loaded from 'C:\Program Files (x86)\Windows Kits\10\Debuggers\x86\Visualizers\Windows.Media.natvis'
NatVis script successfully loaded from 'C:\Program Files (x86)\Windows Kits\10\Debuggers\x86\Visualizers\windows.natvis'
NatVis script successfully loaded from 'C:\Program Files (x86)\Windows Kits\10\Debuggers\x86\Visualizers\winrt.natvis'

************* Path validation summary **************
Response                         Time (ms)     Location
Deferred                                       srv*C:\Symbols*https://msdl.microsoft.com/download/symbols

************* Path validation summary **************
Response                         Time (ms)     Location
Deferred                                       srv*C:\Symbols*https://msdl.microsoft.com/download/symbols
Symbol search path is: srv*C:\Symbols*https://msdl.microsoft.com/download/symbols
Executable search path is: 
ModLoad: 00400000 00562000   clash95.exe
ModLoad: 776e0000 7789f000   ntdll.dll
ModLoad: 76e50000 76f40000   C:\WINDOWS\SysWOW64\KERNEL32.DLL
ModLoad: 77380000 77652000   C:\WINDOWS\SysWOW64\KERNELBASE.dll
ModLoad: 73450000 734fe000   C:\WINDOWS\SysWOW64\apphelp.dll
ModLoad: 77290000 772b2000   C:\WINDOWS\SysWOW64\GDI32.dll
ModLoad: 76600000 7661c000   C:\WINDOWS\SysWOW64\win32u.dll
ModLoad: 75b40000 75c2b000   C:\WINDOWS\SysWOW64\gdi32full.dll
ModLoad: 763b0000 76435000   C:\WINDOWS\SysWOW64\msvcp_win.dll
ModLoad: 77170000 77280000   C:\WINDOWS\SysWOW64\ucrtbase.dll
ModLoad: 75ee0000 760b5000   C:\WINDOWS\SysWOW64\USER32.dll
ModLoad: 6e4b0000 6e4e3000   C:\WINDOWS\SysWOW64\WINMM.dll
ModLoad: 6cfa0000 6cfc6000   C:\ClashTests\right-bottom-fixture-owner-proxy\DDRAW.dll
ModLoad: 6cfd0000 6d046000   C:\WINDOWS\SysWOW64\DSOUND.dll
ModLoad: 6d050000 6d077000   C:\WINDOWS\SysWOW64\DINPUT.dll
ModLoad: 75920000 759a2000   C:\WINDOWS\SysWOW64\advapi32.dll
ModLoad: 6cf50000 6cf6c000   C:\WINDOWS\SysWOW64\AVIFIL32.dll
ModLoad: 6cf70000 6cf94000   C:\WINDOWS\SysWOW64\MSVFW32.dll
ModLoad: 00c50000 00cd2000   C:\WINDOWS\SysWOW64\ADVAPI32.dll
ModLoad: 76d80000 76e47000   C:\WINDOWS\SysWOW64\msvcrt.dll
ModLoad: 75c30000 75ec3000   C:\WINDOWS\SysWOW64\combase.dll
ModLoad: 752c0000 75915000   C:\WINDOWS\SysWOW64\SHELL32.dll
ModLoad: 770b0000 7716c000   C:\WINDOWS\SysWOW64\RPCRT4.dll
ModLoad: 772c0000 77346000   C:\WINDOWS\SysWOW64\sechost.dll
ModLoad: 6b770000 6b80a000   C:\WINDOWS\SysWOW64\ResampleDmo.DLL
ModLoad: 760c0000 76214000   C:\WINDOWS\SysWOW64\ole32.dll
ModLoad: 76b90000 76c2f000   C:\WINDOWS\SysWOW64\OLEAUT32.dll
ModLoad: 6b6d0000 6b761000   C:\WINDOWS\WinSxS\x86_microsoft.windows.common-controls_6595b64144ccf1df_5.82.26100.8521_none_cf9e08b68ea73d80\COMCTL32.dll
ModLoad: 6cf30000 6cf4a000   C:\WINDOWS\SysWOW64\MSACM32.dll
ModLoad: 751a0000 751f5000   C:\WINDOWS\SysWOW64\powrprof.dll
ModLoad: 6b6a0000 6b6bf000   C:\WINDOWS\SysWOW64\winmmbase.dll
ModLoad: 6e2c0000 6e2c9000   C:\WINDOWS\SysWOW64\msdmo.dll
(106c.1920): Break instruction exception - code 80000003 (first chance)
eax=00000000 ebx=00000000 ecx=87c90000 edx=00000000 esi=00607438 edi=002c7000
eip=777f82d8 esp=000efa54 ebp=000efa80 iopl=0         nv up ei pl zr na pe nc
cs=0023  ss=002b  ds=002b  es=002b  fs=0053  gs=002b             efl=00000246
ntdll!LdrpDoDebuggerBreak+0x2b:
777f82d8 cc              int     3
0:000> $$><C:\Users\andrz\git\clash-hd\scripts\cdb\..\..\captures\archive\cdb-surface-dump-20260714-145855\clash95_surface_dump_probe.generated.cdb
=== Clash95 CDB surface dump probe ===
route-injects load slot 0, waits for gameplay redraw, then dumps dword_5202E0
SURFDUMP_START_ANIMS_SLEEP_FAST_FORWARD_ENABLED
=== Clash95 natural slot5 castle command99 owner/action probe ===
Natural slot5 load -> castle (14,20) -> command 0x63 -> owner/action rows
ModLoad: 77350000 77375000   C:\WINDOWS\SysWOW64\IMM32.DLL
ModLoad: 74390000 7439e000   C:\WINDOWS\SysWOW64\UMPDC.dll
ModLoad: 6b490000 6b604000   C:\WINDOWS\SysWOW64\inputhost.dll
ModLoad: 6b3b0000 6b48b000   C:\WINDOWS\SysWOW64\CoreMessaging.dll
ModLoad: 66070000 660f0000   C:\WINDOWS\SysWOW64\uxtheme.dll
ModLoad: 76220000 76297000   C:\WINDOWS\SysWOW64\bcryptPrimitives.dll
ModLoad: 764e0000 765f8000   C:\WINDOWS\SysWOW64\MSCTF.dll
ModLoad: 6f770000 6f77a000   C:\WINDOWS\SysWOW64\CRYPTBASE.DLL
ModLoad: 74110000 74125000   C:\WINDOWS\SysWOW64\kernel.appcore.dll
ModLoad: 6cf10000 6cf26000   C:\WINDOWS\SysWOW64\msctfmonitor.dll
ModLoad: 6b360000 6b3a0000   C:\WINDOWS\SysWOW64\MSUTB.dll
ModLoad: 6d9e0000 6dae4000   C:\WINDOWS\SysWOW64\textinputframework.dll
ModLoad: 6d490000 6d49b000   C:\WINDOWS\SysWOW64\HID.DLL
ModLoad: 76620000 76a71000   C:\WINDOWS\SysWOW64\SETUPAPI.DLL
ModLoad: 743b0000 743ee000   C:\WINDOWS\SysWOW64\cfgmgr32.DLL
ModLoad: 6e670000 6e694000   C:\WINDOWS\SysWOW64\DEVOBJ.dll
ModLoad: 76cb0000 76d18000   C:\WINDOWS\SysWOW64\WINTRUST.dll
ModLoad: 76a80000 76b89000   C:\WINDOWS\SysWOW64\CRYPT32.dll
ModLoad: 73100000 7310e000   C:\WINDOWS\SysWOW64\MSASN1.dll
ModLoad: 69bc0000 69bf5000   C:\WINDOWS\SysWOW64\MLANG.DLL
SURFDUMP_BYPASS_MOUSE_ACQUIRE hwnd=*** WARNING: Unable to verify checksum for clash95.exe
001b09ee device=00672144
SURFDUMP_BYPASS_KEYBOARD_ACQUIRE hwnd=001b09ee device=0067e9fc
ModLoad: 76fb0000 77036000   C:\WINDOWS\SysWOW64\clbcatq.dll
ModLoad: 69ae0000 69b8d000   C:\Windows\SysWOW64\InputSwitch.dll
ModLoad: 69970000 69ad8000   C:\Windows\SysWOW64\DUI70.dll
ModLoad: 72350000 72579000   C:\WINDOWS\WinSxS\x86_microsoft.windows.common-controls_6595b64144ccf1df_6.0.26100.8521_none_85b5ee33f7b02cb9\Comctl32.dll
ModLoad: 762d0000 763a1000   C:\WINDOWS\SysWOW64\shcore.dll
ModLoad: 698e0000 69964000   C:\Windows\SysWOW64\DUser.dll
ModLoad: 69310000 698d5000   C:\WINDOWS\SysWOW64\windowsudk.shellcommon.dll
ModLoad: 6f780000 6f879000   C:\WINDOWS\SysWOW64\wintypes.dll
ModLoad: 03f60000 04059000   C:\WINDOWS\SysWOW64\wintypes.dll
ModLoad: 69110000 692fe000   C:\Windows\SysWOW64\twinapi.appcore.dll
ModLoad: 68fd0000 69103000   C:\Windows\SysWOW64\Windows.UI.Core.TextInput.dll
ModLoad: 68d30000 68fc3000   C:\WINDOWS\SysWOW64\CoreUIComponents.dll
(106c.30bc): C++ EH exception - code e06d7363 (first chance)
(106c.30bc): C++ EH exception - code e06d7363 (first chance)
(106c.30bc): C++ EH exception - code e06d7363 (first chance)
(106c.30bc): C++ EH exception - code e06d7363 (first chance)
ModLoad: 68ce0000 68d2c000   C:\Windows\SysWOW64\Bcp47Langs.dll
pcshell\shell\inputswitch\switch\ctfhandler.cpp(2651)\InputSwitch.dll!69AF82F5: (caller: 69AF51AF) LogHr(1) tid(30bc) 80004005 Unspecified error
    CallContext:[\Startup] 
ModLoad: 6d7e0000 6d812000   C:\WINDOWS\SysWOW64\xmllite.dll
ModLoad: 68ac0000 68cd3000   C:\WINDOWS\SysWOW64\dwrite.dll
ModLoad: 73a10000 74108000   C:\WINDOWS\SysWOW64\Windows.Storage.dll
ModLoad: 68a70000 68ab3000   C:\WINDOWS\SysWOW64\UIAnimation.dll
ModLoad: 68870000 68a61000   C:\Windows\SysWOW64\d3d11.dll
ModLoad: 68760000 68867000   C:\Windows\SysWOW64\dxgi.dll
ModLoad: 68090000 68756000   C:\WINDOWS\SysWOW64\D3D10Warp.dll
ModLoad: 68050000 68086000   C:\WINDOWS\SysWOW64\dxcore.dll
ModLoad: 68030000 68040000   C:\WINDOWS\SysWOW64\resourcepolicyclient.dll
ModLoad: 67ff0000 6803e000   C:\WINDOWS\SysWOW64\directxdatabasehelper.dll
ModLoad: 67e60000 67fea000   C:\WINDOWS\SysWOW64\dcomp.dll
ModLoad: 67e40000 67e52000   C:\WINDOWS\SysWOW64\Microsoft.Internal.WarpPal.dll
ModLoad: 6df50000 6dff5000   C:\WINDOWS\SysWOW64\TextShaping.dll
ModLoad: 69b00000 69b85000   C:\WINDOWS\SysWOW64\MMDevApi.dll
ModLoad: 69a50000 69afd000   C:\Windows\SysWOW64\InputSwitch.dll
ModLoad: 698e0000 69a48000   C:\Windows\SysWOW64\DUI70.dll
ModLoad: 689e0000 68a64000   C:\Windows\SysWOW64\DUser.dll
ModLoad: 68860000 689ce000   C:\WINDOWS\SysWOW64\AUDIOSES.DLL
ModLoad: 68d10000 68d20000   C:\WINDOWS\SysWOW64\resourcepolicyclient.dll
ModLoad: 68810000 6885c000   C:\Windows\SysWOW64\Bcp47Langs.dll
pcshell\shell\inputswitch\switch\ctfhandler.cpp(2651)\InputSwitch.dll!69A682F5: (caller: 69A651AF) LogHr(1) tid(8dc) 80004005 Unspecified error
    CallContext:[\Startup] 
ModLoad: 6d7e0000 6d812000   C:\WINDOWS\SysWOW64\xmllite.dll
ModLoad: 68610000 68801000   C:\Windows\SysWOW64\d3d11.dll
ModLoad: 68500000 68607000   C:\Windows\SysWOW64\dxgi.dll
ModLoad: 67980000 68046000   C:\WINDOWS\SysWOW64\D3D10Warp.dll
ModLoad: 684a0000 684ee000   C:\WINDOWS\SysWOW64\directxdatabasehelper.dll
ModLoad: 68310000 6849a000   C:\WINDOWS\SysWOW64\dcomp.dll
ModLoad: 68cf0000 68d02000   C:\WINDOWS\SysWOW64\Microsoft.Internal.WarpPal.dll
ModLoad: 681f0000 68302000   C:\Windows\SysWOW64\Windows.UI.dll
ModLoad: 68ce0000 68ce9000   C:\WINDOWS\SysWOW64\avrt.dll
SURFDUMP_SKIP_AVI_SLEEP call=0046e6df next=0046e6e6
SURFDUMP_SKIP_AVI_SLEEP call=0046e6df next=0046e6e6
SURFDUMP_SKIP_AVI_SLEEP call=0046e6df next=0046e6e6
SURFDUMP_SKIP_AVI_SLEEP call=0046e6df next=0046e6e6
SURFDUMP_SKIP_AVI_SLEEP call=0046e6df next=0046e6e6
SURFDUMP_SKIP_AVI_SLEEP call=0046e6df next=0046e6e6
SURFDUMP_SKIP_AVI_SLEEP call=0046e6df next=0046e6e6
SURFDUMP_SKIP_AVI_SLEEP call=0046e6df next=0046e6e6
SURFDUMP_SKIP_START_SLEEP ret=004478a1
SURFDUMP_MAIN_HIT seq=0 choice=0 entry=0x000efa28 ex=239 ey=196 mouse=(300,218)
SURFDUMP_FORCE_MAIN_CLICK seq=0 desc=0x000efa28 mouse=(300,218)
SURFDUMP_FORCE_MAIN_CLICK seq=1 desc=0x000efa28 mouse=(300,218)
SURFDUMP_SKIP_MAIN_LOAD_CALLBACK ret=00419c60 choice_before=0 exit_before=0 mouse=(300,218)
SURFDUMP_LOAD_COORD seq=0 choice=5 entry=0x000efa5d ex=232 ey=228 mouse=(320,166) selected=0 accept=0
SURFDUMP_LOAD_COORD seq=1 choice=5 entry=0x000efa5d ex=232 ey=228 mouse=(320,166) selected=0 accept=0
SURFDUMP_LOAD_COORD seq=2 choice=5 entry=0x000efa92 ex=265 ey=264 mouse=(320,166) selected=0 accept=0
SURFDUMP_LOAD_COORD seq=3 choice=5 entry=0x000efa92 ex=265 ey=264 mouse=(320,166) selected=0 accept=0
SURFDUMP_LOAD_COORD seq=4 choice=5 entry=0x000efa92 ex=265 ey=264 mouse=(320,166) selected=0 accept=0
SURFDUMP_LOAD_COORD seq=5 choice=5 entry=0x000efac7 ex=437 ey=196 mouse=(320,166) selected=0 accept=0
SURFDUMP_LOAD_COORD seq=6 choice=5 entry=0x000efafc ex=424 ey=228 mouse=(320,166) selected=0 accept=0
SURFDUMP_LOAD_COORD seq=7 choice=5 entry=0x000efb31 ex=468 ey=264 mouse=(320,166) selected=0 accept=0
SURFDUMP_LOAD_MENU_ENTRY choice=5 exit=1 selected=0 accept=0 mouse=(320,166)
SURFDUMP_LOAD_MENU_LOOP seq=0 exit=0 selected=-1 accept=0 mouse=(320,166) lbtn=0x80
SURFDUMP_LOAD_MENU_LOOP seq=1 exit=0 selected=-1 accept=0 mouse=(320,166) lbtn=0x80
SURFDUMP_LOAD_MENU_LOOP seq=2 exit=0 selected=-1 accept=0 mouse=(320,166) lbtn=0x80
SURFDUMP_FORCE_LOAD_SELECT seq=0 mouse=(320,166) selected=-1 accept=0
SURFDUMP_FORCE_LOAD_ACCEPT seq=0 selected=0 accept=0 mouse=(320,166)
SURFDUMP_LOAD_ACCEPT_CALL arg=0 selected=0 accept_before=0 mouse=(320,166)
SURFDUMP_LOAD_ACCEPT_CALL arg=0 selected=0 accept_before=0 mouse=(320,166)
SURFDUMP_LOAD_ACCEPT_CALL arg=0 selected=0 accept_before=0 mouse=(320,166)
SURFDUMP_LOAD_COORD seq=8 choice=5 entry=0x000efca8 ex=329 ey=452 mouse=(320,166) selected=0 accept=1
SURFDUMP_LOAD_COORD seq=9 choice=5 entry=0x000efca8 ex=329 ey=452 mouse=(320,166) selected=0 accept=1
SURFDUMP_LOAD_COORD seq=10 choice=5 entry=0x000efca8 ex=329 ey=452 mouse=(320,166) selected=0 accept=1
SURFDUMP_LOAD_COORD seq=11 choice=5 entry=0x000efcdd ex=409 ey=468 mouse=(320,166) selected=0 accept=1
SURFDUMP_LOADSAVE selected_arg=0 selected_global=0 accept=1 choice=5 gd=04340030
SURFDUMP_PLAYGAME gd=04340030 map=(100,100) scroll=(11,17) surface=0413ced0 size=(640,480)
NOWNER_HEADER gd=04340030 player=0 scroll=(11,17) surface=0a58f370 size=(800,600) SURFDUMP_REDRAW seq=0 scroll=(11,17) end12=(23,26) map=(100,100) surface=0a58f370 size=(800,600)
NOWNER_FORCE_MAP_CASTLE_CLICK screen=(224,224) expected_map=(14,20) raw=(00003800,00003800) NOWNER_MAP_TILE map=(14,20) mouse=(224,224) selected=-1 current=0 NOWNER_REARM_MAP_COMMIT map=(14,20) mouse=(20,224) NOWNER_BUILDING_TILE map=(14,20) tile=32768 index=0 owner=0 mode=2 active=0 flags=0x0b NOWNER_CASTLE_OVERVIEW_ENTRY ret=0041ed6f castle_index=0 main_surface=0a58f370 size=(800,600) NOWNER_CASTLE_OVERVIEW_POST_DRAW overview_surface=0a8bb9f8 size=(640,480) owner_screen=043bc71a NOWNER_CASTLE_HITMAP_SAMPLE surface=0a8bb9f8 size=(640,480) base=0a940030 displayed=(231,366) displayed_sample=0x0c native=(151,306) native_sample=0xfe bbox_min=(77,306) bbox_min_sample=0xfe bbox_max=(237,426) bbox_max_sample=0x35 expected_raw=254 NOWNER_CASTLE_CMD99_TARGET native=(151,306) displayed_hint=(231,366) raw=(000025c0,00004c80) NOWNER_CASTLE_HIT raw_hit=254 adjusted=6 expected_raw=254 NOWNER_CASTLE_DESCRIPTOR command=99 callback=00433c20 owner_screen=043bc71a NOWNER_CASTLE_CMD99_GATE gate_before=1 forced_gate=1 NOWNER_CASTLE_CALLBACK callback=00433c20 eax_arg=043bc71a command=99 NOWNER_433C20_ENTRY ret=0042262e owner_arg=043bc71a owner_flag=0x0b d532150_before=00000000 surface=0a58f370 size=(800,600) NOWNER_OWNER_FLAG_TEST owner=043bc71a owner_flag=0x0b bit2=2 bit1=1 bit8=8 NOWNER_WRITE_532154 continue_full ret=00422020 d532150=043bc71a d53214c=00000001 d532154=0a2a6130 owner_flag=0x0b NOWNER_OWNER_SCREEN_DESC_DRAW list=00514fc0 d0=(39,426 cb=004338c0) d1=(155,426 cb=004338e0) d2=(272,426 cb=00433a40) surface=0a58f370 size=(800,600) RBUI_VIEWPORT_SWITCH ret=00433e6d eax=00544cd8 NOWNER_FORCE_OWNER_DESC_CLICK native=(180,440) raw=(00002d00,00006e00) d1=(155,426 cb=004338e0) owner=043bc71a owner_flag=0x0b RBUI_DESC_SWITCH ret=00433ee1 eax=00514fc0 selected=0 NOWNER_HITTEST_ENTRY count=1 desc=00514fc0 xy=(39,426) flags=0x01 hit=004338c0 mouse=(180,440) click=00000001 button0=0x80 NOWNER_HITTEST_ENTRY count=2 desc=00514ff5 xy=(155,426) flags=0x01 hit=004338e0 mouse=(180,440) click=00000001 button0=0x80 NOWNER_DESCRIPTOR_CALLBACK desc=00514ff5 xy=(155,426) flags=0x01 callback=004338e0 mouse=(180,440) NOWNER_RENDER_BEGIN_LATE_ARMED
NOWNER_4338E0_ENTRY ret=00419c60 eax_desc=00514ff5 owner=043bc71a owner_flag=0x0b d532218=00000000 d5322c8=0 d544d10=00000001 d544d04=00000001 button0=0x80 raw=(00002d00,00006e00) d543d78=00000001 d543d7c=00000005 surface=0a58f370 size=(800,600) NOWNER_RELEASE_OWNER_DESC_CLICK before_d544d04=00000001 before_button0=0x80 after_d544d04=00000000 after_button0=0x00 raw=(00002d00,00006e00) d543d78=00000001 d543d7c=00000005 reason=post_4338e0_entry NOWNER_419ED0_ENTRY desc=00514ff5 ret=004338e6 state=1 sound=004efd67 NOWNER_419ED0_SOUND_PREP desc=00514ff5 sound=004efd67 ret=004338e6 NOWNER_419ED0_SOUND_RETURN desc=00514ff5 ret=004338e6 eax=004efd67 NOWNER_419ED0_STATE6_READY desc=00514ff5 ret=004338e6 state=1 d544cd8=00544cd8 NOWNER_419ED0_RENDER_BEGIN desc=00514ff5 ret=004338e6 d544d10=00000001 d544d04=00000000 button0=0x00 raw=(00002d00,00006e00) d543d78=00000001 d543d7c=00000005 render=00000001 NOWNER_RENDER_BEGIN_ENTRY ret=00419efa render=00544cd8 callback=00000000 d544d10=00000001 d544d04=00000000 button0=0x00 raw=(00002d00,00006e00) d543d78=00000001 d543d7c=00000005 surface=0a58f370 size=(800,600) NOWNER_RENDER_BEGIN_LOOP iter=1 render=00544cd8 callback=00000000 d544d10=00000001 d544d04=00000000 button0=0x00 raw=(00002d00,00006e00) d543d78=00000001 d543d7c=00000005 NOWNER_RENDER_BEGIN_FLIP_RESULT iter=1 eax=00000000 render=00544cd8 callback=00000000 d544d10=00000001 d544d04=00000000 button0=0x00 raw=(00002d00,00006e00) d543d78=00000001 d543d7c=00000005 NOWNER_RENDER_BEGIN_LOST_RESULT iter=1 eax=00000000 render=00544cd8 callback=00000000 d544d10=00000001 d544d04=00000000 button0=0x00 raw=(00002d00,00006e00) d543d78=00000001 d543d7c=00000005 NOWNER_RENDER_BEGIN_EXIT ret=00419efa render=00544cd8 callback=00000000 d544d10=00000001 d544d04=00000000 button0=0x00 raw=(00002d00,00006e00) d543d78=00000001 d543d7c=00000005 iter=1 NOWNER_419ED0_RENDER_BEGIN_RETURN desc=00514ff5 ret=004338e6 eax=00000000 d544d10=00000001 d544d04=00000000 button0=0x00 d543d78=00000001 d543d7c=00000005 NOWNER_419ED0_STATE5_DONE desc=00514ff5 ret=004338e6 state=5 eax=00000001 NOWNER_4338E0_AFTER_SELECT owner=043bc71a owner_flag=0x0b d532218=00000000 d5322c8=0 eax=00000001 NOWNER_4338E0_AFTER_GATE owner=043bc71a owner_flag=0x0b d544d10=00000001 surface=0a58f370 size=(800,600) NOWNER_4338E0_RESOURCE_SETUP ret=000001dc eax=0051d4c0 edx=00000014 d544d10=00000001 owner=043bc71a owner_flag=0x0b NOWNER_4338E0_PRE_PUMP ret=000001dc render=00000000 d544d10=00000001 surface=0a58f370 size=(800,600) NOWNER_4338E0_PUMP_ENTRY ret=0043390f render=00544cd8 d544d10=00000001 surface=0a58f370 size=(800,600) NOWNER_4338E0_PUMP_RETURN ret=0043390f d544d10=00000000 surface=0a58f370 size=(800,600) NOWNER_4338E0_POST_PUMP ret=000001dc owner=043bc71a owner_flag=0x0b d544d10=00000000 surface=0a58f370 size=(800,600) NOWNER_ACTION_CALL_WRAPPER ret=000001dc owner_arg=043bc71a owner_global=043bc71a owner_flag=0x0b d532218=00000000 d5322c8=0 surface=0a58f370 size=(800,600) NOWNER_ACTION_CALL_WRAPPER ret=000001dc owner_arg=043bc71a owner_global=043bc71a owner_flag=0x0b d532218=00000000 d5322c8=0 surface=0a58f370 size=(800,600) NOWNER_WRAPPER_ENTRY ret=00433919 owner_arg=043bc71a d532218=00000000 d5322c8=0 surface=0a58f370 size=(800,600) raw=(00002d00,00006e00) d544d04=00000000 button0=0x00 NOWNER_WRAPPER_ENTRY ret=00433919 owner_arg=043bc71a d532218=00000000 d5322c8=0 surface=0a58f370 size=(800,600) raw=(00002d00,00006e00) d544d04=00000000 button0=0x00 NOWNER_WRAPPER_ALLOC_RESULT alloc=0a2a9880 saved_surface=0a58f370 current_surface=0a58f370 NOWNER_WRAPPER_TEMP_SURFACE temp_surface=0a2a9880 saved_surface=0a58f370 current_surface=0a2a9880 size=(640,480) NOWNER_WRAPPER_CALL_STOCK_435BC0 owner_arg=043bc71a saved_surface=0a58f370 temp_surface=0a2a9880 current_surface=0a2a9880 d532218=00000000 d5322c8=0 NOWNER_OWNER_435BC0_ENTRY ret=0051b837 owner_arg=043bc71a d532218_before=00000000 d5322c8_before=0 surface=0a2a9880 size=(640,480) mouse=(180,440) NOWNER_435BC0_WRITE_532218 ret=00000000 new=043bc71a selected_index=0 hover_slot=0 surface=0a2a9880 size=(640,480) NOWNER_435BC0_WRITE_5322C8 ret=00000000 new=-1 d532218=043bc71a selected_index=0 surface=0a2a9880 size=(640,480) NOWNER_435BC0_ALLOC_RESULT eax=03aab038 d532218=043bc71a d532214=00000001 d53221c=00000000 surface=0a2a9880 size=(640,480) NOWNER_435BC0_MODEL_CHECK model=00000001 d53221c=03aab038 d532218=043bc71a d5322c8=-1 RBUI_VIEWPORT_SWITCH ret=00435d6c eax=00544cd8 RBUI_PANEL_DRAW ret=00435d84 owner=043bc71a selected=-1 NOWNER_435BC0_PANEL_DRAW ret=00435d84 owner=043bc71a selected_index=0 hover_slot=-1 render=0a2a9880 map_surface=0a2a9880 size=(640,480) RBUI_GRID_DRAW ret=00435172 owner=043bc71a selected=-1 NOWNER_435BC0_GRID_DRAW ret=00435172 owner=043bc71a selected_index=0 hover_slot=-1 render=0a2a9880 map_surface=0a2a9880 size=(640,480) RBUI_STATUS_DRAW ret=00435d8e owner=043bc71a selected=-1 NOWNER_435BC0_STATUS_DRAW ret=00435d8e owner=043bc71a selected_index=0 hover_slot=-1 mouse=(180,440) render=0a2a9880 map_surface=0a2a9880 RBUI_ACTION_BOX ret=00435d93 owner=043bc71a selected=-1 NOWNER_435BC0_ACTION_BOX ret=00435d93 owner=043bc71a selected_index=0 hover_slot=-1 mouse=(180,440) render=0051d4c0 map_surface=0a2a9880 NOWNER_435BC0_LOOP_HEAD iter=1 ebx=0 d532210=0 d532218=043bc71a d5322c8=-1 surface=0a2a9880 size=(640,480) raw=(00002d00,00006e00) d544d04=00000000 button0=0x00 NOWNER_435BC0_LOOP_PUMP_CALL iter=1 ebx=0 d532210=0 render=00544cd8 surface=0a2a9880 size=(640,480) raw=(00002d00,00006e00) d544d04=00000000 button0=0x00 NOWNER_435BC0_PUMP_ENTRY iter=1 ret=00435dde render=00544cd8 edx=00000000 d544d10=00000001 d544d04=00000000 button0=0x00 raw=(00002d00,00006e00) d543d78=00000001 d543d7c=00000005 surface=0a2a9880 size=(640,480) NOWNER_435BC0_PUMP_ENTRY iter=1 ret=00435dde render=00544cd8 edx=00000000 d544d10=00000001 d544d04=00000000 button0=0x00 raw=(00002d00,00006e00) d543d78=00000001 d543d7c=00000005 surface=0a2a9880 size=(640,480) NOWNER_435BC0_PUMP_MSG_CALL iter=1 ret=00435dde render=00544cd8 d544d10=00000001 d544d04=00000000 button0=0x00 raw=(00002d00,00006e00) d543d78=00000001 d543d7c=00000005 NOWNER_435BC0_PUMP_MSG_RETURN iter=1 ret=00435dde eax=00000001 render=00544cd8 d544d10=00000001 d544d04=00000000 button0=0x00 raw=(00002d00,00006e00) d543d78=00000001 d543d7c=00000005 NOWNER_435BC0_PUMP_TICK_RETURN iter=1 ret=00435dde eax=0010f8ec render=00544cd8 d544d10=00000001 d544d04=00000000 button0=0x00 raw=(00002d00,00006e00) d543d78=00000001 d543d7c=00000005 NOWNER_435BC0_PUMP_CB14_CALL iter=1 ret=00435dde vtable=0050f204 cb14=004612e0 render=00544cd8 raw=(00002d00,00006e00) d544d04=00000000 button0=0x00 NOWNER_435BC0_PUMP_608F0B_CALL iter=1 ret=00435dde render=00544cd8 raw=(00000100,00006e00) d544d04=00000000 button0=0x6d NOWNER_435BC0_PUMP_608F0B_RETURN iter=1 ret=00435dde eax=00000000 render=00544cd8 raw=(00000100,00006e00) d544d04=00000000 button0=0x6d NOWNER_435BC0_PUMP_CB04_CALL iter=1 ret=00435dde vtable=0050f204 cb04=004611a0 render=00544cd8 raw=(00000100,00006e00) d544d04=00000000 button0=0x6d NOWNER_435BC0_PUMP_CB04_RETURN iter=1 ret=00435dde eax=00544cd8 render=00544cd8 raw=(00000100,00006e00) d544d04=00000000 button0=0x6d NOWNER_435BC0_LOOP_DRAW_CALL iter=1 ebx=0 d532210=0 d532218=043bc71a d5322c8=-1 surface=0a2a9880 size=(640,480) raw=(00000100,00006e00) d544d04=00000000 button0=0x6d NOWNER_435BC0_POLL count=1 d532210=0 d532218=043bc71a d532220=0 d5322c8=-1 mouse=(4,440) raw=(00000100,00006e00) d544d04=00000000 button0=0x6d surface=0a2a9880 size=(640,480) RBUI_GRID_DRAW ret=00435274 owner=043bc71a selected=-1 NOWNER_435BC0_GRID_DRAW ret=00435274 owner=043bc71a selected_index=0 hover_slot=-1 render=0051d4c0 map_surface=0a2a9880 size=(640,480) NOWNER_435BC0_LOOP_DRAW_RETURN iter=1 ebx=0 d532210=0 d532218=043bc71a d5322c8=-1 surface=0a2a9880 size=(640,480) RBUI_DESC_SWITCH ret=005131ee eax=00515130 selected=-1 NOWNER_435BC0_LOOP_HIT_RESULT iter=1 eax=00000000 ebx=0 d532210=0 d532218=043bc71a d5322c8=-1 NOWNER_435BC0_NO_HIT_UPDATE iter=1 ebx=0 d532210=0 d532218=043bc71a d5322c8=-1 NOWNER_435BC0_GRID_ROUTE_ENTRY selected_index=0 hover_slot=-1 mouse=(4,440) raw=(00000100,00006e00) NOWNER_435BC0_GRID_GATE raw_result=0 mouse=(4,440) raw=(00000100,00006e00) NOWNER_435BC0_LOOP_COMPARE iter=1 ebx=0 d532210=0 d532218=043bc71a d5322c8=-1 NOWNER_435BC0_LOOP_HEAD iter=2 ebx=0 d532210=0 d532218=043bc71a d5322c8=-1 surface=0a2a9880 size=(640,480) raw=(00000100,00006e00) d544d04=00000000 button0=0x6d NOWNER_435BC0_LOOP_PUMP_CALL iter=2 ebx=0 d532210=0 render=00544cd8 surface=0a2a9880 size=(640,480) raw=(00000100,00006e00) d544d04=00000000 button0=0x6d NOWNER_435BC0_PUMP_ENTRY iter=2 ret=00435dde render=00544cd8 edx=00000000 d544d10=00000001 d544d04=00000000 button0=0x6d raw=(00000100,00006e00) d543d78=00000001 d543d7c=00000005 surface=0a2a9880 size=(640,480) NOWNER_435BC0_PUMP_MSG_CALL iter=2 ret=00435dde render=00544cd8 d544d10=00000001 d544d04=00000000 button0=0x6d raw=(00000100,00006e00) d543d78=00000001 d543d7c=00000005 NOWNER_435BC0_PUMP_MSG_RETURN iter=2 ret=00435dde eax=00000001 render=00544cd8 d544d10=00000001 d544d04=00000000 button0=0x6d raw=(00000100,00006e00) d543d78=00000001 d543d7c=00000005 NOWNER_435BC0_PUMP_TICK_RETURN iter=2 ret=00435dde eax=0010f911 render=00544cd8 d544d10=00000001 d544d04=00000000 button0=0x6d raw=(00000100,00006e00) d543d78=00000001 d543d7c=00000005 NOWNER_435BC0_PUMP_CB14_CALL iter=2 ret=00435dde vtable=0050f204 cb14=004612e0 render=00544cd8 raw=(00000100,00006e00) d544d04=00000000 button0=0x6d NOWNER_435BC0_PUMP_608F0B_CALL iter=2 ret=00435dde render=00544cd8 raw=(00000100,00006e00) d544d04=00000003 button0=0xb7 NOWNER_435BC0_PUMP_608F0B_RETURN iter=2 ret=00435dde eax=00000001 render=00544cd8 raw=(00000100,00006e00) d544d04=00000003 button0=0xb7 NOWNER_435BC0_PUMP_CB04_CALL iter=2 ret=00435dde vtable=0050f204 cb04=004611a0 render=00544cd8 raw=(00000100,00006e00) d544d04=00000003 button0=0xb7 NOWNER_435BC0_PUMP_CB04_RETURN iter=2 ret=00435dde eax=00544cd8 render=00544cd8 raw=(00000100,00006e00) d544d04=00000003 button0=0xb7 NOWNER_435BC0_LOOP_DRAW_CALL iter=2 ebx=0 d532210=0 d532218=043bc71a d5322c8=-1 surface=0a2a9880 size=(640,480) raw=(00000100,00006e00) d544d04=00000003 button0=0xb7 NOWNER_435BC0_POLL count=2 d532210=0 d532218=043bc71a d532220=0 d5322c8=-1 mouse=(4,440) raw=(00000100,00006e00) d544d04=00000003 button0=0xb7 surface=0a2a9880 size=(640,480) RBUI_GRID_DRAW ret=00435274 owner=043bc71a selected=-1 NOWNER_435BC0_GRID_DRAW ret=00435274 owner=043bc71a selected_index=0 hover_slot=-1 render=0051d4c0 map_surface=0a2a9880 size=(640,480) NOWNER_435BC0_LOOP_DRAW_RETURN iter=2 ebx=0 d532210=0 d532218=043bc71a d5322c8=-1 surface=0a2a9880 size=(640,480) RBUI_DESC_SWITCH ret=005131ee eax=00515130 selected=-1 NOWNER_435BC0_LOOP_HIT_RESULT iter=2 eax=00000000 ebx=0 d532210=0 d532218=043bc71a d5322c8=-1 NOWNER_435BC0_NO_HIT_UPDATE iter=2 ebx=0 d532210=0 d532218=043bc71a d5322c8=-1 NOWNER_435BC0_GRID_ROUTE_ENTRY selected_index=0 hover_slot=-1 mouse=(4,440) raw=(00000100,00006e00) NOWNER_435BC0_GRID_GATE raw_result=1 mouse=(4,440) raw=(00000100,00006e00) NOWNER_435BC0_GRID_CALL mouse=(4,440) raw=(00000100,00006e00) NOWNER_435BC0_GRID_ENTRY mouse=(-76,380) raw=(ffffed00,00005f00) shift=6 selected_index=0 hover_slot=-1 NOWNER_435BC0_GRID_FAIL result=-1 mouse=(-76,380) selected_index=0 hover_slot=-1 NOWNER_435BC0_LOOP_COMPARE iter=2 ebx=0 d532210=0 d532218=043bc71a d5322c8=-1 NOWNER_435BC0_LOOP_HEAD iter=3 ebx=0 d532210=0 d532218=043bc71a d5322c8=-1 surface=0a2a9880 size=(640,480) raw=(00000100,00006e00) d544d04=00000003 button0=0xb7 NOWNER_435BC0_LOOP_PUMP_CALL iter=3 ebx=0 d532210=0 render=00544cd8 surface=0a2a9880 size=(640,480) raw=(00000100,00006e00) d544d04=00000003 button0=0xb7 NOWNER_435BC0_PUMP_ENTRY iter=3 ret=00435dde render=00544cd8 edx=00000000 d544d10=00000001 d544d04=00000003 button0=0xb7 raw=(00000100,00006e00) d543d78=00000001 d543d7c=00000005 surface=0a2a9880 size=(640,480) NOWNER_435BC0_PUMP_MSG_CALL iter=3 ret=00435dde render=00544cd8 d544d10=00000001 d544d04=00000003 button0=0xb7 raw=(00000100,00006e00) d543d78=00000001 d543d7c=00000005 NOWNER_435BC0_PUMP_MSG_RETURN iter=3 ret=00435dde eax=00000001 render=00544cd8 d544d10=00000001 d544d04=00000003 button0=0xb7 raw=(00000100,00006e00) d543d78=00000001 d543d7c=00000005 NOWNER_435BC0_PUMP_TICK_RETURN iter=3 ret=00435dde eax=0010f938 render=00544cd8 d544d10=00000001 d544d04=00000003 button0=0xb7 raw=(00000100,00006e00) d543d78=00000001 d543d7c=00000005 NOWNER_435BC0_PUMP_CB14_CALL iter=3 ret=00435dde vtable=0050f204 cb14=004612e0 render=00544cd8 raw=(00000100,00006e00) d544d04=00000003 button0=0xb7 NOWNER_435BC0_PUMP_608F0A_CALL iter=3 ret=00435dde render=00544cd8 raw=(00000100,00006e00) d544d04=00000001 button0=0xda NOWNER_435BC0_PUMP_608F0A_RETURN iter=3 ret=00435dde eax=00000001 render=00544cd8 raw=(00000100,00006e00) d544d04=00000001 button0=0xda NOWNER_435BC0_PUMP_608F0B_CALL iter=3 ret=00435dde render=00544cd8 raw=(00000100,00006e00) d544d04=00000001 button0=0xda NOWNER_435BC0_PUMP_608F0B_RETURN iter=3 ret=00435dde eax=00000001 render=00544cd8 raw=(00000100,00006e00) d544d04=00000001 button0=0xda NOWNER_435BC0_PUMP_CB04_CALL iter=3 ret=00435dde vtable=0050f204 cb04=004611a0 render=00544cd8 raw=(00000100,00006e00) d544d04=00000001 button0=0xda NOWNER_435BC0_PUMP_CB04_RETURN iter=3 ret=00435dde eax=00544cd8 render=00544cd8 raw=(00000100,00006e00) d544d04=00000001 button0=0xda NOWNER_435BC0_LOOP_DRAW_CALL iter=3 ebx=0 d532210=0 d532218=043bc71a d5322c8=-1 surface=0a2a9880 size=(640,480) raw=(00000100,00006e00) d544d04=00000001 button0=0xda NOWNER_435BC0_POLL count=3 d532210=0 d532218=043bc71a d532220=0 d5322c8=-1 mouse=(4,440) raw=(00000100,00006e00) d544d04=00000001 button0=0xda surface=0a2a9880 size=(640,480) RBUI_GRID_DRAW ret=00435274 owner=043bc71a selected=-1 NOWNER_435BC0_GRID_DRAW ret=00435274 owner=043bc71a selected_index=0 hover_slot=-1 render=0051d4c0 map_surface=0a2a9880 size=(640,480) NOWNER_435BC0_LOOP_DRAW_RETURN iter=3 ebx=0 d532210=0 d532218=043bc71a d5322c8=-1 surface=0a2a9880 size=(640,480) RBUI_DESC_SWITCH ret=005131ee eax=00515130 selected=-1 NOWNER_435BC0_LOOP_HIT_RESULT iter=3 eax=00000000 ebx=0 d532210=0 d532218=043bc71a d5322c8=-1 NOWNER_435BC0_NO_HIT_UPDATE iter=3 ebx=0 d532210=0 d532218=043bc71a d5322c8=-1 NOWNER_435BC0_GRID_ROUTE_ENTRY selected_index=0 hover_slot=-1 mouse=(4,440) raw=(00000100,00006e00) NOWNER_435BC0_GRID_GATE raw_result=1 mouse=(4,440) raw=(00000100,00006e00) NOWNER_435BC0_GRID_CALL mouse=(4,440) raw=(00000100,00006e00) NOWNER_435BC0_GRID_ENTRY mouse=(-76,380) raw=(ffffed00,00005f00) shift=6 selected_index=0 hover_slot=-1 NOWNER_435BC0_GRID_FAIL result=-1 mouse=(-76,380) selected_index=0 hover_slot=-1 NOWNER_435BC0_LOOP_COMPARE iter=3 ebx=0 d532210=0 d532218=043bc71a d5322c8=-1 NOWNER_435BC0_LOOP_HEAD iter=4 ebx=0 d532210=0 d532218=043bc71a d5322c8=-1 surface=0a2a9880 size=(640,480) raw=(00000100,00006e00) d544d04=00000001 button0=0xda NOWNER_435BC0_LOOP_PUMP_CALL iter=4 ebx=0 d532210=0 render=00544cd8 surface=0a2a9880 size=(640,480) raw=(00000100,00006e00) d544d04=00000001 button0=0xda NOWNER_435BC0_PUMP_ENTRY iter=4 ret=00435dde render=00544cd8 edx=00000000 d544d10=00000001 d544d04=00000001 button0=0xda raw=(00000100,00006e00) d543d78=00000001 d543d7c=00000005 surface=0a2a9880 size=(640,480) NOWNER_435BC0_PUMP_MSG_CALL iter=4 ret=00435dde render=00544cd8 d544d10=00000001 d544d04=00000001 button0=0xda raw=(00000100,00006e00) d543d78=00000001 d543d7c=00000005 NOWNER_435BC0_PUMP_MSG_RETURN iter=4 ret=00435dde eax=00000001 render=00544cd8 d544d10=00000001 d544d04=00000001 button0=0xda raw=(00000100,00006e00) d543d78=00000001 d543d7c=00000005 NOWNER_435BC0_PUMP_TICK_RETURN iter=4 ret=00435dde eax=0010f960 render=00544cd8 d544d10=00000001 d544d04=00000001 button0=0xda raw=(00000100,00006e00) d543d78=00000001 d543d7c=00000005 NOWNER_435BC0_PUMP_CB14_CALL iter=4 ret=00435dde vtable=0050f204 cb14=004612e0 render=00544cd8 raw=(00000100,00006e00) d544d04=00000001 button0=0xda NOWNER_435BC0_PUMP_608F0A_CALL iter=4 ret=00435dde render=00544cd8 raw=(00000100,00006e00) d544d04=00000003 button0=0xcb NOWNER_435BC0_PUMP_608F0A_RETURN iter=4 ret=00435dde eax=00000001 render=00544cd8 raw=(00000100,00006e00) d544d04=00000003 button0=0xcb NOWNER_435BC0_PUMP_608F0B_CALL iter=4 ret=00435dde render=00544cd8 raw=(00000100,00006e00) d544d04=00000003 button0=0xcb NOWNER_435BC0_PUMP_608F0B_RETURN iter=4 ret=00435dde eax=00000001 render=00544cd8 raw=(00000100,00006e00) d544d04=00000003 button0=0xcb NOWNER_435BC0_PUMP_CB04_CALL iter=4 ret=00435dde vtable=0050f204 cb04=004611a0 render=00544cd8 raw=(00000100,00006e00) d544d04=00000003 button0=0xcb NOWNER_435BC0_PUMP_CB04_RETURN iter=4 ret=00435dde eax=00544cd8 render=00544cd8 raw=(00000100,00006e00) d544d04=00000003 button0=0xcb NOWNER_435BC0_LOOP_DRAW_CALL iter=4 ebx=0 d532210=0 d532218=043bc71a d5322c8=-1 surface=0a2a9880 size=(640,480) raw=(00000100,00006e00) d544d04=00000003 button0=0xcb NOWNER_435BC0_POLL count=4 d532210=0 d532218=043bc71a d532220=0 d5322c8=-1 mouse=(4,440) raw=(00000100,00006e00) d544d04=00000003 button0=0xcb surface=0a2a9880 size=(640,480) RBUI_GRID_DRAW ret=00435274 owner=043bc71a selected=-1 NOWNER_435BC0_GRID_DRAW ret=00435274 owner=043bc71a selected_index=0 hover_slot=-1 render=0051d4c0 map_surface=0a2a9880 size=(640,480) NOWNER_435BC0_LOOP_DRAW_RETURN iter=4 ebx=0 d532210=0 d532218=043bc71a d5322c8=-1 surface=0a2a9880 size=(640,480) RBUI_DESC_SWITCH ret=005131ee eax=00515130 selected=-1 NOWNER_435BC0_LOOP_HIT_RESULT iter=4 eax=00000000 ebx=0 d532210=0 d532218=043bc71a d5322c8=-1 NOWNER_435BC0_NO_HIT_UPDATE iter=4 ebx=0 d532210=0 d532218=043bc71a d5322c8=-1 NOWNER_435BC0_GRID_ROUTE_ENTRY selected_index=0 hover_slot=-1 mouse=(4,440) raw=(00000100,00006e00) NOWNER_435BC0_GRID_GATE raw_result=1 mouse=(4,440) raw=(00000100,00006e00) NOWNER_435BC0_GRID_CALL mouse=(4,440) raw=(00000100,00006e00) NOWNER_435BC0_GRID_ENTRY mouse=(-76,380) raw=(ffffed00,00005f00) shift=6 selected_index=0 hover_slot=-1 NOWNER_435BC0_GRID_FAIL result=-1 mouse=(-76,380) selected_index=0 hover_slot=-1 NOWNER_435BC0_LOOP_COMPARE iter=4 ebx=0 d532210=0 d532218=043bc71a d5322c8=-1 NOWNER_435BC0_LOOP_HEAD iter=5 ebx=0 d532210=0 d532218=043bc71a d5322c8=-1 surface=0a2a9880 size=(640,480) raw=(00000100,00006e00) d544d04=00000003 button0=0xcb NOWNER_435BC0_LOOP_PUMP_CALL iter=5 ebx=0 d532210=0 render=00544cd8 surface=0a2a9880 size=(640,480) raw=(00000100,00006e00) d544d04=00000003 button0=0xcb NOWNER_435BC0_PUMP_ENTRY iter=5 ret=00435dde render=00544cd8 edx=00000000 d544d10=00000001 d544d04=00000003 button0=0xcb raw=(00000100,00006e00) d543d78=00000001 d543d7c=00000005 surface=0a2a9880 size=(640,480) NOWNER_435BC0_PUMP_MSG_CALL iter=5 ret=00435dde render=00544cd8 d544d10=00000001 d544d04=00000003 button0=0xcb raw=(00000100,00006e00) d543d78=00000001 d543d7c=00000005 NOWNER_435BC0_PUMP_MSG_RETURN iter=5 ret=00435dde eax=00000001 render=00544cd8 d544d10=00000001 d544d04=00000003 button0=0xcb raw=(00000100,00006e00) d543d78=00000001 d543d7c=00000005 NOWNER_435BC0_PUMP_TICK_RETURN iter=5 ret=00435dde eax=0010f989 render=00544cd8 d544d10=00000001 d544d04=00000003 button0=0xcb raw=(00000100,00006e00) d543d78=00000001 d543d7c=00000005 NOWNER_435BC0_PUMP_CB14_CALL iter=5 ret=00435dde vtable=0050f204 cb14=004612e0 render=00544cd8 raw=(00000100,00006e00) d544d04=00000003 button0=0xcb NOWNER_435BC0_PUMP_608F0A_CALL iter=5 ret=00435dde render=00544cd8 raw=(00000100,00006e00) d544d04=00000002 button0=0x56 NOWNER_435BC0_PUMP_608F0A_RETURN iter=5 ret=00435dde eax=00000000 render=00544cd8 raw=(00000100,00006e00) d544d04=00000002 button0=0x56 NOWNER_435BC0_PUMP_608F0B_CALL iter=5 ret=00435dde render=00544cd8 raw=(00000100,00006e00) d544d04=00000002 button0=0x56 NOWNER_435BC0_PUMP_608F0B_RETURN iter=5 ret=00435dde eax=00000000 render=00544cd8 raw=(00000100,00006e00) d544d04=00000002 button0=0x56 NOWNER_435BC0_PUMP_CB04_CALL iter=5 ret=00435dde vtable=0050f204 cb04=004611a0 render=00544cd8 raw=(00000100,00006e00) d544d04=00000002 button0=0x56 NOWNER_435BC0_PUMP_CB04_RETURN iter=5 ret=00435dde eax=00544cd8 render=00544cd8 raw=(00000100,00006e00) d544d04=00000002 button0=0x56 NOWNER_435BC0_LOOP_DRAW_CALL iter=5 ebx=0 d532210=0 d532218=043bc71a d5322c8=-1 surface=0a2a9880 size=(640,480) raw=(00000100,00006e00) d544d04=00000002 button0=0x56 NOWNER_435BC0_POLL count=5 d532210=0 d532218=043bc71a d532220=0 d5322c8=-1 mouse=(4,440) raw=(00000100,00006e00) d544d04=00000002 button0=0x56 surface=0a2a9880 size=(640,480) RBUI_GRID_DRAW ret=00435274 owner=043bc71a selected=-1 NOWNER_435BC0_GRID_DRAW ret=00435274 owner=043bc71a selected_index=0 hover_slot=-1 render=0051d4c0 map_surface=0a2a9880 size=(640,480) NOWNER_435BC0_LOOP_DRAW_RETURN iter=5 ebx=0 d532210=0 d532218=043bc71a d5322c8=-1 surface=0a2a9880 size=(640,480) RBUI_DESC_SWITCH ret=005131ee eax=00515130 selected=-1 NOWNER_435BC0_LOOP_HIT_RESULT iter=5 eax=00000000 ebx=0 d532210=0 d532218=043bc71a d5322c8=-1 NOWNER_435BC0_NO_HIT_UPDATE iter=5 ebx=0 d532210=0 d532218=043bc71a d5322c8=-1 NOWNER_435BC0_GRID_ROUTE_ENTRY selected_index=0 hover_slot=-1 mouse=(4,440) raw=(00000100,00006e00) NOWNER_435BC0_GRID_GATE raw_result=0 mouse=(4,440) raw=(00000100,00006e00) NOWNER_435BC0_LOOP_COMPARE iter=5 ebx=0 d532210=0 d532218=043bc71a d5322c8=-1 NOWNER_435BC0_LOOP_HEAD iter=6 ebx=0 d532210=0 d532218=043bc71a d5322c8=-1 surface=0a2a9880 size=(640,480) raw=(00000100,00006e00) d544d04=00000002 button0=0x56 NOWNER_435BC0_LOOP_PUMP_CALL iter=6 ebx=0 d532210=0 render=00544cd8 surface=0a2a9880 size=(640,480) raw=(00000100,00006e00) d544d04=00000002 button0=0x56 NOWNER_435BC0_PUMP_ENTRY iter=6 ret=00435dde render=00544cd8 edx=00000000 d544d10=00000001 d544d04=00000002 button0=0x56 raw=(00000100,00006e00) d543d78=00000001 d543d7c=00000005 surface=0a2a9880 size=(640,480) NOWNER_435BC0_PUMP_MSG_CALL iter=6 ret=00435dde render=00544cd8 d544d10=00000001 d544d04=00000002 button0=0x56 raw=(00000100,00006e00) d543d78=00000001 d543d7c=00000005 NOWNER_435BC0_PUMP_MSG_RETURN iter=6 ret=00435dde eax=00000001 render=00544cd8 d544d10=00000001 d544d04=00000002 button0=0x56 raw=(00000100,00006e00) d543d78=00000001 d543d7c=00000005 NOWNER_435BC0_PUMP_TICK_RETURN iter=6 ret=00435dde eax=0010f9ae render=00544cd8 d544d10=00000001 d544d04=00000002 button0=0x56 raw=(00000100,00006e00) d543d78=00000001 d543d7c=00000005 NOWNER_435BC0_PUMP_CB14_CALL iter=6 ret=00435dde vtable=0050f204 cb14=004612e0 render=00544cd8 raw=(00000100,00006e00) d544d04=00000002 button0=0x56 NOWNER_435BC0_PUMP_608F0B_CALL iter=6 ret=00435dde render=00544cd8 raw=(00000100,00006e00) d544d04=00000001 button0=0x83 NOWNER_435BC0_PUMP_608F0B_RETURN iter=6 ret=00435dde eax=00000001 render=00544cd8 raw=(00000100,00006e00) d544d04=00000001 button0=0x83 NOWNER_435BC0_PUMP_CB04_CALL iter=6 ret=00435dde vtable=0050f204 cb04=004611a0 render=00544cd8 raw=(00000100,00006e00) d544d04=00000001 button0=0x83 NOWNER_435BC0_PUMP_CB04_RETURN iter=6 ret=00435dde eax=00544cd8 render=00544cd8 raw=(00000100,00006e00) d544d04=00000001 button0=0x83 NOWNER_435BC0_LOOP_DRAW_CALL iter=6 ebx=0 d532210=0 d532218=043bc71a d5322c8=-1 surface=0a2a9880 size=(640,480) raw=(00000100,00006e00) d544d04=00000001 button0=0x83 NOWNER_435BC0_POLL count=6 d532210=0 d532218=043bc71a d532220=0 d5322c8=-1 mouse=(4,440) raw=(00000100,00006e00) d544d04=00000001 button0=0x83 surface=0a2a9880 size=(640,480) RBUI_GRID_DRAW ret=00435274 owner=043bc71a selected=-1 NOWNER_435BC0_GRID_DRAW ret=00435274 owner=043bc71a selected_index=0 hover_slot=-1 render=0051d4c0 map_surface=0a2a9880 size=(640,480) NOWNER_435BC0_LOOP_DRAW_RETURN iter=6 ebx=0 d532210=0 d532218=043bc71a d5322c8=-1 surface=0a2a9880 size=(640,480) RBUI_DESC_SWITCH ret=005131ee eax=00515130 selected=-1 NOWNER_435BC0_LOOP_HIT_RESULT iter=6 eax=00000000 ebx=0 d532210=0 d532218=043bc71a d5322c8=-1 NOWNER_435BC0_NO_HIT_UPDATE iter=6 ebx=0 d532210=0 d532218=043bc71a d5322c8=-1 NOWNER_435BC0_GRID_ROUTE_ENTRY selected_index=0 hover_slot=-1 mouse=(4,440) raw=(00000100,00006e00) NOWNER_435BC0_GRID_GATE raw_result=1 mouse=(4,440) raw=(00000100,00006e00) NOWNER_435BC0_GRID_CALL mouse=(4,440) raw=(00000100,00006e00) NOWNER_435BC0_GRID_ENTRY mouse=(-76,380) raw=(ffffed00,00005f00) shift=6 selected_index=0 hover_slot=-1 NOWNER_435BC0_GRID_FAIL result=-1 mouse=(-76,380) selected_index=0 hover_slot=-1 NOWNER_435BC0_LOOP_COMPARE iter=6 ebx=0 d532210=0 d532218=043bc71a d5322c8=-1 NOWNER_435BC0_LOOP_HEAD iter=7 ebx=0 d532210=0 d532218=043bc71a d5322c8=-1 surface=0a2a9880 size=(640,480) raw=(00000100,00006e00) d544d04=00000001 button0=0x83 NOWNER_435BC0_LOOP_PUMP_CALL iter=7 ebx=0 d532210=0 render=00544cd8 surface=0a2a9880 size=(640,480) raw=(00000100,00006e00) d544d04=00000001 button0=0x83 NOWNER_435BC0_PUMP_ENTRY iter=7 ret=00435dde render=00544cd8 edx=00000000 d544d10=00000001 d544d04=00000001 button0=0x83 raw=(00000100,00006e00) d543d78=00000001 d543d7c=00000005 surface=0a2a9880 size=(640,480) NOWNER_435BC0_PUMP_MSG_CALL iter=7 ret=00435dde render=00544cd8 d544d10=00000001 d544d04=00000001 button0=0x83 raw=(00000100,00006e00) d543d78=00000001 d543d7c=00000005 NOWNER_435BC0_PUMP_MSG_RETURN iter=7 ret=00435dde eax=00000001 render=00544cd8 d544d10=00000001 d544d04=00000001 button0=0x83 raw=(00000100,00006e00) d543d78=00000001 d543d7c=00000005 NOWNER_435BC0_PUMP_TICK_RETURN iter=7 ret=00435dde eax=0010f9d6 render=00544cd8 d544d10=00000001 d544d04=00000001 button0=0x83 raw=(00000100,00006e00) d543d78=00000001 d543d7c=00000005 NOWNER_435BC0_PUMP_CB14_CALL iter=7 ret=00435dde vtable=0050f204 cb14=004612e0 render=00544cd8 raw=(00000100,00006e00) d544d04=00000001 button0=0x83 NOWNER_435BC0_PUMP_608F0A_CALL iter=7 ret=00435dde render=00544cd8 raw=(00000100,00006e00) d544d04=00000003 button0=0xbc NOWNER_435BC0_PUMP_608F0A_RETURN iter=7 ret=00435dde eax=00000001 render=00544cd8 raw=(00000100,00006e00) d544d04=00000003 button0=0xbc NOWNER_435BC0_PUMP_608F0B_CALL iter=7 ret=00435dde render=00544cd8 raw=(00000100,00006e00) d544d04=00000003 button0=0xbc NOWNER_435BC0_PUMP_608F0B_RETURN iter=7 ret=00435dde eax=00000001 render=00544cd8 raw=(00000100,00006e00) d544d04=00000003 button0=0xbc NOWNER_435BC0_PUMP_CB04_CALL iter=7 ret=00435dde vtable=0050f204 cb04=004611a0 render=00544cd8 raw=(00000100,00006e00) d544d04=00000003 button0=0xbc NOWNER_435BC0_PUMP_CB04_RETURN iter=7 ret=00435dde eax=00544cd8 render=00544cd8 raw=(00000100,00006e00) d544d04=00000003 button0=0xbc NOWNER_435BC0_LOOP_DRAW_CALL iter=7 ebx=0 d532210=0 d532218=043bc71a d5322c8=-1 surface=0a2a9880 size=(640,480) raw=(00000100,00006e00) d544d04=00000003 button0=0xbc NOWNER_435BC0_POLL count=7 d532210=0 d532218=043bc71a d532220=0 d5322c8=-1 mouse=(4,440) raw=(00000100,00006e00) d544d04=00000003 button0=0xbc surface=0a2a9880 size=(640,480) RBUI_GRID_DRAW ret=00435274 owner=043bc71a selected=-1 NOWNER_435BC0_GRID_DRAW ret=00435274 owner=043bc71a selected_index=0 hover_slot=-1 render=0051d4c0 map_surface=0a2a9880 size=(640,480) NOWNER_435BC0_LOOP_DRAW_RETURN iter=7 ebx=0 d532210=0 d532218=043bc71a d5322c8=-1 surface=0a2a9880 size=(640,480) RBUI_DESC_SWITCH ret=005131ee eax=00515130 selected=-1 NOWNER_435BC0_LOOP_HIT_RESULT iter=7 eax=00000000 ebx=0 d532210=0 d532218=043bc71a d5322c8=-1 NOWNER_435BC0_NO_HIT_UPDATE iter=7 ebx=0 d532210=0 d532218=043bc71a d5322c8=-1 NOWNER_435BC0_GRID_ROUTE_ENTRY selected_index=0 hover_slot=-1 mouse=(4,440) raw=(00000100,00006e00) NOWNER_435BC0_GRID_GATE raw_result=1 mouse=(4,440) raw=(00000100,00006e00) NOWNER_435BC0_GRID_CALL mouse=(4,440) raw=(00000100,00006e00) NOWNER_435BC0_GRID_ENTRY mouse=(-76,380) raw=(ffffed00,00005f00) shift=6 selected_index=0 hover_slot=-1 NOWNER_435BC0_GRID_FAIL result=-1 mouse=(-76,380) selected_index=0 hover_slot=-1 NOWNER_435BC0_LOOP_COMPARE iter=7 ebx=0 d532210=0 d532218=043bc71a d5322c8=-1 NOWNER_435BC0_LOOP_HEAD iter=8 ebx=0 d532210=0 d532218=043bc71a d5322c8=-1 surface=0a2a9880 size=(640,480) raw=(00000100,00006e00) d544d04=00000003 button0=0xbc NOWNER_435BC0_PUMP_ENTRY iter=8 ret=00435dde render=00544cd8 edx=00000000 d544d10=00000001 d544d04=00000003 button0=0xbc raw=(00000100,00006e00) d543d78=00000001 d543d7c=00000005 surface=0a2a9880 size=(640,480) NOWNER_435BC0_PUMP_MSG_CALL iter=8 ret=00435dde render=00544cd8 d544d10=00000001 d544d04=00000003 button0=0xbc raw=(00000100,00006e00) d543d78=00000001 d543d7c=00000005 NOWNER_435BC0_PUMP_MSG_RETURN iter=8 ret=00435dde eax=00000001 render=00544cd8 d544d10=00000001 d544d04=00000003 button0=0xbc raw=(00000100,00006e00) d543d78=00000001 d543d7c=00000005 NOWNER_435BC0_PUMP_TICK_RETURN iter=8 ret=00435dde eax=0010f9fe render=00544cd8 d544d10=00000001 d544d04=00000003 button0=0xbc raw=(00000100,00006e00) d543d78=00000001 d543d7c=00000005 NOWNER_435BC0_PUMP_CB14_CALL iter=8 ret=00435dde vtable=0050f204 cb14=004612e0 render=00544cd8 raw=(00000100,00006e00) d544d04=00000003 button0=0xbc NOWNER_435BC0_PUMP_608F0A_CALL iter=8 ret=00435dde render=00544cd8 raw=(00000100,00006e00) d544d04=00000002 button0=0x5b NOWNER_435BC0_PUMP_608F0A_RETURN iter=8 ret=00435dde eax=00000000 render=00544cd8 raw=(00000100,00006e00) d544d04=00000002 button0=0x5b NOWNER_435BC0_PUMP_608F0B_CALL iter=8 ret=00435dde render=00544cd8 raw=(00000100,00006e00) d544d04=00000002 button0=0x5b NOWNER_435BC0_PUMP_608F0B_RETURN iter=8 ret=00435dde eax=00000000 render=00544cd8 raw=(00000100,00006e00) d544d04=00000002 button0=0x5b NOWNER_435BC0_PUMP_CB04_CALL iter=8 ret=00435dde vtable=0050f204 cb04=004611a0 render=00544cd8 raw=(00000100,00006e00) d544d04=00000002 button0=0x5b NOWNER_435BC0_PUMP_CB04_RETURN iter=8 ret=00435dde eax=00544cd8 render=00544cd8 raw=(00000100,00006e00) d544d04=00000002 button0=0x5b NOWNER_435BC0_POLL count=8 d532210=0 d532218=043bc71a d532220=0 d5322c8=-1 mouse=(4,440) raw=(00000100,00006e00) d544d04=00000002 button0=0x5b surface=0a2a9880 size=(640,480) RBUI_GRID_DRAW ret=00435274 owner=043bc71a selected=-1 NOWNER_435BC0_GRID_DRAW ret=00435274 owner=043bc71a selected_index=0 hover_slot=-1 render=0051d4c0 map_surface=0a2a9880 size=(640,480) RBUI_DESC_SWITCH ret=005131ee eax=00515130 selected=-1 NOWNER_435BC0_NO_HIT_UPDATE iter=8 ebx=0 d532210=0 d532218=043bc71a d5322c8=-1 NOWNER_435BC0_GRID_ROUTE_ENTRY selected_index=0 hover_slot=-1 mouse=(4,440) raw=(00000100,00006e00) NOWNER_435BC0_GRID_GATE raw_result=0 mouse=(4,440) raw=(00000100,00006e00) NOWNER_435BC0_LOOP_LIMIT iter=8 ebx=0 d532210=1 d532218=043bc71a d5322c8=-1 NOWNER_435BC0_PUMP_ENTRY iter=8 ret=00435dde render=00544cd8 edx=00000000 d544d10=00000001 d544d04=00000002 button0=0x5b raw=(00000100,00006e00) d543d78=00000001 d543d7c=00000005 surface=0a2a9880 size=(640,480) NOWNER_435BC0_PUMP_MSG_CALL iter=8 ret=00435dde render=00544cd8 d544d10=00000001 d544d04=00000002 button0=0x5b raw=(00000100,00006e00) d543d78=00000001 d543d7c=00000005 NOWNER_435BC0_PUMP_MSG_RETURN iter=8 ret=00435dde eax=00000001 render=00544cd8 d544d10=00000001 d544d04=00000002 button0=0x5b raw=(00000100,00006e00) d543d78=00000001 d543d7c=00000005 NOWNER_435BC0_PUMP_TICK_RETURN iter=8 ret=00435dde eax=0010fa25 render=00544cd8 d544d10=00000001 d544d04=00000002 button0=0x5b raw=(00000100,00006e00) d543d78=00000001 d543d7c=00000005 NOWNER_435BC0_PUMP_CB14_CALL iter=8 ret=00435dde vtable=0050f204 cb14=004612e0 render=00544cd8 raw=(00000100,00006e00) d544d04=00000002 button0=0x5b NOWNER_435BC0_PUMP_608F0B_CALL iter=8 ret=00435dde render=00544cd8 raw=(00000100,00006e00) d544d04=00000000 button0=0x6b NOWNER_435BC0_PUMP_608F0B_RETURN iter=8 ret=00435dde eax=00000000 render=00544cd8 raw=(00000100,00006e00) d544d04=00000000 button0=0x6b NOWNER_435BC0_PUMP_CB04_CALL iter=8 ret=00435dde vtable=0050f204 cb04=004611a0 render=00544cd8 raw=(00000100,00006e00) d544d04=00000000 button0=0x6b NOWNER_435BC0_PUMP_CB04_RETURN iter=8 ret=00435dde eax=00544cd8 render=00544cd8 raw=(00000100,00006e00) d544d04=00000000 button0=0x6b NOWNER_435BC0_POLL count=9 d532210=1 d532218=043bc71a d532220=0 d5322c8=-1 mouse=(4,440) raw=(00000100,00006e00) d544d04=00000000 button0=0x6b surface=0a2a9880 size=(640,480) RBUI_GRID_DRAW ret=00435274 owner=043bc71a selected=-1 NOWNER_435BC0_GRID_DRAW ret=00435274 owner=043bc71a selected_index=0 hover_slot=-1 render=0051d4c0 map_surface=0a2a9880 size=(640,480) RBUI_DESC_SWITCH ret=005131ee eax=00515130 selected=-1 NOWNER_435BC0_NO_HIT_UPDATE iter=8 ebx=0 d532210=1 d532218=043bc71a d5322c8=-1 NOWNER_435BC0_GRID_ROUTE_ENTRY selected_index=0 hover_slot=-1 mouse=(4,440) raw=(00000100,00006e00) NOWNER_435BC0_GRID_GATE raw_result=0 mouse=(4,440) raw=(00000100,00006e00) NOWNER_435BC0_LOOP_EXIT iter=8 ebx=0 d532210=1 d532218=043bc71a d5322c8=-1 NOWNER_435BC0_RETURN eax=00000000 d532218=043bc71a d532220=0 d5322c8=-1 surface=0a2a9880 size=(640,480) NOWNER_WRAPPER_STOCK_RETURN eax=00000000 saved_surface=0a58f370 temp_surface=0a2a9880 current_surface=0a2a9880 d532218=043bc71a d532220=0 d5322c8=-1 NOWNER_WRAPPER_RESTORE_SURFACE saved_surface=0a58f370 temp_surface=0a2a9880 current_surface=0a58f370 size=(800,600) NOWNER_WRAPPER_COPYBACK_CALL dst_surface=0a58f370 src_surface=0a2a9880 rect=(80,60,639,479) d532218=043bc71a d532220=0 d5322c8=-1 NOWNER_WRAPPER_COPYBACK_RETURN eax=00ebc908 d532218=043bc71a d532220=0 d5322c8=-1 surface=0a58f370 size=(800,600) NOWNER_WRAPPER_PRESENT_CALL render=00544cd8 surface=0a58f370 size=(800,600) NOWNER_WRAPPER_COPYBACK_DONE surface=0a58f370 size=(800,600) base=0a830030 bytes=480000 d532150=043bc71a d532218=043bc71a d532220=0 d5322c8=-1 SURFDUMP_READY redraw_seq=999 surface=0a58f370 size=(800,600) base=0a830030 bytes=480000 SURFDUMP_HOST_READY
eax=00000000 ebx=0050ef24 ecx=0050ed94 edx=00000002 esi=0a58f370 edi=0a2a9880
eip=0051b86d esp=000edb64 ebp=00000000 iopl=0         nv up ei pl nz na po nc
cs=0023  ss=002b  ds=002b  es=002b  fs=0053  gs=002b             efl=00000202
clash95!CSS_Init+0xab8dd:
0051b86d 83c408          add     esp,8
