Opened log file 'C:\Users\andrz\OneDrive\Pulpit\git\clash-hd\captures\cdb-surface-dump-20260527-193512\cdb-surface-dump.log'

************* Preparing the environment for Debugger Extensions Gallery repositories **************
   ExtensionRepository : Implicit
   UseExperimentalFeatureForNugetShare : true
   AllowNugetExeUpdate : true
   NonInteractiveNuget : true
   AllowNugetMSCredentialProviderInstall : true
   AllowParallelInitializationOfLocalRepositories : true

   EnableRedirectToV8JsProvider : false

   -- Configuring repositories
      ----> Repository : LocalInstalled, Enabled: true
      ----> Repository : UserExtensions, Enabled: true

>>>>>>>>>>>>> Preparing the environment for Debugger Extensions Gallery repositories completed, duration 0.000 seconds

************* Waiting for Debugger Extensions Gallery to Initialize **************

>>>>>>>>>>>>> Waiting for Debugger Extensions Gallery to Initialize completed, duration 0.031 seconds
   ----> Repository : UserExtensions, Enabled: true, Packages count: 0
   ----> Repository : LocalInstalled, Enabled: true, Packages count: 29

Microsoft (R) Windows Debugger Version 10.0.26100.8038 X86
Copyright (c) Microsoft Corporation. All rights reserved.

CommandLine: C:\ClashTests\right-bottom-natural-slot5\v7-clickrelease\clash95_hd_surfdump_20260527_193512.exe
NatVis script successfully loaded from 'C:\Program Files (x86)\Windows Kits\10\Debuggers\x86\Visualizers\atlmfc.natvis'
NatVis script successfully loaded from 'C:\Program Files (x86)\Windows Kits\10\Debuggers\x86\Visualizers\ObjectiveC.natvis'
NatVis script successfully loaded from 'C:\Program Files (x86)\Windows Kits\10\Debuggers\x86\Visualizers\concurrency.natvis'
NatVis script successfully loaded from 'C:\Program Files (x86)\Windows Kits\10\Debuggers\x86\Visualizers\cpp_rest.natvis'
NatVis script successfully loaded from 'C:\Program Files (x86)\Windows Kits\10\Debuggers\x86\Visualizers\stl.natvis'
NatVis script successfully loaded from 'C:\Program Files (x86)\Windows Kits\10\Debuggers\x86\Visualizers\Windows.Data.Json.natvis'
NatVis script successfully loaded from 'C:\Program Files (x86)\Windows Kits\10\Debuggers\x86\Visualizers\Windows.Devices.Geolocation.natvis'
NatVis script successfully loaded from 'C:\Program Files (x86)\Windows Kits\10\Debuggers\x86\Visualizers\Windows.Devices.Sensors.natvis'
NatVis script successfully loaded from 'C:\Program Files (x86)\Windows Kits\10\Debuggers\x86\Visualizers\Windows.Media.natvis'
NatVis script successfully loaded from 'C:\Program Files (x86)\Windows Kits\10\Debuggers\x86\Visualizers\windows.natvis'
NatVis script successfully loaded from 'C:\Program Files (x86)\Windows Kits\10\Debuggers\x86\Visualizers\winrt.natvis'

************* Path validation summary **************
Response                         Time (ms)     Location
Deferred                                       srv*C:\Symbols*https://msdl.microsoft.com/download/symbols

************* Path validation summary **************
Response                         Time (ms)     Location
Deferred                                       srv*C:\Symbols*https://msdl.microsoft.com/download/symbols
Symbol search path is: srv*C:\Symbols*https://msdl.microsoft.com/download/symbols
Executable search path is: 
ModLoad: 00400000 00562000   clash95.exe
ModLoad: 77e20000 77fdf000   ntdll.dll
ModLoad: 76290000 76380000   C:\WINDOWS\SysWOW64\KERNEL32.DLL
ModLoad: 77240000 7750d000   C:\WINDOWS\SysWOW64\KERNELBASE.dll
ModLoad: 6d0d0000 6d17e000   C:\WINDOWS\SysWOW64\apphelp.dll
ModLoad: 766c0000 766e2000   C:\WINDOWS\SysWOW64\GDI32.dll
ModLoad: 76810000 7682b000   C:\WINDOWS\SysWOW64\win32u.dll
ModLoad: 77510000 775fc000   C:\WINDOWS\SysWOW64\gdi32full.dll
ModLoad: 76630000 766b5000   C:\WINDOWS\SysWOW64\msvcp_win.dll
ModLoad: 776a0000 777b0000   C:\WINDOWS\SysWOW64\ucrtbase.dll
ModLoad: 75660000 75836000   C:\WINDOWS\SysWOW64\USER32.dll
ModLoad: 67450000 67483000   C:\WINDOWS\SysWOW64\WINMM.dll
ModLoad: 66b10000 66b86000   C:\WINDOWS\SysWOW64\DSOUND.dll
ModLoad: 67cc0000 67ce7000   C:\WINDOWS\SysWOW64\DINPUT.dll
ModLoad: 676e0000 67705000   C:\ClashTests\right-bottom-natural-slot5\v7-clickrelease\DDRAW.dll
ModLoad: 755d0000 75652000   C:\WINDOWS\SysWOW64\advapi32.dll
ModLoad: 00c70000 00cf2000   C:\WINDOWS\SysWOW64\ADVAPI32.dll
ModLoad: 676b0000 676d4000   C:\WINDOWS\SysWOW64\MSVFW32.dll
ModLoad: 67ca0000 67cbc000   C:\WINDOWS\SysWOW64\AVIFIL32.dll
ModLoad: 76f60000 77027000   C:\WINDOWS\SysWOW64\msvcrt.dll
ModLoad: 758c0000 75b53000   C:\WINDOWS\SysWOW64\combase.dll
ModLoad: 777c0000 77e03000   C:\WINDOWS\SysWOW64\SHELL32.dll
ModLoad: 76570000 7662c000   C:\WINDOWS\SysWOW64\RPCRT4.dll
ModLoad: 75270000 752f3000   C:\WINDOWS\SysWOW64\sechost.dll
ModLoad: 66970000 66a0a000   C:\WINDOWS\SysWOW64\ResampleDmo.DLL
ModLoad: 77030000 77183000   C:\WINDOWS\SysWOW64\ole32.dll
ModLoad: 77190000 7722f000   C:\WINDOWS\SysWOW64\OLEAUT32.dll
ModLoad: 668d0000 66961000   C:\WINDOWS\WinSxS\x86_microsoft.windows.common-controls_6595b64144ccf1df_5.82.26100.8328_none_cf9c156c8ea8f6e3\COMCTL32.dll
ModLoad: 75210000 75265000   C:\WINDOWS\SysWOW64\powrprof.dll
ModLoad: 00c70000 00cc5000   C:\WINDOWS\SysWOW64\powrprof.dll
ModLoad: 674c0000 674da000   C:\WINDOWS\SysWOW64\MSACM32.dll
ModLoad: 67490000 674b5000   C:\WINDOWS\SysWOW64\winmmbase.dll
ModLoad: 753e0000 754b1000   C:\WINDOWS\SysWOW64\shcore.dll
ModLoad: 66b00000 66b09000   C:\WINDOWS\SysWOW64\msdmo.dll
(8680.83b0): Break instruction exception - code 80000003 (first chance)
eax=00000000 ebx=00000000 ecx=61b80000 edx=00000000 esi=005f6720 edi=00269000
eip=77f38498 esp=000efa54 ebp=000efa80 iopl=0         nv up ei pl zr na pe nc
cs=0023  ss=002b  ds=002b  es=002b  fs=0053  gs=002b             efl=00000246
ntdll!LdrpDoDebuggerBreak+0x2b:
77f38498 cc              int     3
0:000> $$><C:\Users\andrz\OneDrive\Pulpit\git\clash-hd\captures\cdb-surface-dump-20260527-193512\clash95_surface_dump_probe.generated.cdb
=== Clash95 CDB surface dump probe ===
route-injects load slot 5, waits for gameplay redraw, then dumps dword_5202E0
SURFDUMP_START_ANIMS_SLEEP_FAST_FORWARD_ENABLED
=== Clash95 natural slot5 castle command99 owner/action probe ===
Natural slot5 load -> castle (14,20) -> command 0x63 -> owner/action rows
ModLoad: 76830000 76855000   C:\WINDOWS\SysWOW64\IMM32.DLL
ModLoad: 74400000 7440e000   C:\WINDOWS\SysWOW64\UMPDC.dll
ModLoad: 68aa0000 68c12000   C:\WINDOWS\SysWOW64\inputhost.dll
ModLoad: 689c0000 68a9d000   C:\WINDOWS\SysWOW64\CoreMessaging.dll
ModLoad: 673b0000 67430000   C:\WINDOWS\SysWOW64\uxtheme.dll
ModLoad: 76390000 764a7000   C:\WINDOWS\SysWOW64\MSCTF.dll
ModLoad: 75ce0000 75d57000   C:\WINDOWS\SysWOW64\bcryptPrimitives.dll
ModLoad: 6ff50000 6ff5a000   C:\WINDOWS\SysWOW64\CRYPTBASE.DLL
ModLoad: 74180000 74195000   C:\WINDOWS\SysWOW64\kernel.appcore.dll
ModLoad: 66820000 66836000   C:\WINDOWS\SysWOW64\msctfmonitor.dll
ModLoad: 667d0000 66810000   C:\WINDOWS\SysWOW64\MSUTB.dll
ModLoad: 6e6d0000 6e7d2000   C:\WINDOWS\SysWOW64\textinputframework.dll
ModLoad: 6dd00000 6dd0b000   C:\WINDOWS\SysWOW64\HID.DLL
ModLoad: 75d60000 761b1000   C:\WINDOWS\SysWOW64\SETUPAPI.DLL
ModLoad: 74440000 7447e000   C:\WINDOWS\SysWOW64\cfgmgr32.DLL
ModLoad: 6f110000 6f134000   C:\WINDOWS\SysWOW64\DEVOBJ.dll
ModLoad: 75850000 758b7000   C:\WINDOWS\SysWOW64\WINTRUST.dll
ModLoad: 754c0000 755c9000   C:\WINDOWS\SysWOW64\CRYPT32.dll
ModLoad: 732b0000 732be000   C:\WINDOWS\SysWOW64\MSASN1.dll
ModLoad: 66790000 667c5000   C:\WINDOWS\SysWOW64\MLANG.DLL
SURFDUMP_BYPASS_MOUSE_ACQUIRE hwnd=*** WARNING: Unable to verify checksum for clash95.exe
00090bb6 device=0063e49c
SURFDUMP_BYPASS_KEYBOARD_ACQUIRE hwnd=00090bb6 device=0066345c
ModLoad: 77600000 77686000   C:\WINDOWS\SysWOW64\clbcatq.dll
ModLoad: 666d0000 6677c000   C:\Windows\SysWOW64\InputSwitch.dll
ModLoad: 58cf0000 58e58000   C:\Windows\SysWOW64\DUI70.dll
ModLoad: 73540000 73769000   C:\WINDOWS\WinSxS\x86_microsoft.windows.common-controls_6595b64144ccf1df_6.0.26100.8328_none_85b54f03f7b0df7e\Comctl32.dll
ModLoad: 66640000 666c4000   C:\Windows\SysWOW64\DUser.dll
ModLoad: 575b0000 57b72000   C:\WINDOWS\SysWOW64\windowsudk.shellcommon.dll
ModLoad: 03e50000 03f49000   C:\WINDOWS\SysWOW64\wintypes.dll
ModLoad: 70030000 70129000   C:\WINDOWS\SysWOW64\wintypes.dll
ModLoad: 6e860000 6ea4d000   C:\Windows\SysWOW64\twinapi.appcore.dll
ModLoad: 58bd0000 58ce6000   C:\Windows\SysWOW64\Windows.UI.Core.TextInput.dll
ModLoad: 57310000 575a2000   C:\WINDOWS\SysWOW64\CoreUIComponents.dll
(8680.654c): C++ EH exception - code e06d7363 (first chance)
(8680.654c): C++ EH exception - code e06d7363 (first chance)
(8680.654c): C++ EH exception - code e06d7363 (first chance)
(8680.654c): C++ EH exception - code e06d7363 (first chance)
ModLoad: 665f0000 6663c000   C:\Windows\SysWOW64\Bcp47Langs.dll
pcshell\shell\inputswitch\switch\ctfhandler.cpp(2651)\InputSwitch.dll!666E7BF5: (caller: 666E4AAF) LogHr(1) tid(654c) 80004005 Unspecified error
    CallContext:[\Startup] 
ModLoad: 67e60000 67e92000   C:\WINDOWS\SysWOW64\xmllite.dll
ModLoad: 6aa60000 6ac73000   C:\WINDOWS\SysWOW64\dwrite.dll
ModLoad: 76860000 76f46000   C:\WINDOWS\SysWOW64\Windows.Storage.dll
ModLoad: 665a0000 665e3000   C:\WINDOWS\SysWOW64\UIAnimation.dll
ModLoad: 6b150000 6b341000   C:\Windows\SysWOW64\d3d11.dll
ModLoad: 6b350000 6b459000   C:\Windows\SysWOW64\dxgi.dll
ModLoad: 562e0000 569a3000   C:\WINDOWS\SysWOW64\D3D10Warp.dll
ModLoad: 6a750000 6a788000   C:\WINDOWS\SysWOW64\dxcore.dll
ModLoad: 66580000 66590000   C:\WINDOWS\SysWOW64\resourcepolicyclient.dll
ModLoad: 6de10000 6de5f000   C:\WINDOWS\SysWOW64\directxdatabasehelper.dll
ModLoad: 6db40000 6dcca000   C:\WINDOWS\SysWOW64\dcomp.dll
ModLoad: 6de70000 6de82000   C:\WINDOWS\SysWOW64\Microsoft.Internal.WarpPal.dll
ModLoad: 54b10000 54bb5000   C:\WINDOWS\SysWOW64\TextShaping.dll
ModLoad: 6f080000 6f0fe000   C:\WINDOWS\SysWOW64\MMDevApi.dll
ModLoad: 666d0000 6677c000   C:\Windows\SysWOW64\InputSwitch.dll
ModLoad: 58cf0000 58e58000   C:\Windows\SysWOW64\DUI70.dll
ModLoad: 569b0000 56b1e000   C:\WINDOWS\SysWOW64\AUDIOSES.DLL
ModLoad: 66640000 666c4000   C:\Windows\SysWOW64\DUser.dll
ModLoad: 66580000 66590000   C:\WINDOWS\SysWOW64\resourcepolicyclient.dll
ModLoad: 665f0000 6663c000   C:\Windows\SysWOW64\Bcp47Langs.dll
pcshell\shell\inputswitch\switch\ctfhandler.cpp(2651)\InputSwitch.dll!666E7BF5: (caller: 666E4AAF) LogHr(1) tid(7560) 80004005 Unspecified error
    CallContext:[\Startup] 
ModLoad: 67e60000 67e92000   C:\WINDOWS\SysWOW64\xmllite.dll
ModLoad: 6b150000 6b341000   C:\Windows\SysWOW64\d3d11.dll
ModLoad: 6b350000 6b459000   C:\Windows\SysWOW64\dxgi.dll
ModLoad: 562e0000 569a3000   C:\WINDOWS\SysWOW64\D3D10Warp.dll
ModLoad: 6de10000 6de5f000   C:\WINDOWS\SysWOW64\directxdatabasehelper.dll
ModLoad: 6db40000 6dcca000   C:\WINDOWS\SysWOW64\dcomp.dll
ModLoad: 6de70000 6de82000   C:\WINDOWS\SysWOW64\Microsoft.Internal.WarpPal.dll
ModLoad: 6ee80000 6ef91000   C:\Windows\SysWOW64\Windows.UI.dll
ModLoad: 664e0000 664e9000   C:\WINDOWS\SysWOW64\avrt.dll
SURFDUMP_SKIP_AVI_SLEEP call=0046fd01 next=0046fd08
SURFDUMP_SKIP_AVI_SLEEP call=0046e4d0 next=0046e4d7
SURFDUMP_SKIP_AVI_SLEEP call=0046e4d0 next=0046e4d7
SURFDUMP_SKIP_AVI_SLEEP call=0046e4d0 next=0046e4d7
SURFDUMP_SKIP_AVI_SLEEP call=0046e4d0 next=0046e4d7
SURFDUMP_SKIP_AVI_SLEEP call=0046e4d0 next=0046e4d7
SURFDUMP_SKIP_AVI_SLEEP call=0046e4d0 next=0046e4d7
SURFDUMP_SKIP_AVI_SLEEP call=0046e4d0 next=0046e4d7
SURFDUMP_SKIP_START_SLEEP ret=004478a1
SURFDUMP_MAIN_HIT seq=0 choice=0 entry=0x000efa28 ex=239 ey=196 mouse=(300,218)
SURFDUMP_MAIN_HIT seq=1 choice=0 entry=0x000efa28 ex=239 ey=196 mouse=(300,218)
SURFDUMP_FORCE_MAIN_CLICK seq=0 desc=0x000efa28 mouse=(300,218)
SURFDUMP_SKIP_MAIN_LOAD_CALLBACK ret=00419c60 choice_before=0 exit_before=0 mouse=(300,218)
SURFDUMP_PRE_ENTRY_SLOT_DEFERRED seq=0 choice=5 entry=0x000efa5d ex=232 ey=228 mouse=(300,218) selected=0 accept=0
SURFDUMP_PRE_ENTRY_SLOT_DEFERRED seq=1 choice=5 entry=0x000efa92 ex=265 ey=264 mouse=(300,218) selected=0 accept=0
SURFDUMP_PRE_ENTRY_SLOT_DEFERRED seq=2 choice=5 entry=0x000efac7 ex=437 ey=196 mouse=(300,218) selected=0 accept=0
SURFDUMP_PRE_ENTRY_SLOT_DEFERRED seq=3 choice=5 entry=0x000efac7 ex=437 ey=196 mouse=(300,218) selected=0 accept=0
SURFDUMP_PRE_ENTRY_SLOT_DEFERRED seq=4 choice=5 entry=0x000efac7 ex=437 ey=196 mouse=(300,218) selected=0 accept=0
SURFDUMP_PRE_ENTRY_SLOT_DEFERRED seq=5 choice=5 entry=0x000efafc ex=424 ey=228 mouse=(300,218) selected=0 accept=0
SURFDUMP_PRE_ENTRY_SLOT_DEFERRED seq=6 choice=5 entry=0x000efafc ex=424 ey=228 mouse=(300,218) selected=0 accept=0
SURFDUMP_PRE_ENTRY_SLOT_DEFERRED seq=7 choice=5 entry=0x000efafc ex=424 ey=228 mouse=(300,218) selected=0 accept=0
SURFDUMP_PRE_ENTRY_SLOT_DEFERRED seq=8 choice=5 entry=0x000efafc ex=424 ey=228 mouse=(300,218) selected=0 accept=0
SURFDUMP_PRE_ENTRY_SLOT_DEFERRED seq=9 choice=5 entry=0x000efafc ex=424 ey=228 mouse=(300,218) selected=0 accept=0
SURFDUMP_PRE_ENTRY_SLOT_DEFERRED seq=10 choice=5 entry=0x000efb31 ex=468 ey=264 mouse=(300,218) selected=0 accept=0
SURFDUMP_PRE_ENTRY_SLOT_DEFERRED seq=11 choice=5 entry=0x000efb31 ex=468 ey=264 mouse=(300,218) selected=0 accept=0
SURFDUMP_PRE_ENTRY_SLOT_DEFERRED seq=12 choice=5 entry=0x000efb31 ex=468 ey=264 mouse=(300,218) selected=0 accept=0
SURFDUMP_LOAD_MENU_ENTRY choice=5 exit=1 selected=0 accept=0 mouse=(300,218)
SURFDUMP_LOAD_MENU_ENTRY choice=5 exit=1 selected=0 accept=0 mouse=(300,218)
SURFDUMP_LOAD_MENU_LOOP seq=0 exit=0 selected=-1 accept=0 mouse=(300,218) lbtn=0x80
SURFDUMP_LOAD_MENU_LOOP seq=1 exit=0 selected=-1 accept=0 mouse=(300,218) lbtn=0x80
SURFDUMP_FORCE_LOAD_SELECT seq=0 mouse=(320,276) selected=-1 accept=0
SURFDUMP_FORCE_LOAD_SELECT seq=1 mouse=(320,276) selected=-1 accept=0
SURFDUMP_FORCE_LOAD_ACCEPT seq=0 selected=5 accept=0 mouse=(320,276)
SURFDUMP_FORCE_LOAD_ACCEPT seq=1 selected=5 accept=0 mouse=(320,276)
SURFDUMP_LOAD_ACCEPT_CALL arg=0 selected=5 accept_before=0 mouse=(320,276)
SURFDUMP_LOAD_ACCEPT_CALL arg=0 selected=5 accept_before=0 mouse=(320,276)
SURFDUMP_PRE_ENTRY_SLOT_DEFERRED seq=13 choice=5 entry=0x000efca8 ex=329 ey=452 mouse=(320,276) selected=5 accept=1
SURFDUMP_PRE_ENTRY_SLOT_DEFERRED seq=14 choice=5 entry=0x000efca8 ex=329 ey=452 mouse=(320,276) selected=5 accept=1
SURFDUMP_PRE_ENTRY_SLOT_DEFERRED seq=15 choice=5 entry=0x000efca8 ex=329 ey=452 mouse=(320,276) selected=5 accept=1
SURFDUMP_LOADSAVE selected_arg=5 selected_global=5 accept=1 choice=5 gd=03e50030
SURFDUMP_LOADSAVE selected_arg=5 selected_global=5 accept=1 choice=5 gd=03e50030
SURFDUMP_PLAYGAME gd=03e50030 map=(100,100) scroll=(11,17) surface=0321c958 size=(640,480)
SURFDUMP_PLAYGAME gd=03e50030 map=(100,100) scroll=(11,17) surface=0321c958 size=(640,480)
SURFDUMP_PLAYGAME gd=03e50030 map=(100,100) scroll=(11,17) surface=0321c958 size=(640,480)
SURFDUMP_PLAYGAME gd=03e50030 map=(100,100) scroll=(11,17) surface=0321c958 size=(640,480)
NOWNER_HEADER gd=03e50030 player=0 scroll=(11,17) surface=0a07ee10 size=(800,600) SURFDUMP_REDRAW seq=0 scroll=(11,17) end12=(23,26) map=(100,100) surface=0a07ee10 size=(800,600)
NOWNER_FORCE_MAP_CASTLE_CLICK screen=(224,224) expected_map=(14,20) raw=(00003800,00003800) NOWNER_MAP_TILE map=(14,20) mouse=(224,224) selected=-1 current=0 NOWNER_REARM_MAP_COMMIT map=(14,20) mouse=(20,224) NOWNER_BUILDING_TILE map=(14,20) tile=32768 index=0 owner=0 mode=2 active=0 flags=0x0b NOWNER_CASTLE_OVERVIEW_ENTRY ret=0041ed6f castle_index=0 main_surface=0a07ee10 size=(800,600) NOWNER_CASTLE_OVERVIEW_POST_DRAW overview_surface=0a3ab478 size=(640,480) owner_screen=03ecc71a NOWNER_CASTLE_HITMAP_SAMPLE surface=0a3ab478 size=(640,480) base=0a430030 displayed=(231,366) displayed_sample=0x0c native=(151,306) native_sample=0xfe bbox_min=(77,306) bbox_min_sample=0xfe bbox_max=(237,426) bbox_max_sample=0x35 expected_raw=254 NOWNER_CASTLE_CMD99_TARGET native=(151,306) displayed_hint=(231,366) raw=(000025c0,00004c80) NOWNER_CASTLE_HIT raw_hit=254 adjusted=6 expected_raw=254 NOWNER_CASTLE_DESCRIPTOR command=99 callback=00433c20 owner_screen=03ecc71a NOWNER_CASTLE_CMD99_GATE gate_before=1 forced_gate=1 NOWNER_CASTLE_CALLBACK callback=00433c20 eax_arg=03ecc71a command=99 NOWNER_433C20_ENTRY ret=0042262e owner_arg=03ecc71a owner_flag=0x0b d532150_before=00000000 surface=0a07ee10 size=(800,600) NOWNER_OWNER_FLAG_TEST owner=03ecc71a owner_flag=0x0b bit2=2 bit1=1 bit8=8 NOWNER_WRITE_532154 continue_full ret=00422020 d532150=03ecc71a d53214c=00000001 d532154=0a016110 owner_flag=0x0b NOWNER_OWNER_SCREEN_DESC_DRAW list=00514fc0 d0=(39,426 cb=004338c0) d1=(155,426 cb=004338e0) d2=(272,426 cb=00433a40) surface=0a07ee10 size=(800,600) NOWNER_FORCE_OWNER_DESC_CLICK native=(180,440) raw=(00002d00,00006e00) d1=(155,426 cb=004338e0) owner=03ecc71a owner_flag=0x0b NOWNER_HITTEST_ENTRY count=1 desc=00514fc0 xy=(39,426) flags=0x01 hit=004338c0 mouse=(180,440) click=00000001 button0=0x80 NOWNER_HITTEST_ENTRY count=2 desc=00514ff5 xy=(155,426) flags=0x01 hit=004338e0 mouse=(180,440) click=00000001 button0=0x80 NOWNER_DESCRIPTOR_CALLBACK desc=00514ff5 xy=(155,426) flags=0x01 callback=004338e0 mouse=(180,440) NOWNER_RENDER_BEGIN_LATE_ARMED
NOWNER_4338E0_ENTRY ret=00419c60 eax_desc=00514ff5 owner=03ecc71a owner_flag=0x0b d532218=00000000 d5322c8=0 d544d10=00000001 d544d04=00000001 button0=0x80 raw=(00002d00,00006e00) d543d78=00000001 d543d7c=00000005 surface=0a07ee10 size=(800,600) NOWNER_RELEASE_OWNER_DESC_CLICK before_d544d04=00000001 before_button0=0x80 after_d544d04=00000000 after_button0=0x00 raw=(00002d00,00006e00) d543d78=00000001 d543d7c=00000005 reason=post_4338e0_entry NOWNER_419ED0_ENTRY desc=00514ff5 ret=004338e6 state=1 sound=004efd67 NOWNER_419ED0_SOUND_PREP desc=00514ff5 sound=004efd67 ret=004338e6 NOWNER_419ED0_SOUND_RETURN desc=00514ff5 ret=004338e6 eax=004efd67 NOWNER_419ED0_STATE6_READY desc=00514ff5 ret=004338e6 state=1 d544cd8=00544cd8 NOWNER_419ED0_RENDER_BEGIN desc=00514ff5 ret=004338e6 d544d10=00000001 d544d04=00000000 button0=0x00 raw=(00002d00,00006e00) d543d78=00000001 d543d7c=00000005 render=00000001 NOWNER_RENDER_BEGIN_ENTRY ret=00419efa render=00544cd8 callback=00000000 d544d10=00000001 d544d04=00000000 button0=0x00 raw=(00002d00,00006e00) d543d78=00000001 d543d7c=00000005 surface=0a07ee10 size=(800,600) NOWNER_RENDER_BEGIN_LOOP iter=1 render=00544cd8 callback=00000000 d544d10=00000001 d544d04=00000000 button0=0x00 raw=(00002d00,00006e00) d543d78=00000001 d543d7c=00000005 NOWNER_RENDER_BEGIN_FLIP_RESULT iter=1 eax=00000000 render=00544cd8 callback=00000000 d544d10=00000001 d544d04=00000000 button0=0x00 raw=(00002d00,00006e00) d543d78=00000001 d543d7c=00000005 NOWNER_RENDER_BEGIN_LOST_RESULT iter=1 eax=00000000 render=00544cd8 callback=00000000 d544d10=00000001 d544d04=00000000 button0=0x00 raw=(00002d00,00006e00) d543d78=00000001 d543d7c=00000005 NOWNER_RENDER_BEGIN_EXIT ret=00419efa render=00544cd8 callback=00000000 d544d10=00000001 d544d04=00000000 button0=0x00 raw=(00002d00,00006e00) d543d78=00000001 d543d7c=00000005 iter=1 NOWNER_419ED0_RENDER_BEGIN_RETURN desc=00514ff5 ret=004338e6 eax=00000000 d544d10=00000001 d544d04=00000000 button0=0x00 d543d78=00000001 d543d7c=00000005 NOWNER_419ED0_STATE5_DONE desc=00514ff5 ret=004338e6 state=5 eax=00000001 NOWNER_4338E0_AFTER_SELECT owner=03ecc71a owner_flag=0x0b d532218=00000000 d5322c8=0 eax=00000001 NOWNER_4338E0_AFTER_GATE owner=03ecc71a owner_flag=0x0b d544d10=00000001 surface=0a07ee10 size=(800,600) NOWNER_4338E0_RESOURCE_SETUP ret=000001dc eax=0051d4c0 edx=00000014 d544d10=00000001 owner=03ecc71a owner_flag=0x0b NOWNER_4338E0_PRE_PUMP ret=000001dc render=00000000 d544d10=00000001 surface=0a07ee10 size=(800,600) NOWNER_4338E0_PUMP_ENTRY ret=0043390f render=00544cd8 d544d10=00000001 surface=0a07ee10 size=(800,600) NOWNER_4338E0_PUMP_RETURN ret=0043390f d544d10=00000000 surface=0a07ee10 size=(800,600) NOWNER_4338E0_POST_PUMP ret=000001dc owner=03ecc71a owner_flag=0x0b d544d10=00000000 surface=0a07ee10 size=(800,600) NOWNER_ACTION_CALL_WRAPPER ret=000001dc owner_arg=03ecc71a owner_global=03ecc71a owner_flag=0x0b d532218=00000000 d5322c8=0 surface=0a07ee10 size=(800,600) NOWNER_OWNER_435BC0_ENTRY ret=0051b837 owner_arg=03ecc71a d532218_before=00000000 d5322c8_before=0 surface=0a019858 size=(640,480) mouse=(180,440) 