Opened log file 'C:\Users\andrz\git\clash-hd\scripts\cdb\..\..\captures\archive\cdb-surface-dump-20260713-160925\cdb-surface-dump.log'

************* Preparing the environment for Debugger Extensions Gallery repositories **************
   ExtensionRepository : Implicit
   UseExperimentalFeatureForNugetShare : true
   AllowNugetExeUpdate : true
   NonInteractiveNuget : true
   AllowNugetMSCredentialProviderInstall : true
   AllowParallelInitializationOfLocalRepositories : true

   EnableRedirectToV8JsProvider : false

   -- Configuring repositories
      ----> Repository : LocalInstalled, Enabled: true
      ----> Repository : UserExtensions, Enabled: true

>>>>>>>>>>>>> Preparing the environment for Debugger Extensions Gallery repositories completed, duration 0.000 seconds

************* Waiting for Debugger Extensions Gallery to Initialize **************

>>>>>>>>>>>>> Waiting for Debugger Extensions Gallery to Initialize completed, duration 0.015 seconds
   ----> Repository : UserExtensions, Enabled: true, Packages count: 0
   ----> Repository : LocalInstalled, Enabled: true, Packages count: 29

Microsoft (R) Windows Debugger Version 10.0.26100.8038 X86
Copyright (c) Microsoft Corporation. All rights reserved.

CommandLine: C:\ClashTests\continuity-roundtrip\clash95_hd_surfdump_20260713_160925.exe
NatVis script successfully loaded from 'C:\Program Files (x86)\Windows Kits\10\Debuggers\x86\Visualizers\atlmfc.natvis'
NatVis script successfully loaded from 'C:\Program Files (x86)\Windows Kits\10\Debuggers\x86\Visualizers\ObjectiveC.natvis'
NatVis script successfully loaded from 'C:\Program Files (x86)\Windows Kits\10\Debuggers\x86\Visualizers\concurrency.natvis'
NatVis script successfully loaded from 'C:\Program Files (x86)\Windows Kits\10\Debuggers\x86\Visualizers\cpp_rest.natvis'
NatVis script successfully loaded from 'C:\Program Files (x86)\Windows Kits\10\Debuggers\x86\Visualizers\stl.natvis'
NatVis script successfully loaded from 'C:\Program Files (x86)\Windows Kits\10\Debuggers\x86\Visualizers\Windows.Data.Json.natvis'
NatVis script successfully loaded from 'C:\Program Files (x86)\Windows Kits\10\Debuggers\x86\Visualizers\Windows.Devices.Geolocation.natvis'
NatVis script successfully loaded from 'C:\Program Files (x86)\Windows Kits\10\Debuggers\x86\Visualizers\Windows.Devices.Sensors.natvis'
NatVis script successfully loaded from 'C:\Program Files (x86)\Windows Kits\10\Debuggers\x86\Visualizers\Windows.Media.natvis'
NatVis script successfully loaded from 'C:\Program Files (x86)\Windows Kits\10\Debuggers\x86\Visualizers\windows.natvis'
NatVis script successfully loaded from 'C:\Program Files (x86)\Windows Kits\10\Debuggers\x86\Visualizers\winrt.natvis'

************* Path validation summary **************
Response                         Time (ms)     Location
Deferred                                       srv*C:\Symbols*https://msdl.microsoft.com/download/symbols

************* Path validation summary **************
Response                         Time (ms)     Location
Deferred                                       srv*C:\Symbols*https://msdl.microsoft.com/download/symbols
Symbol search path is: srv*C:\Symbols*https://msdl.microsoft.com/download/symbols
Executable search path is: 
ModLoad: 00400000 00562000   clash95.exe
ModLoad: 776d0000 7788f000   ntdll.dll
ModLoad: 758f0000 759e0000   C:\WINDOWS\SysWOW64\KERNEL32.DLL
ModLoad: 76ef0000 771c2000   C:\WINDOWS\SysWOW64\KERNELBASE.dll
ModLoad: 65e50000 65efe000   C:\WINDOWS\SysWOW64\apphelp.dll
ModLoad: 75da0000 75dc2000   C:\WINDOWS\SysWOW64\GDI32.dll
ModLoad: 76d20000 76d3c000   C:\WINDOWS\SysWOW64\win32u.dll
ModLoad: 77240000 7732b000   C:\WINDOWS\SysWOW64\gdi32full.dll
ModLoad: 767d0000 76855000   C:\WINDOWS\SysWOW64\msvcp_win.dll
ModLoad: 76a50000 76b60000   C:\WINDOWS\SysWOW64\ucrtbase.dll
ModLoad: 774e0000 776b5000   C:\WINDOWS\SysWOW64\USER32.dll
ModLoad: 66c90000 66cc3000   C:\WINDOWS\SysWOW64\WINMM.dll
ModLoad: 65f50000 65f77000   C:\WINDOWS\SysWOW64\DINPUT.dll
ModLoad: 65f20000 65f46000   C:\ClashTests\continuity-roundtrip\DDRAW.dll
ModLoad: 65cb0000 65d26000   C:\WINDOWS\SysWOW64\DSOUND.dll
ModLoad: 76b70000 76bf2000   C:\WINDOWS\SysWOW64\ADVAPI32.dll
ModLoad: 75dd0000 75e97000   C:\WINDOWS\SysWOW64\msvcrt.dll
ModLoad: 65e20000 65e44000   C:\WINDOWS\SysWOW64\MSVFW32.dll
ModLoad: 773f0000 77476000   C:\WINDOWS\SysWOW64\sechost.dll
ModLoad: 75a90000 75d23000   C:\WINDOWS\SysWOW64\combase.dll
ModLoad: 65e00000 65e1c000   C:\WINDOWS\SysWOW64\AVIFIL32.dll
ModLoad: 751f0000 75845000   C:\WINDOWS\SysWOW64\SHELL32.dll
ModLoad: 76480000 765d4000   C:\WINDOWS\SysWOW64\ole32.dll
ModLoad: 77330000 773ec000   C:\WINDOWS\SysWOW64\RPCRT4.dll
ModLoad: 00c60000 00d1c000   C:\WINDOWS\SysWOW64\RPCRT4.dll
ModLoad: 75190000 751e5000   C:\WINDOWS\SysWOW64\powrprof.dll
ModLoad: 64af0000 64b8a000   C:\WINDOWS\SysWOW64\ResampleDmo.DLL
ModLoad: 76c00000 76c9f000   C:\WINDOWS\SysWOW64\OLEAUT32.dll
ModLoad: 65dc0000 65dda000   C:\WINDOWS\SysWOW64\MSACM32.dll
ModLoad: 64a50000 64ae1000   C:\WINDOWS\WinSxS\x86_microsoft.windows.common-controls_6595b64144ccf1df_5.82.26100.8521_none_cf9e08b68ea73d80\COMCTL32.dll
ModLoad: 66340000 66349000   C:\WINDOWS\SysWOW64\msdmo.dll
ModLoad: 65c80000 65c9f000   C:\WINDOWS\SysWOW64\winmmbase.dll
(6478.9124): Break instruction exception - code 80000003 (first chance)
eax=00000000 ebx=00000000 ecx=243d0000 edx=00000000 esi=007a74e8 edi=00222000
eip=777e82d8 esp=000efa54 ebp=000efa80 iopl=0         nv up ei pl zr na pe nc
cs=0023  ss=002b  ds=002b  es=002b  fs=0053  gs=002b             efl=00000246
ntdll!LdrpDoDebuggerBreak+0x2b:
777e82d8 cc              int     3
0:000> $$><C:\Users\andrz\git\clash-hd\scripts\cdb\..\..\captures\archive\cdb-surface-dump-20260713-160925\clash95_surface_dump_probe.generated.cdb
=== Clash95 CDB surface dump probe ===
route-injects load slot 0, waits for gameplay redraw, then dumps dword_5202E0
=== Clash95 continuity roundtrip extra: force saveGame slot 7 on the world map ===
Harness-only continuity probe: after the natural load route reaches the
world-map poll, force one saveGame call for slot 7 so save 7.dat captures
the 16-byte name header plus the full 586398-byte gameData block.
State flag lives at 00400040 in the DOS stub - never read at runtime -
because the base template already consumes every t0-t19 pseudo-register.
ModLoad: 75850000 75875000   C:\WINDOWS\SysWOW64\IMM32.DLL
ModLoad: 74380000 7438e000   C:\WINDOWS\SysWOW64\UMPDC.dll
ModLoad: 68950000 68ac4000   C:\WINDOWS\SysWOW64\inputhost.dll
ModLoad: 68870000 6894b000   C:\WINDOWS\SysWOW64\CoreMessaging.dll
ModLoad: 66bf0000 66c70000   C:\WINDOWS\SysWOW64\uxtheme.dll
ModLoad: 76e70000 76ee7000   C:\WINDOWS\SysWOW64\bcryptPrimitives.dll
ModLoad: 766b0000 767c8000   C:\WINDOWS\SysWOW64\MSCTF.dll
ModLoad: 70040000 7004a000   C:\WINDOWS\SysWOW64\CRYPTBASE.DLL
ModLoad: 74100000 74115000   C:\WINDOWS\SysWOW64\kernel.appcore.dll
ModLoad: 65c60000 65c76000   C:\WINDOWS\SysWOW64\msctfmonitor.dll
ModLoad: 65a00000 65a40000   C:\WINDOWS\SysWOW64\MSUTB.dll
ModLoad: 6df10000 6e014000   C:\WINDOWS\SysWOW64\textinputframework.dll
ModLoad: 6cfd0000 6cfdb000   C:\WINDOWS\SysWOW64\HID.DLL
ModLoad: 75ea0000 762f1000   C:\WINDOWS\SysWOW64\SETUPAPI.DLL
ModLoad: 743a0000 743de000   C:\WINDOWS\SysWOW64\cfgmgr32.DLL
ModLoad: 6e640000 6e664000   C:\WINDOWS\SysWOW64\DEVOBJ.dll
ModLoad: 64980000 649b5000   C:\WINDOWS\SysWOW64\MLANG.DLL
ModLoad: 75d30000 75d98000   C:\WINDOWS\SysWOW64\WINTRUST.dll
ModLoad: 76940000 76a49000   C:\WINDOWS\SysWOW64\CRYPT32.dll
ModLoad: 730b0000 730be000   C:\WINDOWS\SysWOW64\MSASN1.dll
ModLoad: 76dd0000 76e56000   C:\WINDOWS\SysWOW64\clbcatq.dll
ModLoad: 648d0000 6497d000   C:\Windows\SysWOW64\InputSwitch.dll
SURFDUMP_BYPASS_MOUSE_ACQUIRE hwnd=*** WARNING: Unable to verify checksum for clash95.exe
02310cb0 device=00804e2c
ModLoad: 57030000 57198000   C:\Windows\SysWOW64\DUI70.dll
SURFDUMP_BYPASS_KEYBOARD_ACQUIRE hwnd=02310cb0 device=007fa3cc
ModLoad: 724a0000 726c9000   C:\WINDOWS\WinSxS\x86_microsoft.windows.common-controls_6595b64144ccf1df_6.0.26100.8521_none_85b5ee33f7b02cb9\Comctl32.dll
ModLoad: 76860000 76931000   C:\WINDOWS\SysWOW64\shcore.dll
ModLoad: 67430000 674b4000   C:\Windows\SysWOW64\DUser.dll
ModLoad: 558f0000 55eb5000   C:\WINDOWS\SysWOW64\windowsudk.shellcommon.dll
ModLoad: 70ba0000 70c99000   C:\WINDOWS\SysWOW64\wintypes.dll
ModLoad: 03e50000 03f49000   C:\WINDOWS\SysWOW64\wintypes.dll
ModLoad: 6e1e0000 6e3ce000   C:\Windows\SysWOW64\twinapi.appcore.dll
ModLoad: 56ef0000 57023000   C:\Windows\SysWOW64\Windows.UI.Core.TextInput.dll
ModLoad: 67d00000 67f93000   C:\WINDOWS\SysWOW64\CoreUIComponents.dll
(6478.9d08): C++ EH exception - code e06d7363 (first chance)
(6478.9d08): C++ EH exception - code e06d7363 (first chance)
(6478.9d08): C++ EH exception - code e06d7363 (first chance)
(6478.9d08): C++ EH exception - code e06d7363 (first chance)
ModLoad: 64880000 648cc000   C:\Windows\SysWOW64\Bcp47Langs.dll
pcshell\shell\inputswitch\switch\ctfhandler.cpp(2651)\InputSwitch.dll!648E82F5: (caller: 648E51AF) LogHr(1) tid(9d08) 80004005 Unspecified error
    CallContext:[\Startup] 
ModLoad: 669e0000 66a12000   C:\WINDOWS\SysWOW64\xmllite.dll
ModLoad: 6ab00000 6ad13000   C:\WINDOWS\SysWOW64\dwrite.dll
ModLoad: 73a00000 740f8000   C:\WINDOWS\SysWOW64\Windows.Storage.dll
ModLoad: 56ea0000 56ee3000   C:\WINDOWS\SysWOW64\UIAnimation.dll
ModLoad: 6b300000 6b4f1000   C:\Windows\SysWOW64\d3d11.dll
ModLoad: 6b1f0000 6b2f7000   C:\Windows\SysWOW64\dxgi.dll
ModLoad: 55220000 558e6000   C:\WINDOWS\SysWOW64\D3D10Warp.dll
ModLoad: 6a7f0000 6a826000   C:\WINDOWS\SysWOW64\dxcore.dll
ModLoad: 68570000 68580000   C:\WINDOWS\SysWOW64\resourcepolicyclient.dll
ModLoad: 6d650000 6d69e000   C:\WINDOWS\SysWOW64\directxdatabasehelper.dll
ModLoad: 6d370000 6d4fa000   C:\WINDOWS\SysWOW64\dcomp.dll
ModLoad: 6d6b0000 6d6c2000   C:\WINDOWS\SysWOW64\Microsoft.Internal.WarpPal.dll
ModLoad: 54330000 543d5000   C:\WINDOWS\SysWOW64\TextShaping.dll
ModLoad: 6e5b0000 6e635000   C:\WINDOWS\SysWOW64\MMDevApi.dll
ModLoad: 648d0000 6497d000   C:\Windows\SysWOW64\InputSwitch.dll
ModLoad: 57030000 57198000   C:\Windows\SysWOW64\DUI70.dll
ModLoad: 67430000 674b4000   C:\Windows\SysWOW64\DUser.dll
ModLoad: 68590000 686fe000   C:\WINDOWS\SysWOW64\AUDIOSES.DLL
ModLoad: 68570000 68580000   C:\WINDOWS\SysWOW64\resourcepolicyclient.dll
ModLoad: 64880000 648cc000   C:\Windows\SysWOW64\Bcp47Langs.dll
pcshell\shell\inputswitch\switch\ctfhandler.cpp(2651)\InputSwitch.dll!648E82F5: (caller: 648E51AF) LogHr(1) tid(678) 80004005 Unspecified error
    CallContext:[\Startup] 
ModLoad: 669e0000 66a12000   C:\WINDOWS\SysWOW64\xmllite.dll
ModLoad: 6b300000 6b4f1000   C:\Windows\SysWOW64\d3d11.dll
ModLoad: 6b1f0000 6b2f7000   C:\Windows\SysWOW64\dxgi.dll
ModLoad: 55220000 558e6000   C:\WINDOWS\SysWOW64\D3D10Warp.dll
ModLoad: 6d650000 6d69e000   C:\WINDOWS\SysWOW64\directxdatabasehelper.dll
ModLoad: 6d370000 6d4fa000   C:\WINDOWS\SysWOW64\dcomp.dll
ModLoad: 6d6b0000 6d6c2000   C:\WINDOWS\SysWOW64\Microsoft.Internal.WarpPal.dll
ModLoad: 6e3e0000 6e4f2000   C:\Windows\SysWOW64\Windows.UI.dll
ModLoad: 65f10000 65f19000   C:\WINDOWS\SysWOW64\avrt.dll
SURFDUMP_SKIP_START_ANIMS ret=004479f5
(6478.9124): Access violation - code c0000005 (first chance)
AV_SURFDUMP
ExceptionAddress: 00487cf4 (clash95!CSS_Init+0x00017d64)
   ExceptionCode: c0000005 (Access violation)
  ExceptionFlags: 00000000
NumberParameters: 2
   Parameter[0]: 00000000
   Parameter[1]: 00000038
Attempt to read from address 00000038
eax=00000038 ebx=0000006c ecx=0000006c edx=00000000 esi=00000000 edi=00000038
eip=00487cf4 esp=000edb5c ebp=000edca4 iopl=0         nv up ei pl nz na pe nc
cs=0023  ss=002b  ds=002b  es=002b  fs=0053  gs=002b             efl=00010206
clash95!CSS_Init+0x17d64:
00487cf4 3810            cmp     byte ptr [eax],dl          ds:002b:00000038=??
ChildEBP RetAddr      Args to Child              
WARNING: Stack unwind information not available. Following frames may be wrong.
000edca4 00000000     03a3cef8 004e996f 0000027f clash95!CSS_Init+0x17d64
clash95!CSS_Init+0x17d44:
00487cd4 07              pop     es
00487cd5 5f              pop     edi
00487cd6 5e              pop     esi
00487cd7 c3              ret
00487cd8 52              push    edx
00487cd9 89c2            mov     edx,eax
00487cdb 803a00          cmp     byte ptr [edx],0
00487cde 740e            je      clash95!CSS_Init+0x17d5e (00487cee)
00487ce0 31c0            xor     eax,eax
00487ce2 8a02            mov     al,byte ptr [edx]
00487ce4 e888e5feff      call    clash95!CSS_Init+0x62e1 (00476271)
00487ce9 8802            mov     byte ptr [edx],al
00487ceb 42              inc     edx
00487cec ebed            jmp     clash95!CSS_Init+0x17d4b (00487cdb)
00487cee 5a              pop     edx
00487cef c3              ret
00487cf0 09c9            or      ecx,ecx
00487cf2 742c            je      clash95!CSS_Init+0x17d90 (00487d20)
00487cf4 3810            cmp     byte ptr [eax],dl
00487cf6 a803            test    al,3
00487cf8 7409            je      clash95!CSS_Init+0x17d73 (00487d03)
00487cfa 8810            mov     byte ptr [eax],dl
00487cfc 40              inc     eax
00487cfd c1ca08          ror     edx,8
00487d00 49              dec     ecx
00487d01 75f3            jne     clash95!CSS_Init+0x17d66 (00487cf6)
00487d03 51              push    ecx
00487d04 c1e902          shr     ecx,2
00487d07 e81b000000      call    clash95!CSS_Init+0x17d97 (00487d27)
00487d0c 59              pop     ecx
00487d0d 83e103          and     ecx,3
00487d10 740e            je      clash95!CSS_Init+0x17d90 (00487d20)
00487d12 8810            mov     byte ptr [eax],dl
00487d14 49              dec     ecx
quit:
NatVis script unloaded from 'C:\Program Files (x86)\Windows Kits\10\Debuggers\x86\Visualizers\atlmfc.natvis'
NatVis script unloaded from 'C:\Program Files (x86)\Windows Kits\10\Debuggers\x86\Visualizers\ObjectiveC.natvis'
NatVis script unloaded from 'C:\Program Files (x86)\Windows Kits\10\Debuggers\x86\Visualizers\concurrency.natvis'
NatVis script unloaded from 'C:\Program Files (x86)\Windows Kits\10\Debuggers\x86\Visualizers\cpp_rest.natvis'
NatVis script unloaded from 'C:\Program Files (x86)\Windows Kits\10\Debuggers\x86\Visualizers\stl.natvis'
NatVis script unloaded from 'C:\Program Files (x86)\Windows Kits\10\Debuggers\x86\Visualizers\Windows.Data.Json.natvis'
NatVis script unloaded from 'C:\Program Files (x86)\Windows Kits\10\Debuggers\x86\Visualizers\Windows.Devices.Geolocation.natvis'
NatVis script unloaded from 'C:\Program Files (x86)\Windows Kits\10\Debuggers\x86\Visualizers\Windows.Devices.Sensors.natvis'
NatVis script unloaded from 'C:\Program Files (x86)\Windows Kits\10\Debuggers\x86\Visualizers\Windows.Media.natvis'
NatVis script unloaded from 'C:\Program Files (x86)\Windows Kits\10\Debuggers\x86\Visualizers\windows.natvis'
NatVis script unloaded from 'C:\Program Files (x86)\Windows Kits\10\Debuggers\x86\Visualizers\winrt.natvis'
