Opened log file 'C:\Users\andrz\git\clash-hd\scripts\cdb\..\..\captures\archive\cdb-surface-dump-20260712-160131\cdb-surface-dump.log'

************* Preparing the environment for Debugger Extensions Gallery repositories **************
   ExtensionRepository : Implicit
   UseExperimentalFeatureForNugetShare : true
   AllowNugetExeUpdate : true
   NonInteractiveNuget : true
   AllowNugetMSCredentialProviderInstall : true
   AllowParallelInitializationOfLocalRepositories : true

   EnableRedirectToV8JsProvider : false

   -- Configuring repositories
      ----> Repository : LocalInstalled, Enabled: true
      ----> Repository : UserExtensions, Enabled: true

>>>>>>>>>>>>> Preparing the environment for Debugger Extensions Gallery repositories completed, duration 0.000 seconds

************* Waiting for Debugger Extensions Gallery to Initialize **************

>>>>>>>>>>>>> Waiting for Debugger Extensions Gallery to Initialize completed, duration 0.031 seconds
   ----> Repository : UserExtensions, Enabled: true, Packages count: 0
   ----> Repository : LocalInstalled, Enabled: true, Packages count: 29

Microsoft (R) Windows Debugger Version 10.0.26100.8038 X86
Copyright (c) Microsoft Corporation. All rights reserved.

CommandLine: C:\ClashTests\cdb-right-bottom-owner\clash95_hd_surfdump_20260712_160131.exe
NatVis script successfully loaded from 'C:\Program Files (x86)\Windows Kits\10\Debuggers\x86\Visualizers\atlmfc.natvis'
NatVis script successfully loaded from 'C:\Program Files (x86)\Windows Kits\10\Debuggers\x86\Visualizers\ObjectiveC.natvis'
NatVis script successfully loaded from 'C:\Program Files (x86)\Windows Kits\10\Debuggers\x86\Visualizers\concurrency.natvis'
NatVis script successfully loaded from 'C:\Program Files (x86)\Windows Kits\10\Debuggers\x86\Visualizers\cpp_rest.natvis'
NatVis script successfully loaded from 'C:\Program Files (x86)\Windows Kits\10\Debuggers\x86\Visualizers\stl.natvis'
NatVis script successfully loaded from 'C:\Program Files (x86)\Windows Kits\10\Debuggers\x86\Visualizers\Windows.Data.Json.natvis'
NatVis script successfully loaded from 'C:\Program Files (x86)\Windows Kits\10\Debuggers\x86\Visualizers\Windows.Devices.Geolocation.natvis'
NatVis script successfully loaded from 'C:\Program Files (x86)\Windows Kits\10\Debuggers\x86\Visualizers\Windows.Devices.Sensors.natvis'
NatVis script successfully loaded from 'C:\Program Files (x86)\Windows Kits\10\Debuggers\x86\Visualizers\Windows.Media.natvis'
NatVis script successfully loaded from 'C:\Program Files (x86)\Windows Kits\10\Debuggers\x86\Visualizers\windows.natvis'
NatVis script successfully loaded from 'C:\Program Files (x86)\Windows Kits\10\Debuggers\x86\Visualizers\winrt.natvis'

************* Path validation summary **************
Response                         Time (ms)     Location
Deferred                                       srv*C:\Symbols*https://msdl.microsoft.com/download/symbols

************* Path validation summary **************
Response                         Time (ms)     Location
Deferred                                       srv*C:\Symbols*https://msdl.microsoft.com/download/symbols
Symbol search path is: srv*C:\Symbols*https://msdl.microsoft.com/download/symbols
Executable search path is: 
ModLoad: 00400000 00562000   clash95.exe
ModLoad: 776d0000 7788f000   ntdll.dll
ModLoad: 758f0000 759e0000   C:\WINDOWS\SysWOW64\KERNEL32.DLL
ModLoad: 76ef0000 771c2000   C:\WINDOWS\SysWOW64\KERNELBASE.dll
ModLoad: 65e50000 65efe000   C:\WINDOWS\SysWOW64\apphelp.dll
ModLoad: 75da0000 75dc2000   C:\WINDOWS\SysWOW64\GDI32.dll
ModLoad: 76d20000 76d3c000   C:\WINDOWS\SysWOW64\win32u.dll
ModLoad: 77240000 7732b000   C:\WINDOWS\SysWOW64\gdi32full.dll
ModLoad: 767d0000 76855000   C:\WINDOWS\SysWOW64\msvcp_win.dll
ModLoad: 76a50000 76b60000   C:\WINDOWS\SysWOW64\ucrtbase.dll
ModLoad: 774e0000 776b5000   C:\WINDOWS\SysWOW64\USER32.dll
ModLoad: 66c90000 66cc3000   C:\WINDOWS\SysWOW64\WINMM.dll
ModLoad: 65f30000 65fa6000   C:\WINDOWS\SysWOW64\DSOUND.dll
ModLoad: 66930000 66955000   C:\ClashTests\cdb-right-bottom-owner\DDRAW.dll
ModLoad: 65fb0000 65fd7000   C:\WINDOWS\SysWOW64\DINPUT.dll
ModLoad: 76b70000 76bf2000   C:\WINDOWS\SysWOW64\advapi32.dll
ModLoad: 00c60000 00ce2000   C:\WINDOWS\SysWOW64\ADVAPI32.dll
ModLoad: 66ae0000 66afc000   C:\WINDOWS\SysWOW64\AVIFIL32.dll
ModLoad: 65e20000 65e44000   C:\WINDOWS\SysWOW64\MSVFW32.dll
ModLoad: 75dd0000 75e97000   C:\WINDOWS\SysWOW64\msvcrt.dll
ModLoad: 75a90000 75d23000   C:\WINDOWS\SysWOW64\combase.dll
ModLoad: 77330000 773ec000   C:\WINDOWS\SysWOW64\RPCRT4.dll
ModLoad: 65c90000 65d2a000   C:\WINDOWS\SysWOW64\ResampleDmo.DLL
ModLoad: 773f0000 77476000   C:\WINDOWS\SysWOW64\sechost.dll
ModLoad: 751f0000 75845000   C:\WINDOWS\SysWOW64\SHELL32.dll
ModLoad: 76c00000 76c9f000   C:\WINDOWS\SysWOW64\OLEAUT32.dll
ModLoad: 76480000 765d4000   C:\WINDOWS\SysWOW64\ole32.dll
ModLoad: 64b50000 64be1000   C:\WINDOWS\WinSxS\x86_microsoft.windows.common-controls_6595b64144ccf1df_5.82.26100.8521_none_cf9e08b68ea73d80\COMCTL32.dll
ModLoad: 75190000 751e5000   C:\WINDOWS\SysWOW64\powrprof.dll
ModLoad: 00c60000 00cb5000   C:\WINDOWS\SysWOW64\powrprof.dll
ModLoad: 65df0000 65e0f000   C:\WINDOWS\SysWOW64\winmmbase.dll
ModLoad: 65f10000 65f2a000   C:\WINDOWS\SysWOW64\MSACM32.dll
ModLoad: 66920000 66929000   C:\WINDOWS\SysWOW64\msdmo.dll
(4b68.75fc): Break instruction exception - code 80000003 (first chance)
eax=00000000 ebx=00000000 ecx=69a30000 edx=00000000 esi=006674e8 edi=0038c000
eip=777e82d8 esp=000efa54 ebp=000efa80 iopl=0         nv up ei pl zr na pe nc
cs=0023  ss=002b  ds=002b  es=002b  fs=0053  gs=002b             efl=00000246
ntdll!LdrpDoDebuggerBreak+0x2b:
777e82d8 cc              int     3
0:000> $$><C:\Users\andrz\git\clash-hd\scripts\cdb\..\..\captures\archive\cdb-surface-dump-20260712-160131\clash95_surface_dump_probe.generated.cdb
=== Clash95 CDB surface dump probe ===
route-injects load slot 0, waits for gameplay redraw, then dumps dword_5202E0
SURFDUMP_START_ANIMS_SLEEP_FAST_FORWARD_ENABLED
=== Clash95 post-owner action route extra probe ===
CDB-only controlled owner setup and action route on the HD gameplay surface
=== Action-box composition sampling ===
ModLoad: 75850000 75875000   C:\WINDOWS\SysWOW64\IMM32.DLL
ModLoad: 74380000 7438e000   C:\WINDOWS\SysWOW64\UMPDC.dll
ModLoad: 68950000 68ac4000   C:\WINDOWS\SysWOW64\inputhost.dll
ModLoad: 68870000 6894b000   C:\WINDOWS\SysWOW64\CoreMessaging.dll
ModLoad: 66bf0000 66c70000   C:\WINDOWS\SysWOW64\uxtheme.dll
ModLoad: 76e70000 76ee7000   C:\WINDOWS\SysWOW64\bcryptPrimitives.dll
ModLoad: 766b0000 767c8000   C:\WINDOWS\SysWOW64\MSCTF.dll
ModLoad: 70040000 7004a000   C:\WINDOWS\SysWOW64\CRYPTBASE.DLL
ModLoad: 74100000 74115000   C:\WINDOWS\SysWOW64\kernel.appcore.dll
ModLoad: 65dd0000 65de6000   C:\WINDOWS\SysWOW64\msctfmonitor.dll
ModLoad: 64a70000 64ab0000   C:\WINDOWS\SysWOW64\MSUTB.dll
ModLoad: 6df10000 6e014000   C:\WINDOWS\SysWOW64\textinputframework.dll
ModLoad: 6cfd0000 6cfdb000   C:\WINDOWS\SysWOW64\HID.DLL
ModLoad: 75ea0000 762f1000   C:\WINDOWS\SysWOW64\SETUPAPI.DLL
ModLoad: 743a0000 743de000   C:\WINDOWS\SysWOW64\cfgmgr32.DLL
ModLoad: 6e640000 6e664000   C:\WINDOWS\SysWOW64\DEVOBJ.dll
ModLoad: 64a30000 64a65000   C:\WINDOWS\SysWOW64\MLANG.DLL
ModLoad: 75d30000 75d98000   C:\WINDOWS\SysWOW64\WINTRUST.dll
ModLoad: 76940000 76a49000   C:\WINDOWS\SysWOW64\CRYPT32.dll
ModLoad: 730b0000 730be000   C:\WINDOWS\SysWOW64\MSASN1.dll
ModLoad: 76dd0000 76e56000   C:\WINDOWS\SysWOW64\clbcatq.dll
ModLoad: 64980000 64a2d000   C:\Windows\SysWOW64\InputSwitch.dll
ModLoad: 57030000 57198000   C:\Windows\SysWOW64\DUI70.dll
ModLoad: 724a0000 726c9000   C:\WINDOWS\WinSxS\x86_microsoft.windows.common-controls_6595b64144ccf1df_6.0.26100.8521_none_85b5ee33f7b02cb9\Comctl32.dll
SURFDUMP_BYPASS_MOUSE_ACQUIRE hwnd=*** WARNING: Unable to verify checksum for clash95.exe
003f0500 device=006d59ec
SURFDUMP_BYPASS_KEYBOARD_ACQUIRE hwnd=003f0500 device=006d5b2c
ModLoad: 76860000 76931000   C:\WINDOWS\SysWOW64\shcore.dll
ModLoad: 67430000 674b4000   C:\Windows\SysWOW64\DUser.dll
ModLoad: 558f0000 55eb5000   C:\WINDOWS\SysWOW64\windowsudk.shellcommon.dll
ModLoad: 70ba0000 70c99000   C:\WINDOWS\SysWOW64\wintypes.dll
ModLoad: 03f70000 04069000   C:\WINDOWS\SysWOW64\wintypes.dll
ModLoad: 6e1e0000 6e3ce000   C:\Windows\SysWOW64\twinapi.appcore.dll
ModLoad: 56ef0000 57023000   C:\Windows\SysWOW64\Windows.UI.Core.TextInput.dll
ModLoad: 67d00000 67f93000   C:\WINDOWS\SysWOW64\CoreUIComponents.dll
(4b68.1350): C++ EH exception - code e06d7363 (first chance)
(4b68.1350): C++ EH exception - code e06d7363 (first chance)
(4b68.1350): C++ EH exception - code e06d7363 (first chance)
(4b68.1350): C++ EH exception - code e06d7363 (first chance)
ModLoad: 64930000 6497c000   C:\Windows\SysWOW64\Bcp47Langs.dll
pcshell\shell\inputswitch\switch\ctfhandler.cpp(2651)\InputSwitch.dll!649982F5: (caller: 649951AF) LogHr(1) tid(1350) 80004005 Unspecified error
    CallContext:[\Startup] 
ModLoad: 66b20000 66b52000   C:\WINDOWS\SysWOW64\xmllite.dll
ModLoad: 6ab00000 6ad13000   C:\WINDOWS\SysWOW64\dwrite.dll
ModLoad: 73a00000 740f8000   C:\WINDOWS\SysWOW64\Windows.Storage.dll
ModLoad: 648e0000 64923000   C:\WINDOWS\SysWOW64\UIAnimation.dll
ModLoad: 6b300000 6b4f1000   C:\Windows\SysWOW64\d3d11.dll
ModLoad: 6b1f0000 6b2f7000   C:\Windows\SysWOW64\dxgi.dll
ModLoad: 55220000 558e6000   C:\WINDOWS\SysWOW64\D3D10Warp.dll
ModLoad: 6a7f0000 6a826000   C:\WINDOWS\SysWOW64\dxcore.dll
ModLoad: 68570000 68580000   C:\WINDOWS\SysWOW64\resourcepolicyclient.dll
ModLoad: 6d650000 6d69e000   C:\WINDOWS\SysWOW64\directxdatabasehelper.dll
ModLoad: 6d370000 6d4fa000   C:\WINDOWS\SysWOW64\dcomp.dll
ModLoad: 6d6b0000 6d6c2000   C:\WINDOWS\SysWOW64\Microsoft.Internal.WarpPal.dll
ModLoad: 54330000 543d5000   C:\WINDOWS\SysWOW64\TextShaping.dll
ModLoad: 6e5b0000 6e635000   C:\WINDOWS\SysWOW64\MMDevApi.dll
ModLoad: 64980000 64a2d000   C:\Windows\SysWOW64\InputSwitch.dll
ModLoad: 57030000 57198000   C:\Windows\SysWOW64\DUI70.dll
ModLoad: 67430000 674b4000   C:\Windows\SysWOW64\DUser.dll
ModLoad: 68590000 686fe000   C:\WINDOWS\SysWOW64\AUDIOSES.DLL
ModLoad: 68570000 68580000   C:\WINDOWS\SysWOW64\resourcepolicyclient.dll
ModLoad: 64930000 6497c000   C:\Windows\SysWOW64\Bcp47Langs.dll
pcshell\shell\inputswitch\switch\ctfhandler.cpp(2651)\InputSwitch.dll!649982F5: (caller: 649951AF) LogHr(1) tid(4f1c) 80004005 Unspecified error
    CallContext:[\Startup] 
ModLoad: 66b20000 66b52000   C:\WINDOWS\SysWOW64\xmllite.dll
ModLoad: 6b300000 6b4f1000   C:\Windows\SysWOW64\d3d11.dll
ModLoad: 6b1f0000 6b2f7000   C:\Windows\SysWOW64\dxgi.dll
ModLoad: 55220000 558e6000   C:\WINDOWS\SysWOW64\D3D10Warp.dll
ModLoad: 6d650000 6d69e000   C:\WINDOWS\SysWOW64\directxdatabasehelper.dll
ModLoad: 6d370000 6d4fa000   C:\WINDOWS\SysWOW64\dcomp.dll
ModLoad: 6d6b0000 6d6c2000   C:\WINDOWS\SysWOW64\Microsoft.Internal.WarpPal.dll
ModLoad: 6e3e0000 6e4f2000   C:\Windows\SysWOW64\Windows.UI.dll
ModLoad: 65dc0000 65dc9000   C:\WINDOWS\SysWOW64\avrt.dll
SURFDUMP_SKIP_AVI_SLEEP call=0046fd01 next=0046fd08
SURFDUMP_SKIP_AVI_SLEEP call=0046e6df next=0046e6e6
SURFDUMP_SKIP_AVI_SLEEP call=0046e6df next=0046e6e6
SURFDUMP_SKIP_AVI_SLEEP call=0046e6df next=0046e6e6
SURFDUMP_SKIP_AVI_SLEEP call=0046e6df next=0046e6e6
SURFDUMP_SKIP_AVI_SLEEP call=0046e6df next=0046e6e6
SURFDUMP_SKIP_AVI_SLEEP call=0046e6df next=0046e6e6
SURFDUMP_SKIP_AVI_SLEEP call=0046e6df next=0046e6e6
SURFDUMP_SKIP_START_SLEEP ret=004478a1
SURFDUMP_MAIN_HIT seq=0 choice=0 entry=0x000efa28 ex=239 ey=196 mouse=(300,218)
SURFDUMP_MAIN_HIT seq=1 choice=0 entry=0x000efa28 ex=239 ey=196 mouse=(300,218)
SURFDUMP_FORCE_MAIN_CLICK seq=0 desc=0x000efa28 mouse=(300,218)
SURFDUMP_FORCE_MAIN_CLICK seq=1 desc=0x000efa28 mouse=(300,218)
SURFDUMP_SKIP_MAIN_LOAD_CALLBACK ret=00419c60 choice_before=0 exit_before=0 mouse=(300,218)
SURFDUMP_LOAD_COORD seq=0 choice=5 entry=0x000efa5d ex=232 ey=228 mouse=(320,166) selected=0 accept=0
SURFDUMP_LOAD_COORD seq=1 choice=5 entry=0x000efa5d ex=232 ey=228 mouse=(320,166) selected=0 accept=0
SURFDUMP_LOAD_COORD seq=2 choice=5 entry=0x000efa92 ex=265 ey=264 mouse=(320,166) selected=0 accept=0
SURFDUMP_LOAD_COORD seq=3 choice=5 entry=0x000efac7 ex=437 ey=196 mouse=(320,166) selected=0 accept=0
SURFDUMP_LOAD_COORD seq=4 choice=5 entry=0x000efafc ex=424 ey=228 mouse=(320,166) selected=0 accept=0
SURFDUMP_LOAD_COORD seq=5 choice=5 entry=0x000efb31 ex=468 ey=264 mouse=(320,166) selected=0 accept=0
SURFDUMP_LOAD_MENU_ENTRY choice=5 exit=1 selected=0 accept=0 mouse=(320,166)
SURFDUMP_LOAD_MENU_LOOP seq=0 exit=0 selected=-1 accept=0 mouse=(320,166) lbtn=0x80
SURFDUMP_FORCE_LOAD_SELECT seq=0 mouse=(320,166) selected=-1 accept=0
SURFDUMP_FORCE_LOAD_ACCEPT seq=0 selected=0 accept=0 mouse=(320,166)
SURFDUMP_LOAD_ACCEPT_CALL arg=0 selected=0 accept_before=0 mouse=(320,166)
SURFDUMP_LOAD_COORD seq=6 choice=5 entry=0x000efca8 ex=329 ey=452 mouse=(320,166) selected=0 accept=1
SURFDUMP_LOAD_COORD seq=7 choice=5 entry=0x000efcdd ex=409 ey=468 mouse=(320,166) selected=0 accept=1
SURFDUMP_LOADSAVE selected_arg=0 selected_global=0 accept=1 choice=5 gd=04340030
SURFDUMP_PLAYGAME gd=04340030 map=(100,100) scroll=(10,17) surface=0433ccb8 size=(640,480)
SURFDUMP_REDRAW seq=0 scroll=(10,17) end12=(22,26) map=(100,100) surface=0a30f170 size=(800,600)
APPOST_OWNER_SETUP_CALL owner=043bc71a owner_flag_old=0x00 scroll=(10,17) surface=0a30f170 sz=(800,600)
APPOST_OWNER_FLAG_FORCED owner=043bc71a owner_flag_new=0x02
APPOST_WRITE_532150 eip=00433c26 ret=004617a0 new=043bc71a owner_flag=0x02 surface=0a30f170 sz=(800,600)
APPOST_WRITE_53214C eip=00433c4b ret=004617a0 new=00000001 d532150=043bc71a surface=0a30f170 sz=(800,600)
APPOST_WRITE_532154 eip=00433d5a ret=0040ae16 new=0a63b9c8 d532150=043bc71a d53214c=00000001 surface=0a30f170 sz=(800,600) short_return=1
SURFDUMP_REDRAW seq=1 scroll=(10,17) end12=(22,26) map=(100,100) surface=0a30f170 size=(800,600)
APPOST_ACTION_CALL desc=00511d40 owner=043bc71a owner_flag=0x02 d532150=043bc71a d53214c=00000001 d532154=0a63b9c8 surface=0a30f170 sz=(800,600) skip_prelude=1
APPOST_433914_CALL_435BC0 ret=0040ae16 owner_arg=043bc71a owner_global=043bc71a owner_flag=0x02 d532218=00000000 d5322c8=0 surface=0a30f170 sz=(800,600)
APPOST_OWNER_435BC0_ENTRY ret=00433919 owner_arg=043bc71a d532218_before=00000000 d5322c8_before=0 d532210_before=0 surface=0a30f170 sz=(800,600) mouse=(4,166)
APPOST_WRITE_532218 eip=00435bc5 ret=00000000 new=043bc71a d532220=0 d5322c8=0 surface=0a30f170 sz=(800,600)
APPOST_WRITE_5322C8 eip=00435c38 ret=00000000 new=-1 d532218=043bc71a d532220=0 surface=0a30f170 sz=(800,600)
APPOST_PANEL_DRAW_4347A0 ret=00435d84 d532218=043bc71a d532220=0 d5322c8=-1 render=0a30f170 map_surface=0a30f170 sz=(800,600)
TOOLTIP_TEXT ret=004349bf x=45 y=69 str=Peasant d5202e0=0a30f170 sz=(800,600) mouse=(4,166) render=0a30f170
TOOLTIP_TEXT ret=00434988 x=45 y=86 str=Light infantry d5202e0=0a30f170 sz=(800,600) mouse=(4,166) render=0a30f170
TOOLTIP_TEXT ret=00434988 x=45 y=103 str=Pikeman d5202e0=0a30f170 sz=(800,600) mouse=(4,166) render=0a30f170
TOOLTIP_TEXTFMT ret=00434a57 x=133 y=261 right=191 style=3 fmt=Peasant d5202e0=0a30f170 sz=(800,600) mouse=(4,166) render=0a30f170
TOOLTIP_TEXTFMT ret=00434aa4 x=201 y=217 right=281 style=2 fmt=%d d5202e0=0a30f170 sz=(800,600) mouse=(4,166) render=0a30f170
TOOLTIP_TEXTFMT ret=00434acc x=154 y=174 right=236 style=2 fmt=%d d5202e0=0a30f170 sz=(800,600) mouse=(4,166) render=0a30f170
TOOLTIP_TEXTFMT ret=00434b06 x=201 y=217 right=236 style=2 fmt=%d d5202e0=0a30f170 sz=(800,600) mouse=(4,166) render=0a30f170
TOOLTIP_TEXTFMT ret=00434b24 x=229 y=260 right=236 style=2 fmt=0 d5202e0=0a30f170 sz=(800,600) mouse=(4,166) render=0a30f170
TOOLTIP_TEXTFMT ret=00434bad x=154 y=174 right=281 style=2 fmt=%d d5202e0=0a30f170 sz=(800,600) mouse=(4,166) render=0a30f170
BORDER_TOOLTIP_PRESENT_NULLPTR ret=00434bd7 call=00434bd2 src=0a30f170 dst=00000000 ltrb=(72,340,312,366) dxy=(72,340) d5202e0=0a30f170 mouse=(4,166) render=0a30f170
TOOLTIP_TEXTFMT ret=00434c08 x=0 y=119 right=348 style=2 fmt=%d d5202e0=0a30f170 sz=(800,600) mouse=(4,166) render=0051d4c0
TOOLTIP_TEXTFMT ret=00434c29 x=0 y=215 right=348 style=2 fmt=%d d5202e0=0a30f170 sz=(800,600) mouse=(4,166) render=0051d4c0
TOOLTIP_TEXTFMT ret=00434c4a x=0 y=311 right=348 style=2 fmt=%d d5202e0=0a30f170 sz=(800,600) mouse=(4,166) render=0051d4c0
BORDER_TOOLTIP_PRESENT_NULLPTR ret=00434c9b call=00434c96 src=0a30f170 dst=00000000 ltrb=(40,28,300,124) dxy=(40,28) d5202e0=0a30f170 mouse=(4,166) render=0051d4c0
BORDER_TOOLTIP_PRESENT_NULLPTR ret=00434cec call=00434ce7 src=0a30f170 dst=00000000 ltrb=(69,186,270,302) dxy=(69,186) d5202e0=0a30f170 mouse=(4,166) render=0051d4c0
APPOST_GRID_DRAW_434E20 ret=00435172 d532218=043bc71a d532220=0 d5322c8=-1 render=0a30f170 map_surface=0a30f170 sz=(800,600)
APPOST_STATUS_DRAW_435280 ret=00435d8e d532218=043bc71a d532220=0 d5322c8=-1 mouse=(4,166) render=0a30f170 map_surface=0a30f170
BORDER_TOOLTIP_PRESENT_NULLPTR ret=004352b3 call=004352ae src=0a30f170 dst=00000000 ltrb=(401,288,593,357) dxy=(401,288) d5202e0=0a30f170 mouse=(4,166) render=0a30f170
APPOST_ACTION_BOX_435500 ret=00435d93 d532218=043bc71a d532220=0 d5322c8=-1 mouse=(4,166) render=0051d4c0 map_surface=0a30f170 scratch=0051d4c0 scratch_sz=(800,600) scratch_base=00000000 map_base=0a5b0030
TOOLTIP_ACTION_BOX ret=00435d93 edi=00000001 d532218=043bc71a d5202e0=0a30f170 sz=(800,600) mouse=(4,166) native_box=(285,350,450,425) render=0051d4c0
APCOMP_ACTION_BOX_ENTRY map_surface=0a30f170 map_samples_native=(eb,c0,01) map_samples_lower=(c1,01,01)
APREDIR_SET_MAP_TARGET ret=0000015e prior_render=0051d4c0 scratch=0051d4c0 map_surface=0a30f170 scratch_sz=(800,600) map_sz=(800,600)
BORDER_TOOLTIP_PRESENT_NULLPTR ret=0043553f call=0043553a src=0a30f170 dst=00000000 ltrb=(285,425,350,450) dxy=(285,425) d5202e0=0a30f170 mouse=(4,166) render=0a30f170
APREDIR_AFTER_BACKUP_COPY ret=0050ee24 current_render=0a30f170 map_surface=0a30f170 map_samples=(c1,01,01) scratch_samples=(00,36,f5)
TOOLTIP_TEXTFMT ret=00435566 x=285 y=349 right=430 style=3 fmt=%d d5202e0=0a30f170 sz=(800,600) mouse=(4,166) render=0a30f170
APREDIR_BEFORE_RESTORE ret=0050ee24 current_render=0a30f170 restore_to=0051d4c0 map_surface=0a30f170 map_samples=(c1,01,01) scratch_samples=(00,36,f5)
APREDIR_AFTER_ACTION_BOX ret=00000001 render=0051d4c0 scratch=0051d4c0 map_surface=0a30f170 d53221c=0a63bdd0 map_samples=(c1,01,01) scratch_samples=(00,36,f5)
APREDIR_COPYBACK_SET_MAP_TARGET ret=00000001 eax=0051d4c0 d53221c=0a63bdd0 map_surface=0a30f170 map_samples=(c1,01,01) scratch_samples=(00,36,f5)
APREDIR_COPYBACK_AFTER_CALL ret=00000001 map_surface=0a30f170 map_samples=(c1,01,01) scratch_samples=(00,36,f5)
APCOMP_COPYBACK_SAMPLES map_surface=0a30f170 scratch=0051d4c0 map_native=(eb,c0,01) scratch_native=(8c) map_lower=(c1,01,01)
APPOST_OWNER_POLL_EXIT_ARM ret=00435de3 d532218=043bc71a d532220=0 d5322c8=-1 d532210=1 mouse=(4,166)
APPOST_GRID_DRAW_434E20 ret=00435274 d532218=043bc71a d532220=0 d5322c8=-1 render=0051d4c0 map_surface=0a30f170 sz=(800,600)
APPOST_4338E0_AFTER_435BC0 ret=0040ae16 d532218=043bc71a d532220=0 d5322c8=-1 surface=0a30f170 sz=(800,600)
APPOST_SURFDUMP_READY after_action=1 surface=0a30f170 size=(800,600) base=0a5b0030 bytes=480000 d532150=043bc71a d532218=043bc71a d532220=0 d5322c8=-1 scroll=(10,17)
SURFDUMP_READY redraw_seq=951 surface=0a30f170 size=(800,600) base=0a5b0030 bytes=480000
SURFDUMP_HOST_READY
eax=00000000 ebx=000000a6 ecx=00000000 edx=00000000 esi=00000140 edi=00000001
eip=00433919 esp=000edc6c ebp=00000000 iopl=0         nv up ei pl zr na pe nc
cs=0023  ss=002b  ds=002b  es=002b  fs=0053  gs=002b             efl=00000246
clash95+0x33919:
00433919 833d4c21530000  cmp     dword ptr [clash95!CSS_Init+0xc21bc (0053214c)],0 ds:002b:0053214c=00000001
