Opened log file 'C:\Users\andrz\git\clash-hd\scripts\cdb\..\..\captures\archive\cdb-surface-dump-20260712-155528\cdb-surface-dump.log'

************* Preparing the environment for Debugger Extensions Gallery repositories **************
   ExtensionRepository : Implicit
   UseExperimentalFeatureForNugetShare : true
   AllowNugetExeUpdate : true
   NonInteractiveNuget : true
   AllowNugetMSCredentialProviderInstall : true
   AllowParallelInitializationOfLocalRepositories : true

   EnableRedirectToV8JsProvider : false

   -- Configuring repositories
      ----> Repository : LocalInstalled, Enabled: true
      ----> Repository : UserExtensions, Enabled: true

>>>>>>>>>>>>> Preparing the environment for Debugger Extensions Gallery repositories completed, duration 0.000 seconds

************* Waiting for Debugger Extensions Gallery to Initialize **************

>>>>>>>>>>>>> Waiting for Debugger Extensions Gallery to Initialize completed, duration 0.031 seconds
   ----> Repository : UserExtensions, Enabled: true, Packages count: 0
   ----> Repository : LocalInstalled, Enabled: true, Packages count: 29

Microsoft (R) Windows Debugger Version 10.0.26100.8038 X86
Copyright (c) Microsoft Corporation. All rights reserved.

CommandLine: C:\ClashTests\right-bottom-slot5-as-slot0-fixture\candidate\clash95_hd_surfdump_20260712_155528.exe
NatVis script successfully loaded from 'C:\Program Files (x86)\Windows Kits\10\Debuggers\x86\Visualizers\atlmfc.natvis'
NatVis script successfully loaded from 'C:\Program Files (x86)\Windows Kits\10\Debuggers\x86\Visualizers\ObjectiveC.natvis'
NatVis script successfully loaded from 'C:\Program Files (x86)\Windows Kits\10\Debuggers\x86\Visualizers\concurrency.natvis'
NatVis script successfully loaded from 'C:\Program Files (x86)\Windows Kits\10\Debuggers\x86\Visualizers\cpp_rest.natvis'
NatVis script successfully loaded from 'C:\Program Files (x86)\Windows Kits\10\Debuggers\x86\Visualizers\stl.natvis'
NatVis script successfully loaded from 'C:\Program Files (x86)\Windows Kits\10\Debuggers\x86\Visualizers\Windows.Data.Json.natvis'
NatVis script successfully loaded from 'C:\Program Files (x86)\Windows Kits\10\Debuggers\x86\Visualizers\Windows.Devices.Geolocation.natvis'
NatVis script successfully loaded from 'C:\Program Files (x86)\Windows Kits\10\Debuggers\x86\Visualizers\Windows.Devices.Sensors.natvis'
NatVis script successfully loaded from 'C:\Program Files (x86)\Windows Kits\10\Debuggers\x86\Visualizers\Windows.Media.natvis'
NatVis script successfully loaded from 'C:\Program Files (x86)\Windows Kits\10\Debuggers\x86\Visualizers\windows.natvis'
NatVis script successfully loaded from 'C:\Program Files (x86)\Windows Kits\10\Debuggers\x86\Visualizers\winrt.natvis'

************* Path validation summary **************
Response                         Time (ms)     Location
Deferred                                       srv*C:\Symbols*https://msdl.microsoft.com/download/symbols

************* Path validation summary **************
Response                         Time (ms)     Location
Deferred                                       srv*C:\Symbols*https://msdl.microsoft.com/download/symbols
Symbol search path is: srv*C:\Symbols*https://msdl.microsoft.com/download/symbols
Executable search path is: 
ModLoad: 00400000 00562000   clash95.exe
ModLoad: 776d0000 7788f000   ntdll.dll
ModLoad: 758f0000 759e0000   C:\WINDOWS\SysWOW64\KERNEL32.DLL
ModLoad: 76ef0000 771c2000   C:\WINDOWS\SysWOW64\KERNELBASE.dll
ModLoad: 65e50000 65efe000   C:\WINDOWS\SysWOW64\apphelp.dll
ModLoad: 75da0000 75dc2000   C:\WINDOWS\SysWOW64\GDI32.dll
ModLoad: 76d20000 76d3c000   C:\WINDOWS\SysWOW64\win32u.dll
ModLoad: 77240000 7732b000   C:\WINDOWS\SysWOW64\gdi32full.dll
ModLoad: 767d0000 76855000   C:\WINDOWS\SysWOW64\msvcp_win.dll
ModLoad: 76a50000 76b60000   C:\WINDOWS\SysWOW64\ucrtbase.dll
ModLoad: 774e0000 776b5000   C:\WINDOWS\SysWOW64\USER32.dll
ModLoad: 66c90000 66cc3000   C:\WINDOWS\SysWOW64\WINMM.dll
ModLoad: 66930000 66957000   C:\WINDOWS\SysWOW64\DINPUT.dll
ModLoad: 65f60000 65fd6000   C:\WINDOWS\SysWOW64\DSOUND.dll
ModLoad: 65f30000 65f55000   C:\ClashTests\right-bottom-slot5-as-slot0-fixture\candidate\DDRAW.dll
ModLoad: 76b70000 76bf2000   C:\WINDOWS\SysWOW64\ADVAPI32.dll
ModLoad: 00c50000 00cd2000   C:\WINDOWS\SysWOW64\advapi32.dll
ModLoad: 75a90000 75d23000   C:\WINDOWS\SysWOW64\combase.dll
ModLoad: 66ae0000 66afc000   C:\WINDOWS\SysWOW64\AVIFIL32.dll
ModLoad: 65e20000 65e44000   C:\WINDOWS\SysWOW64\MSVFW32.dll
ModLoad: 75dd0000 75e97000   C:\WINDOWS\SysWOW64\msvcrt.dll
ModLoad: 76480000 765d4000   C:\WINDOWS\SysWOW64\ole32.dll
ModLoad: 773f0000 77476000   C:\WINDOWS\SysWOW64\sechost.dll
ModLoad: 77330000 773ec000   C:\WINDOWS\SysWOW64\RPCRT4.dll
ModLoad: 751f0000 75845000   C:\WINDOWS\SysWOW64\SHELL32.dll
ModLoad: 75190000 751e5000   C:\WINDOWS\SysWOW64\powrprof.dll
ModLoad: 65c90000 65d2a000   C:\WINDOWS\SysWOW64\ResampleDmo.DLL
ModLoad: 65f10000 65f2a000   C:\WINDOWS\SysWOW64\MSACM32.dll
ModLoad: 64b50000 64be1000   C:\WINDOWS\WinSxS\x86_microsoft.windows.common-controls_6595b64144ccf1df_5.82.26100.8521_none_cf9e08b68ea73d80\COMCTL32.dll
ModLoad: 76c00000 76c9f000   C:\WINDOWS\SysWOW64\OLEAUT32.dll
ModLoad: 65df0000 65e0f000   C:\WINDOWS\SysWOW64\winmmbase.dll
ModLoad: 66920000 66929000   C:\WINDOWS\SysWOW64\msdmo.dll
(8fd8.1ef8): Break instruction exception - code 80000003 (first chance)
eax=00000000 ebx=00000000 ecx=98e30000 edx=00000000 esi=006274e8 edi=00215000
eip=777e82d8 esp=000efa54 ebp=000efa80 iopl=0         nv up ei pl zr na pe nc
cs=0023  ss=002b  ds=002b  es=002b  fs=0053  gs=002b             efl=00000246
ntdll!LdrpDoDebuggerBreak+0x2b:
777e82d8 cc              int     3
0:000> $$><C:\Users\andrz\git\clash-hd\scripts\cdb\..\..\captures\archive\cdb-surface-dump-20260712-155528\clash95_surface_dump_probe.generated.cdb
=== Clash95 CDB surface dump probe ===
route-injects load slot 0, waits for gameplay redraw, then dumps dword_5202E0
SURFDUMP_START_ANIMS_SLEEP_FAST_FORWARD_ENABLED
=== Clash95 natural slot5 castle command99 owner/action probe ===
Natural slot5 load -> castle (14,20) -> command 0x63 -> owner/action rows
ModLoad: 75850000 75875000   C:\WINDOWS\SysWOW64\IMM32.DLL
ModLoad: 74380000 7438e000   C:\WINDOWS\SysWOW64\UMPDC.dll
ModLoad: 68950000 68ac4000   C:\WINDOWS\SysWOW64\inputhost.dll
ModLoad: 68870000 6894b000   C:\WINDOWS\SysWOW64\CoreMessaging.dll
ModLoad: 66bf0000 66c70000   C:\WINDOWS\SysWOW64\uxtheme.dll
ModLoad: 76e70000 76ee7000   C:\WINDOWS\SysWOW64\bcryptPrimitives.dll
ModLoad: 70040000 7004a000   C:\WINDOWS\SysWOW64\CRYPTBASE.DLL
ModLoad: 766b0000 767c8000   C:\WINDOWS\SysWOW64\MSCTF.dll
ModLoad: 74100000 74115000   C:\WINDOWS\SysWOW64\kernel.appcore.dll
ModLoad: 65dd0000 65de6000   C:\WINDOWS\SysWOW64\msctfmonitor.dll
ModLoad: 64a70000 64ab0000   C:\WINDOWS\SysWOW64\MSUTB.dll
ModLoad: 6df10000 6e014000   C:\WINDOWS\SysWOW64\textinputframework.dll
ModLoad: 6cfd0000 6cfdb000   C:\WINDOWS\SysWOW64\HID.DLL
ModLoad: 75ea0000 762f1000   C:\WINDOWS\SysWOW64\SETUPAPI.DLL
ModLoad: 743a0000 743de000   C:\WINDOWS\SysWOW64\cfgmgr32.DLL
ModLoad: 6e640000 6e664000   C:\WINDOWS\SysWOW64\DEVOBJ.dll
ModLoad: 75d30000 75d98000   C:\WINDOWS\SysWOW64\WINTRUST.dll
ModLoad: 76940000 76a49000   C:\WINDOWS\SysWOW64\CRYPT32.dll
ModLoad: 730b0000 730be000   C:\WINDOWS\SysWOW64\MSASN1.dll
ModLoad: 64a30000 64a65000   C:\WINDOWS\SysWOW64\MLANG.DLL
ModLoad: 76dd0000 76e56000   C:\WINDOWS\SysWOW64\clbcatq.dll
SURFDUMP_BYPASS_MOUSE_ACQUIRE hwnd=*** WARNING: Unable to verify checksum for clash95.exe
18800a0a device=006862ec
SURFDUMP_BYPASS_KEYBOARD_ACQUIRE hwnd=18800a0a device=00679244
ModLoad: 64980000 64a2d000   C:\Windows\SysWOW64\InputSwitch.dll
ModLoad: 57030000 57198000   C:\Windows\SysWOW64\DUI70.dll
ModLoad: 724a0000 726c9000   C:\WINDOWS\WinSxS\x86_microsoft.windows.common-controls_6595b64144ccf1df_6.0.26100.8521_none_85b5ee33f7b02cb9\Comctl32.dll
ModLoad: 76860000 76931000   C:\WINDOWS\SysWOW64\shcore.dll
ModLoad: 67430000 674b4000   C:\Windows\SysWOW64\DUser.dll
ModLoad: 558f0000 55eb5000   C:\WINDOWS\SysWOW64\windowsudk.shellcommon.dll
ModLoad: 70ba0000 70c99000   C:\WINDOWS\SysWOW64\wintypes.dll
ModLoad: 03e20000 03f19000   C:\WINDOWS\SysWOW64\wintypes.dll
ModLoad: 6e1e0000 6e3ce000   C:\Windows\SysWOW64\twinapi.appcore.dll
ModLoad: 56ef0000 57023000   C:\Windows\SysWOW64\Windows.UI.Core.TextInput.dll
ModLoad: 67d00000 67f93000   C:\WINDOWS\SysWOW64\CoreUIComponents.dll
(8fd8.9060): C++ EH exception - code e06d7363 (first chance)
(8fd8.9060): C++ EH exception - code e06d7363 (first chance)
(8fd8.9060): C++ EH exception - code e06d7363 (first chance)
(8fd8.9060): C++ EH exception - code e06d7363 (first chance)
ModLoad: 64930000 6497c000   C:\Windows\SysWOW64\Bcp47Langs.dll
pcshell\shell\inputswitch\switch\ctfhandler.cpp(2651)\InputSwitch.dll!649982F5: (caller: 649951AF) LogHr(1) tid(9060) 80004005 Unspecified error
    CallContext:[\Startup] 
ModLoad: 66b20000 66b52000   C:\WINDOWS\SysWOW64\xmllite.dll
ModLoad: 6ab00000 6ad13000   C:\WINDOWS\SysWOW64\dwrite.dll
ModLoad: 73a00000 740f8000   C:\WINDOWS\SysWOW64\Windows.Storage.dll
ModLoad: 648e0000 64923000   C:\WINDOWS\SysWOW64\UIAnimation.dll
ModLoad: 6b300000 6b4f1000   C:\Windows\SysWOW64\d3d11.dll
ModLoad: 6b1f0000 6b2f7000   C:\Windows\SysWOW64\dxgi.dll
ModLoad: 55220000 558e6000   C:\WINDOWS\SysWOW64\D3D10Warp.dll
ModLoad: 6a7f0000 6a826000   C:\WINDOWS\SysWOW64\dxcore.dll
ModLoad: 68570000 68580000   C:\WINDOWS\SysWOW64\resourcepolicyclient.dll
ModLoad: 6d650000 6d69e000   C:\WINDOWS\SysWOW64\directxdatabasehelper.dll
ModLoad: 6d370000 6d4fa000   C:\WINDOWS\SysWOW64\dcomp.dll
ModLoad: 6d6b0000 6d6c2000   C:\WINDOWS\SysWOW64\Microsoft.Internal.WarpPal.dll
ModLoad: 54330000 543d5000   C:\WINDOWS\SysWOW64\TextShaping.dll
ModLoad: 6e5b0000 6e635000   C:\WINDOWS\SysWOW64\MMDevApi.dll
ModLoad: 64980000 64a2d000   C:\Windows\SysWOW64\InputSwitch.dll
ModLoad: 57030000 57198000   C:\Windows\SysWOW64\DUI70.dll
ModLoad: 67430000 674b4000   C:\Windows\SysWOW64\DUser.dll
ModLoad: 68590000 686fe000   C:\WINDOWS\SysWOW64\AUDIOSES.DLL
ModLoad: 68570000 68580000   C:\WINDOWS\SysWOW64\resourcepolicyclient.dll
ModLoad: 64930000 6497c000   C:\Windows\SysWOW64\Bcp47Langs.dll
pcshell\shell\inputswitch\switch\ctfhandler.cpp(2651)\InputSwitch.dll!649982F5: (caller: 649951AF) LogHr(1) tid(678) 80004005 Unspecified error
    CallContext:[\Startup] 
ModLoad: 66b20000 66b52000   C:\WINDOWS\SysWOW64\xmllite.dll
ModLoad: 6b300000 6b4f1000   C:\Windows\SysWOW64\d3d11.dll
ModLoad: 6b1f0000 6b2f7000   C:\Windows\SysWOW64\dxgi.dll
ModLoad: 55220000 558e6000   C:\WINDOWS\SysWOW64\D3D10Warp.dll
ModLoad: 6d650000 6d69e000   C:\WINDOWS\SysWOW64\directxdatabasehelper.dll
ModLoad: 6d370000 6d4fa000   C:\WINDOWS\SysWOW64\dcomp.dll
ModLoad: 6d6b0000 6d6c2000   C:\WINDOWS\SysWOW64\Microsoft.Internal.WarpPal.dll
ModLoad: 6e3e0000 6e4f2000   C:\Windows\SysWOW64\Windows.UI.dll
ModLoad: 65dc0000 65dc9000   C:\WINDOWS\SysWOW64\avrt.dll
SURFDUMP_SKIP_AVI_SLEEP call=0046fd01 next=0046fd08
SURFDUMP_SKIP_AVI_SLEEP call=0046e4d0 next=0046e4d7
SURFDUMP_SKIP_AVI_SLEEP call=0046e4d0 next=0046e4d7
SURFDUMP_SKIP_AVI_SLEEP call=0046e4d0 next=0046e4d7
SURFDUMP_SKIP_AVI_SLEEP call=0046e4d0 next=0046e4d7
SURFDUMP_SKIP_AVI_SLEEP call=0046e4d0 next=0046e4d7
SURFDUMP_SKIP_AVI_SLEEP call=0046e4d0 next=0046e4d7
SURFDUMP_SKIP_AVI_SLEEP call=0046fd01 next=0046fd08
SURFDUMP_SKIP_START_SLEEP ret=004478a1
SURFDUMP_MAIN_HIT seq=0 choice=0 entry=0x000efa28 ex=239 ey=196 mouse=(300,218)
SURFDUMP_FORCE_MAIN_CLICK seq=0 desc=0x000efa28 mouse=(300,218)
SURFDUMP_FORCE_MAIN_CLICK seq=1 desc=0x000efa28 mouse=(300,218)
SURFDUMP_SKIP_MAIN_LOAD_CALLBACK ret=00419c60 choice_before=0 exit_before=0 mouse=(300,218)
SURFDUMP_LOAD_COORD seq=0 choice=5 entry=0x000efa5d ex=232 ey=228 mouse=(320,166) selected=0 accept=0
SURFDUMP_LOAD_COORD seq=1 choice=5 entry=0x000efa5d ex=232 ey=228 mouse=(320,166) selected=0 accept=0
SURFDUMP_LOAD_COORD seq=2 choice=5 entry=0x000efa92 ex=265 ey=264 mouse=(320,166) selected=0 accept=0
SURFDUMP_LOAD_COORD seq=3 choice=5 entry=0x000efac7 ex=437 ey=196 mouse=(320,166) selected=0 accept=0
SURFDUMP_LOAD_COORD seq=4 choice=5 entry=0x000efafc ex=424 ey=228 mouse=(320,166) selected=0 accept=0
SURFDUMP_LOAD_COORD seq=5 choice=5 entry=0x000efafc ex=424 ey=228 mouse=(320,166) selected=0 accept=0
SURFDUMP_LOAD_COORD seq=6 choice=5 entry=0x000efb31 ex=468 ey=264 mouse=(320,166) selected=0 accept=0
SURFDUMP_LOAD_MENU_ENTRY choice=5 exit=1 selected=0 accept=0 mouse=(320,166)
SURFDUMP_LOAD_MENU_LOOP seq=0 exit=0 selected=-1 accept=0 mouse=(320,166) lbtn=0x80
SURFDUMP_LOAD_MENU_LOOP seq=1 exit=0 selected=-1 accept=0 mouse=(320,166) lbtn=0x80
SURFDUMP_FORCE_LOAD_SELECT seq=0 mouse=(320,166) selected=-1 accept=0
SURFDUMP_FORCE_LOAD_ACCEPT seq=0 selected=0 accept=0 mouse=(320,166)
SURFDUMP_LOAD_ACCEPT_CALL arg=0 selected=0 accept_before=0 mouse=(320,166)
SURFDUMP_LOAD_COORD seq=7 choice=5 entry=0x000efca8 ex=329 ey=452 mouse=(320,166) selected=0 accept=1
SURFDUMP_LOAD_COORD seq=8 choice=5 entry=0x000efca8 ex=329 ey=452 mouse=(320,166) selected=0 accept=1
SURFDUMP_LOAD_COORD seq=9 choice=5 entry=0x000efcdd ex=409 ey=468 mouse=(320,166) selected=0 accept=1
SURFDUMP_LOAD_COORD seq=10 choice=5 entry=0x000efcdd ex=409 ey=468 mouse=(320,166) selected=0 accept=1
SURFDUMP_LOADSAVE selected_arg=0 selected_global=0 accept=1 choice=5 gd=04000030
SURFDUMP_PLAYGAME gd=04000030 map=(100,100) scroll=(11,17) surface=03ffcf78 size=(640,480)
SURFDUMP_PLAYGAME gd=04000030 map=(100,100) scroll=(11,17) surface=03ffcf78 size=(640,480)
NOWNER_HEADER gd=04000030 player=0 scroll=(11,17) surface=0a30f410 size=(800,600) SURFDUMP_REDRAW seq=0 scroll=(11,17) end12=(23,26) map=(100,100) surface=0a30f410 size=(800,600)
NOWNER_FORCE_MAP_CASTLE_CLICK screen=(224,224) expected_map=(14,20) raw=(00003800,00003800) NOWNER_MAP_TILE map=(14,20) mouse=(224,224) selected=-1 current=0 NOWNER_REARM_MAP_COMMIT map=(14,20) mouse=(20,224) NOWNER_BUILDING_TILE map=(14,20) tile=32768 index=0 owner=0 mode=2 active=0 flags=0x0b NOWNER_CASTLE_OVERVIEW_ENTRY ret=0041ed6f castle_index=0 main_surface=0a30f410 size=(800,600) NOWNER_CASTLE_OVERVIEW_POST_DRAW overview_surface=0a63ba98 size=(640,480) owner_screen=0407c71a NOWNER_CASTLE_HITMAP_SAMPLE surface=0a63ba98 size=(640,480) base=0a6c0030 displayed=(231,366) displayed_sample=0x0c native=(151,306) native_sample=0xfe bbox_min=(77,306) bbox_min_sample=0xfe bbox_max=(237,426) bbox_max_sample=0x35 expected_raw=254 NOWNER_CASTLE_CMD99_TARGET native=(151,306) displayed_hint=(231,366) raw=(000025c0,00004c80) NOWNER_CASTLE_HIT raw_hit=254 adjusted=6 expected_raw=254 NOWNER_CASTLE_DESCRIPTOR command=99 callback=00433c20 owner_screen=0407c71a NOWNER_CASTLE_CMD99_GATE gate_before=1 forced_gate=1 NOWNER_CASTLE_CALLBACK callback=00433c20 eax_arg=0407c71a command=99 NOWNER_433C20_ENTRY ret=0042262e owner_arg=0407c71a owner_flag=0x0b d532150_before=00000000 surface=0a30f410 size=(800,600) NOWNER_OWNER_FLAG_TEST owner=0407c71a owner_flag=0x0b bit2=2 bit1=1 bit8=8 NOWNER_WRITE_532154 continue_full ret=00422020 d532150=0407c71a d53214c=00000001 d532154=0a026150 owner_flag=0x0b NOWNER_OWNER_SCREEN_DESC_DRAW list=00514fc0 d0=(39,426 cb=004338c0) d1=(155,426 cb=004338e0) d2=(272,426 cb=00433a40) surface=0a30f410 size=(800,600) NOWNER_FORCE_OWNER_DESC_CLICK native=(180,440) raw=(00002d00,00006e00) d1=(155,426 cb=004338e0) owner=0407c71a owner_flag=0x0b NOWNER_HITTEST_ENTRY count=1 desc=00514fc0 xy=(39,426) flags=0x01 hit=004338c0 mouse=(180,440) click=00000001 button0=0x80 NOWNER_HITTEST_ENTRY count=2 desc=00514ff5 xy=(155,426) flags=0x01 hit=004338e0 mouse=(180,440) click=00000001 button0=0x80 NOWNER_DESCRIPTOR_CALLBACK desc=00514ff5 xy=(155,426) flags=0x01 callback=004338e0 mouse=(180,440) NOWNER_RENDER_BEGIN_LATE_ARMED
NOWNER_4338E0_ENTRY ret=00419c60 eax_desc=00514ff5 owner=0407c71a owner_flag=0x0b d532218=00000000 d5322c8=0 d544d10=00000001 d544d04=00000001 button0=0x80 raw=(00002d00,00006e00) d543d78=00000001 d543d7c=00000005 surface=0a30f410 size=(800,600) NOWNER_RELEASE_OWNER_DESC_CLICK before_d544d04=00000001 before_button0=0x80 after_d544d04=00000000 after_button0=0x00 raw=(00002d00,00006e00) d543d78=00000001 d543d7c=00000005 reason=post_4338e0_entry NOWNER_419ED0_ENTRY desc=00514ff5 ret=004338e6 state=1 sound=004efd67 NOWNER_419ED0_SOUND_PREP desc=00514ff5 sound=004efd67 ret=004338e6 NOWNER_419ED0_SOUND_RETURN desc=00514ff5 ret=004338e6 eax=004efd67 NOWNER_419ED0_STATE6_READY desc=00514ff5 ret=004338e6 state=1 d544cd8=00544cd8 NOWNER_419ED0_RENDER_BEGIN desc=00514ff5 ret=004338e6 d544d10=00000001 d544d04=00000000 button0=0x00 raw=(00002d00,00006e00) d543d78=00000001 d543d7c=00000005 render=00000001 NOWNER_RENDER_BEGIN_ENTRY ret=00419efa render=00544cd8 callback=00000000 d544d10=00000001 d544d04=00000000 button0=0x00 raw=(00002d00,00006e00) d543d78=00000001 d543d7c=00000005 surface=0a30f410 size=(800,600) NOWNER_RENDER_BEGIN_LOOP iter=1 render=00544cd8 callback=00000000 d544d10=00000001 d544d04=00000000 button0=0x00 raw=(00002d00,00006e00) d543d78=00000001 d543d7c=00000005 NOWNER_RENDER_BEGIN_FLIP_RESULT iter=1 eax=00000000 render=00544cd8 callback=00000000 d544d10=00000001 d544d04=00000000 button0=0x00 raw=(00002d00,00006e00) d543d78=00000001 d543d7c=00000005 NOWNER_RENDER_BEGIN_LOST_RESULT iter=1 eax=00000000 render=00544cd8 callback=00000000 d544d10=00000001 d544d04=00000000 button0=0x00 raw=(00002d00,00006e00) d543d78=00000001 d543d7c=00000005 NOWNER_RENDER_BEGIN_EXIT ret=00419efa render=00544cd8 callback=00000000 d544d10=00000001 d544d04=00000000 button0=0x00 raw=(00002d00,00006e00) d543d78=00000001 d543d7c=00000005 iter=1 NOWNER_419ED0_RENDER_BEGIN_RETURN desc=00514ff5 ret=004338e6 eax=00000000 d544d10=00000001 d544d04=00000000 button0=0x00 d543d78=00000001 d543d7c=00000005 NOWNER_419ED0_STATE5_DONE desc=00514ff5 ret=004338e6 state=5 eax=00000001 NOWNER_4338E0_AFTER_SELECT owner=0407c71a owner_flag=0x0b d532218=00000000 d5322c8=0 eax=00000001 NOWNER_4338E0_AFTER_GATE owner=0407c71a owner_flag=0x0b d544d10=00000001 surface=0a30f410 size=(800,600) NOWNER_4338E0_RESOURCE_SETUP ret=000001dc eax=0051d4c0 edx=00000014 d544d10=00000001 owner=0407c71a owner_flag=0x0b NOWNER_4338E0_PRE_PUMP ret=000001dc render=00000000 d544d10=00000001 surface=0a30f410 size=(800,600) NOWNER_4338E0_PUMP_ENTRY ret=0043390f render=00544cd8 d544d10=00000001 surface=0a30f410 size=(800,600) NOWNER_4338E0_PUMP_RETURN ret=0043390f d544d10=00000000 surface=0a30f410 size=(800,600) NOWNER_4338E0_POST_PUMP ret=000001dc owner=0407c71a owner_flag=0x0b d544d10=00000000 surface=0a30f410 size=(800,600) NOWNER_ACTION_CALL_WRAPPER ret=000001dc owner_arg=0407c71a owner_global=0407c71a owner_flag=0x0b d532218=00000000 d5322c8=0 surface=0a30f410 size=(800,600) NOWNER_WRAPPER_ENTRY ret=00433919 owner_arg=0407c71a d532218=00000000 d5322c8=0 surface=0a30f410 size=(800,600) raw=(00002d00,00006e00) d544d04=00000000 button0=0x00 NOWNER_WRAPPER_ALLOC_RESULT alloc=0a029880 saved_surface=0a30f410 current_surface=0a30f410 NOWNER_WRAPPER_TEMP_SURFACE temp_surface=0a029880 saved_surface=0a30f410 current_surface=0a029880 size=(640,480) NOWNER_WRAPPER_CALL_STOCK_435BC0 owner_arg=0407c71a saved_surface=0a30f410 temp_surface=0a029880 current_surface=0a029880 d532218=00000000 d5322c8=0 NOWNER_OWNER_435BC0_ENTRY ret=0051b837 owner_arg=0407c71a d532218_before=00000000 d5322c8_before=0 surface=0a029880 size=(640,480) mouse=(180,440) NOWNER_435BC0_WRITE_532218 ret=00000000 new=0407c71a selected_index=0 hover_slot=0 surface=0a029880 size=(640,480) NOWNER_435BC0_WRITE_5322C8 ret=00000000 new=-1 d532218=0407c71a selected_index=0 surface=0a029880 size=(640,480) NOWNER_435BC0_ALLOC_RESULT eax=03aab038 d532218=0407c71a d532214=00000001 d53221c=00000000 surface=0a029880 size=(640,480) NOWNER_435BC0_MODEL_CHECK model=00000001 d53221c=03aab038 d532218=0407c71a d5322c8=-1 NOWNER_435BC0_PANEL_DRAW ret=00435d84 owner=0407c71a selected_index=0 hover_slot=-1 render=0a029880 map_surface=0a029880 size=(640,480) NOWNER_435BC0_GRID_DRAW ret=00435172 owner=0407c71a selected_index=0 hover_slot=-1 render=0a029880 map_surface=0a029880 size=(640,480) NOWNER_435BC0_STATUS_DRAW ret=00435d8e owner=0407c71a selected_index=0 hover_slot=-1 mouse=(180,440) render=0a029880 map_surface=0a029880 NOWNER_435BC0_ACTION_BOX ret=00435d93 owner=0407c71a selected_index=0 hover_slot=-1 mouse=(180,440) render=0051d4c0 map_surface=0a029880 NOWNER_435BC0_LOOP_HEAD iter=1 ebx=0 d532210=0 d532218=0407c71a d5322c8=-1 surface=0a029880 size=(640,480) raw=(00002d00,00006e00) d544d04=00000000 button0=0x00 NOWNER_435BC0_LOOP_PUMP_CALL iter=1 ebx=0 d532210=0 render=00544cd8 surface=0a029880 size=(640,480) raw=(00002d00,00006e00) d544d04=00000000 button0=0x00 NOWNER_435BC0_PUMP_ENTRY iter=1 ret=00435dde render=00544cd8 edx=00000000 d544d10=00000001 d544d04=00000000 button0=0x00 raw=(00002d00,00006e00) d543d78=00000001 d543d7c=00000005 surface=0a029880 size=(640,480) NOWNER_435BC0_PUMP_MSG_CALL iter=1 ret=00435dde render=00544cd8 d544d10=00000001 d544d04=00000000 button0=0x00 raw=(00002d00,00006e00) d543d78=00000001 d543d7c=00000005 NOWNER_435BC0_PUMP_MSG_RETURN iter=1 ret=00435dde eax=00000001 render=00544cd8 d544d10=00000001 d544d04=00000000 button0=0x00 raw=(00002d00,00006e00) d543d78=00000001 d543d7c=00000005 NOWNER_435BC0_PUMP_TICK_RETURN iter=1 ret=00435dde eax=02c15f32 render=00544cd8 d544d10=00000001 d544d04=00000000 button0=0x00 raw=(00002d00,00006e00) d543d78=00000001 d543d7c=00000005 NOWNER_435BC0_PUMP_CB14_CALL iter=1 ret=00435dde vtable=0050f204 cb14=004612e0 render=00544cd8 raw=(00002d00,00006e00) d544d04=00000000 button0=0x00 NOWNER_435BC0_PUMP_608F0A_CALL iter=1 ret=00435dde render=00544cd8 raw=(00000100,00006e00) d544d04=00000001 button0=0xdb NOWNER_435BC0_PUMP_608F0A_RETURN iter=1 ret=00435dde eax=00000001 render=00544cd8 raw=(00000100,00006e00) d544d04=00000001 button0=0xdb NOWNER_435BC0_PUMP_608F0B_CALL iter=1 ret=00435dde render=00544cd8 raw=(00000100,00006e00) d544d04=00000001 button0=0xdb NOWNER_435BC0_PUMP_608F0B_RETURN iter=1 ret=00435dde eax=00000001 render=00544cd8 raw=(00000100,00006e00) d544d04=00000001 button0=0xdb NOWNER_435BC0_PUMP_CB04_CALL iter=1 ret=00435dde vtable=0050f204 cb04=004611a0 render=00544cd8 raw=(00000100,00006e00) d544d04=00000001 button0=0xdb NOWNER_435BC0_PUMP_CB04_RETURN iter=1 ret=00435dde eax=00544cd8 render=00544cd8 raw=(00000100,00006e00) d544d04=00000001 button0=0xdb NOWNER_435BC0_LOOP_DRAW_CALL iter=1 ebx=0 d532210=0 d532218=0407c71a d5322c8=-1 surface=0a029880 size=(640,480) raw=(00000100,00006e00) d544d04=00000001 button0=0xdb NOWNER_435BC0_POLL count=1 d532210=0 d532218=0407c71a d532220=0 d5322c8=-1 mouse=(4,440) raw=(00000100,00006e00) d544d04=00000001 button0=0xdb surface=0a029880 size=(640,480) NOWNER_435BC0_GRID_DRAW ret=00435274 owner=0407c71a selected_index=0 hover_slot=-1 render=0051d4c0 map_surface=0a029880 size=(640,480) NOWNER_435BC0_LOOP_DRAW_RETURN iter=1 ebx=0 d532210=0 d532218=0407c71a d5322c8=-1 surface=0a029880 size=(640,480) NOWNER_435BC0_LOOP_HIT_RESULT iter=1 eax=00000000 ebx=0 d532210=0 d532218=0407c71a d5322c8=-1 NOWNER_435BC0_NO_HIT_UPDATE iter=1 ebx=0 d532210=0 d532218=0407c71a d5322c8=-1 NOWNER_435BC0_GRID_ROUTE_ENTRY selected_index=0 hover_slot=-1 mouse=(4,440) raw=(00000100,00006e00) NOWNER_435BC0_GRID_GATE raw_result=1 mouse=(4,440) raw=(00000100,00006e00) NOWNER_435BC0_GRID_CALL mouse=(4,440) raw=(00000100,00006e00) NOWNER_435BC0_GRID_ENTRY mouse=(-76,380) raw=(ffffed00,00005f00) shift=6 selected_index=0 hover_slot=-1 NOWNER_435BC0_GRID_FAIL result=-1 mouse=(-76,380) selected_index=0 hover_slot=-1 NOWNER_435BC0_LOOP_COMPARE iter=1 ebx=0 d532210=0 d532218=0407c71a d5322c8=-1 NOWNER_435BC0_LOOP_HEAD iter=2 ebx=0 d532210=0 d532218=0407c71a d5322c8=-1 surface=0a029880 size=(640,480) raw=(00000100,00006e00) d544d04=00000001 button0=0xdb NOWNER_435BC0_LOOP_PUMP_CALL iter=2 ebx=0 d532210=0 render=00544cd8 surface=0a029880 size=(640,480) raw=(00000100,00006e00) d544d04=00000001 button0=0xdb NOWNER_435BC0_PUMP_ENTRY iter=2 ret=00435dde render=00544cd8 edx=00000000 d544d10=00000001 d544d04=00000001 button0=0xdb raw=(00000100,00006e00) d543d78=00000001 d543d7c=00000005 surface=0a029880 size=(640,480) NOWNER_435BC0_PUMP_MSG_CALL iter=2 ret=00435dde render=00544cd8 d544d10=00000001 d544d04=00000001 button0=0xdb raw=(00000100,00006e00) d543d78=00000001 d543d7c=00000005 NOWNER_435BC0_PUMP_MSG_RETURN iter=2 ret=00435dde eax=00000001 render=00544cd8 d544d10=00000001 d544d04=00000001 button0=0xdb raw=(00000100,00006e00) d543d78=00000001 d543d7c=00000005 NOWNER_435BC0_PUMP_TICK_RETURN iter=2 ret=00435dde eax=02c15f5f render=00544cd8 d544d10=00000001 d544d04=00000001 button0=0xdb raw=(00000100,00006e00) d543d78=00000001 d543d7c=00000005 NOWNER_435BC0_PUMP_CB14_CALL iter=2 ret=00435dde vtable=0050f204 cb14=004612e0 render=00544cd8 raw=(00000100,00006e00) d544d04=00000001 button0=0xdb NOWNER_435BC0_PUMP_608F0A_CALL iter=2 ret=00435dde render=00544cd8 raw=(00000100,00006e00) d544d04=00000001 button0=0xb3 NOWNER_435BC0_PUMP_608F0A_RETURN iter=2 ret=00435dde eax=00000001 render=00544cd8 raw=(00000100,00006e00) d544d04=00000001 button0=0xb3 NOWNER_435BC0_PUMP_608F0B_CALL iter=2 ret=00435dde render=00544cd8 raw=(00000100,00006e00) d544d04=00000001 button0=0xb3 NOWNER_435BC0_PUMP_608F0B_RETURN iter=2 ret=00435dde eax=00000001 render=00544cd8 raw=(00000100,00006e00) d544d04=00000001 button0=0xb3 NOWNER_435BC0_PUMP_CB04_CALL iter=2 ret=00435dde vtable=0050f204 cb04=004611a0 render=00544cd8 raw=(00000100,00006e00) d544d04=00000001 button0=0xb3 NOWNER_435BC0_PUMP_CB04_RETURN iter=2 ret=00435dde eax=00544cd8 render=00544cd8 raw=(00000100,00006e00) d544d04=00000001 button0=0xb3 NOWNER_435BC0_LOOP_DRAW_CALL iter=2 ebx=0 d532210=0 d532218=0407c71a d5322c8=-1 surface=0a029880 size=(640,480) raw=(00000100,00006e00) d544d04=00000001 button0=0xb3 NOWNER_435BC0_POLL count=2 d532210=0 d532218=0407c71a d532220=0 d5322c8=-1 mouse=(4,440) raw=(00000100,00006e00) d544d04=00000001 button0=0xb3 surface=0a029880 size=(640,480) NOWNER_435BC0_GRID_DRAW ret=00435274 owner=0407c71a selected_index=0 hover_slot=-1 render=0051d4c0 map_surface=0a029880 size=(640,480) NOWNER_435BC0_LOOP_DRAW_RETURN iter=2 ebx=0 d532210=0 d532218=0407c71a d5322c8=-1 surface=0a029880 size=(640,480) NOWNER_435BC0_LOOP_HIT_RESULT iter=2 eax=00000000 ebx=0 d532210=0 d532218=0407c71a d5322c8=-1 NOWNER_435BC0_NO_HIT_UPDATE iter=2 ebx=0 d532210=0 d532218=0407c71a d5322c8=-1 NOWNER_435BC0_GRID_ROUTE_ENTRY selected_index=0 hover_slot=-1 mouse=(4,440) raw=(00000100,00006e00) NOWNER_435BC0_GRID_GATE raw_result=1 mouse=(4,440) raw=(00000100,00006e00) NOWNER_435BC0_GRID_CALL mouse=(4,440) raw=(00000100,00006e00) NOWNER_435BC0_GRID_ENTRY mouse=(-76,380) raw=(ffffed00,00005f00) shift=6 selected_index=0 hover_slot=-1 NOWNER_435BC0_GRID_FAIL result=-1 mouse=(-76,380) selected_index=0 hover_slot=-1 NOWNER_435BC0_LOOP_COMPARE iter=2 ebx=0 d532210=0 d532218=0407c71a d5322c8=-1 NOWNER_435BC0_LOOP_HEAD iter=3 ebx=0 d532210=0 d532218=0407c71a d5322c8=-1 surface=0a029880 size=(640,480) raw=(00000100,00006e00) d544d04=00000001 button0=0xb3 NOWNER_435BC0_LOOP_PUMP_CALL iter=3 ebx=0 d532210=0 render=00544cd8 surface=0a029880 size=(640,480) raw=(00000100,00006e00) d544d04=00000001 button0=0xb3 NOWNER_435BC0_PUMP_ENTRY iter=3 ret=00435dde render=00544cd8 edx=00000000 d544d10=00000001 d544d04=00000001 button0=0xb3 raw=(00000100,00006e00) d543d78=00000001 d543d7c=00000005 surface=0a029880 size=(640,480) NOWNER_435BC0_PUMP_MSG_CALL iter=3 ret=00435dde render=00544cd8 d544d10=00000001 d544d04=00000001 button0=0xb3 raw=(00000100,00006e00) d543d78=00000001 d543d7c=00000005 NOWNER_435BC0_PUMP_MSG_RETURN iter=3 ret=00435dde eax=00000001 render=00544cd8 d544d10=00000001 d544d04=00000001 button0=0xb3 raw=(00000100,00006e00) d543d78=00000001 d543d7c=00000005 NOWNER_435BC0_PUMP_TICK_RETURN iter=3 ret=00435dde eax=02c15f89 render=00544cd8 d544d10=00000001 d544d04=00000001 button0=0xb3 raw=(00000100,00006e00) d543d78=00000001 d543d7c=00000005 NOWNER_435BC0_PUMP_CB14_CALL iter=3 ret=00435dde vtable=0050f204 cb14=004612e0 render=00544cd8 raw=(00000100,00006e00) d544d04=00000001 button0=0xb3 NOWNER_435BC0_PUMP_608F0A_CALL iter=3 ret=00435dde render=00544cd8 raw=(00000100,00006e00) d544d04=00000003 button0=0xe8 NOWNER_435BC0_PUMP_608F0A_RETURN iter=3 ret=00435dde eax=00000001 render=00544cd8 raw=(00000100,00006e00) d544d04=00000003 button0=0xe8 NOWNER_435BC0_PUMP_608F0B_CALL iter=3 ret=00435dde render=00544cd8 raw=(00000100,00006e00) d544d04=00000003 button0=0xe8 NOWNER_435BC0_PUMP_608F0B_RETURN iter=3 ret=00435dde eax=00000001 render=00544cd8 raw=(00000100,00006e00) d544d04=00000003 button0=0xe8 NOWNER_435BC0_PUMP_CB04_CALL iter=3 ret=00435dde vtable=0050f204 cb04=004611a0 render=00544cd8 raw=(00000100,00006e00) d544d04=00000003 button0=0xe8 NOWNER_435BC0_PUMP_CB04_RETURN iter=3 ret=00435dde eax=00544cd8 render=00544cd8 raw=(00000100,00006e00) d544d04=00000003 button0=0xe8 NOWNER_435BC0_LOOP_DRAW_CALL iter=3 ebx=0 d532210=0 d532218=0407c71a d5322c8=-1 surface=0a029880 size=(640,480) raw=(00000100,00006e00) d544d04=00000003 button0=0xe8 NOWNER_435BC0_POLL count=3 d532210=0 d532218=0407c71a d532220=0 d5322c8=-1 mouse=(4,440) raw=(00000100,00006e00) d544d04=00000003 button0=0xe8 surface=0a029880 size=(640,480) NOWNER_435BC0_GRID_DRAW ret=00435274 owner=0407c71a selected_index=0 hover_slot=-1 render=0051d4c0 map_surface=0a029880 size=(640,480) NOWNER_435BC0_LOOP_DRAW_RETURN iter=3 ebx=0 d532210=0 d532218=0407c71a d5322c8=-1 surface=0a029880 size=(640,480) NOWNER_435BC0_LOOP_HIT_RESULT iter=3 eax=00000000 ebx=0 d532210=0 d532218=0407c71a d5322c8=-1 NOWNER_435BC0_NO_HIT_UPDATE iter=3 ebx=0 d532210=0 d532218=0407c71a d5322c8=-1 NOWNER_435BC0_GRID_ROUTE_ENTRY selected_index=0 hover_slot=-1 mouse=(4,440) raw=(00000100,00006e00) NOWNER_435BC0_GRID_GATE raw_result=1 mouse=(4,440) raw=(00000100,00006e00) NOWNER_435BC0_GRID_CALL mouse=(4,440) raw=(00000100,00006e00) NOWNER_435BC0_GRID_ENTRY mouse=(-76,380) raw=(ffffed00,00005f00) shift=6 selected_index=0 hover_slot=-1 NOWNER_435BC0_GRID_FAIL result=-1 mouse=(-76,380) selected_index=0 hover_slot=-1 NOWNER_435BC0_LOOP_COMPARE iter=3 ebx=0 d532210=0 d532218=0407c71a d5322c8=-1 NOWNER_435BC0_LOOP_HEAD iter=4 ebx=0 d532210=0 d532218=0407c71a d5322c8=-1 surface=0a029880 size=(640,480) raw=(00000100,00006e00) d544d04=00000003 button0=0xe8 NOWNER_435BC0_LOOP_PUMP_CALL iter=4 ebx=0 d532210=0 render=00544cd8 surface=0a029880 size=(640,480) raw=(00000100,00006e00) d544d04=00000003 button0=0xe8 NOWNER_435BC0_PUMP_ENTRY iter=4 ret=00435dde render=00544cd8 edx=00000000 d544d10=00000001 d544d04=00000003 button0=0xe8 raw=(00000100,00006e00) d543d78=00000001 d543d7c=00000005 surface=0a029880 size=(640,480) NOWNER_435BC0_PUMP_MSG_CALL iter=4 ret=00435dde render=00544cd8 d544d10=00000001 d544d04=00000003 button0=0xe8 raw=(00000100,00006e00) d543d78=00000001 d543d7c=00000005 NOWNER_435BC0_PUMP_MSG_RETURN iter=4 ret=00435dde eax=00000001 render=00544cd8 d544d10=00000001 d544d04=00000003 button0=0xe8 raw=(00000100,00006e00) d543d78=00000001 d543d7c=00000005 NOWNER_435BC0_PUMP_TICK_RETURN iter=4 ret=00435dde eax=02c15fb4 render=00544cd8 d544d10=00000001 d544d04=00000003 button0=0xe8 raw=(00000100,00006e00) d543d78=00000001 d543d7c=00000005 NOWNER_435BC0_PUMP_CB14_CALL iter=4 ret=00435dde vtable=0050f204 cb14=004612e0 render=00544cd8 raw=(00000100,00006e00) d544d04=00000003 button0=0xe8 NOWNER_435BC0_PUMP_608F0A_CALL iter=4 ret=00435dde render=00544cd8 raw=(00000100,00006e00) d544d04=00000001 button0=0x95 NOWNER_435BC0_PUMP_608F0A_RETURN iter=4 ret=00435dde eax=00000001 render=00544cd8 raw=(00000100,00006e00) d544d04=00000001 button0=0x95 NOWNER_435BC0_PUMP_608F0B_CALL iter=4 ret=00435dde render=00544cd8 raw=(00000100,00006e00) d544d04=00000001 button0=0x95 NOWNER_435BC0_PUMP_608F0B_RETURN iter=4 ret=00435dde eax=00000001 render=00544cd8 raw=(00000100,00006e00) d544d04=00000001 button0=0x95 NOWNER_435BC0_PUMP_CB04_CALL iter=4 ret=00435dde vtable=0050f204 cb04=004611a0 render=00544cd8 raw=(00000100,00006e00) d544d04=00000001 button0=0x95 NOWNER_435BC0_PUMP_CB04_RETURN iter=4 ret=00435dde eax=00544cd8 render=00544cd8 raw=(00000100,00006e00) d544d04=00000001 button0=0x95 NOWNER_435BC0_LOOP_DRAW_CALL iter=4 ebx=0 d532210=0 d532218=0407c71a d5322c8=-1 surface=0a029880 size=(640,480) raw=(00000100,00006e00) d544d04=00000001 button0=0x95 NOWNER_435BC0_POLL count=4 d532210=0 d532218=0407c71a d532220=0 d5322c8=-1 mouse=(4,440) raw=(00000100,00006e00) d544d04=00000001 button0=0x95 surface=0a029880 size=(640,480) NOWNER_435BC0_GRID_DRAW ret=00435274 owner=0407c71a selected_index=0 hover_slot=-1 render=0051d4c0 map_surface=0a029880 size=(640,480) NOWNER_435BC0_LOOP_DRAW_RETURN iter=4 ebx=0 d532210=0 d532218=0407c71a d5322c8=-1 surface=0a029880 size=(640,480) NOWNER_435BC0_LOOP_HIT_RESULT iter=4 eax=00000000 ebx=0 d532210=0 d532218=0407c71a d5322c8=-1 NOWNER_435BC0_NO_HIT_UPDATE iter=4 ebx=0 d532210=0 d532218=0407c71a d5322c8=-1 NOWNER_435BC0_GRID_ROUTE_ENTRY selected_index=0 hover_slot=-1 mouse=(4,440) raw=(00000100,00006e00) NOWNER_435BC0_GRID_GATE raw_result=1 mouse=(4,440) raw=(00000100,00006e00) NOWNER_435BC0_GRID_CALL mouse=(4,440) raw=(00000100,00006e00) NOWNER_435BC0_GRID_ENTRY mouse=(-76,380) raw=(ffffed00,00005f00) shift=6 selected_index=0 hover_slot=-1 NOWNER_435BC0_GRID_FAIL result=-1 mouse=(-76,380) selected_index=0 hover_slot=-1 NOWNER_435BC0_LOOP_COMPARE iter=4 ebx=0 d532210=0 d532218=0407c71a d5322c8=-1 NOWNER_435BC0_LOOP_HEAD iter=5 ebx=0 d532210=0 d532218=0407c71a d5322c8=-1 surface=0a029880 size=(640,480) raw=(00000100,00006e00) d544d04=00000001 button0=0x95 NOWNER_435BC0_LOOP_PUMP_CALL iter=5 ebx=0 d532210=0 render=00544cd8 surface=0a029880 size=(640,480) raw=(00000100,00006e00) d544d04=00000001 button0=0x95 NOWNER_435BC0_PUMP_ENTRY iter=5 ret=00435dde render=00544cd8 edx=00000000 d544d10=00000001 d544d04=00000001 button0=0x95 raw=(00000100,00006e00) d543d78=00000001 d543d7c=00000005 surface=0a029880 size=(640,480) NOWNER_435BC0_PUMP_MSG_CALL iter=5 ret=00435dde render=00544cd8 d544d10=00000001 d544d04=00000001 button0=0x95 raw=(00000100,00006e00) d543d78=00000001 d543d7c=00000005 NOWNER_435BC0_PUMP_MSG_RETURN iter=5 ret=00435dde eax=00000001 render=00544cd8 d544d10=00000001 d544d04=00000001 button0=0x95 raw=(00000100,00006e00) d543d78=00000001 d543d7c=00000005 NOWNER_435BC0_PUMP_TICK_RETURN iter=5 ret=00435dde eax=02c15fde render=00544cd8 d544d10=00000001 d544d04=00000001 button0=0x95 raw=(00000100,00006e00) d543d78=00000001 d543d7c=00000005 NOWNER_435BC0_PUMP_CB14_CALL iter=5 ret=00435dde vtable=0050f204 cb14=004612e0 render=00544cd8 raw=(00000100,00006e00) d544d04=00000001 button0=0x95 NOWNER_435BC0_PUMP_608F0A_CALL iter=5 ret=00435dde render=00544cd8 raw=(00000100,00006e00) d544d04=00000001 button0=0xdd NOWNER_435BC0_PUMP_608F0A_RETURN iter=5 ret=00435dde eax=00000001 render=00544cd8 raw=(00000100,00006e00) d544d04=00000001 button0=0xdd NOWNER_435BC0_PUMP_608F0B_CALL iter=5 ret=00435dde render=00544cd8 raw=(00000100,00006e00) d544d04=00000001 button0=0xdd NOWNER_435BC0_PUMP_608F0B_RETURN iter=5 ret=00435dde eax=00000001 render=00544cd8 raw=(00000100,00006e00) d544d04=00000001 button0=0xdd NOWNER_435BC0_PUMP_CB04_CALL iter=5 ret=00435dde vtable=0050f204 cb04=004611a0 render=00544cd8 raw=(00000100,00006e00) d544d04=00000001 button0=0xdd NOWNER_435BC0_PUMP_CB04_RETURN iter=5 ret=00435dde eax=00544cd8 render=00544cd8 raw=(00000100,00006e00) d544d04=00000001 button0=0xdd NOWNER_435BC0_LOOP_DRAW_CALL iter=5 ebx=0 d532210=0 d532218=0407c71a d5322c8=-1 surface=0a029880 size=(640,480) raw=(00000100,00006e00) d544d04=00000001 button0=0xdd NOWNER_435BC0_POLL count=5 d532210=0 d532218=0407c71a d532220=0 d5322c8=-1 mouse=(4,440) raw=(00000100,00006e00) d544d04=00000001 button0=0xdd surface=0a029880 size=(640,480) NOWNER_435BC0_GRID_DRAW ret=00435274 owner=0407c71a selected_index=0 hover_slot=-1 render=0051d4c0 map_surface=0a029880 size=(640,480) NOWNER_435BC0_LOOP_DRAW_RETURN iter=5 ebx=0 d532210=0 d532218=0407c71a d5322c8=-1 surface=0a029880 size=(640,480) NOWNER_435BC0_LOOP_HIT_RESULT iter=5 eax=00000000 ebx=0 d532210=0 d532218=0407c71a d5322c8=-1 NOWNER_435BC0_NO_HIT_UPDATE iter=5 ebx=0 d532210=0 d532218=0407c71a d5322c8=-1 NOWNER_435BC0_GRID_ROUTE_ENTRY selected_index=0 hover_slot=-1 mouse=(4,440) raw=(00000100,00006e00) NOWNER_435BC0_GRID_GATE raw_result=1 mouse=(4,440) raw=(00000100,00006e00) NOWNER_435BC0_GRID_CALL mouse=(4,440) raw=(00000100,00006e00) NOWNER_435BC0_GRID_ENTRY mouse=(-76,380) raw=(ffffed00,00005f00) shift=6 selected_index=0 hover_slot=-1 NOWNER_435BC0_GRID_FAIL result=-1 mouse=(-76,380) selected_index=0 hover_slot=-1 NOWNER_435BC0_LOOP_COMPARE iter=5 ebx=0 d532210=0 d532218=0407c71a d5322c8=-1 NOWNER_435BC0_LOOP_HEAD iter=6 ebx=0 d532210=0 d532218=0407c71a d5322c8=-1 surface=0a029880 size=(640,480) raw=(00000100,00006e00) d544d04=00000001 button0=0xdd NOWNER_435BC0_LOOP_PUMP_CALL iter=6 ebx=0 d532210=0 render=00544cd8 surface=0a029880 size=(640,480) raw=(00000100,00006e00) d544d04=00000001 button0=0xdd NOWNER_435BC0_PUMP_ENTRY iter=6 ret=00435dde render=00544cd8 edx=00000000 d544d10=00000001 d544d04=00000001 button0=0xdd raw=(00000100,00006e00) d543d78=00000001 d543d7c=00000005 surface=0a029880 size=(640,480) NOWNER_435BC0_PUMP_MSG_CALL iter=6 ret=00435dde render=00544cd8 d544d10=00000001 d544d04=00000001 button0=0xdd raw=(00000100,00006e00) d543d78=00000001 d543d7c=00000005 NOWNER_435BC0_PUMP_MSG_RETURN iter=6 ret=00435dde eax=00000001 render=00544cd8 d544d10=00000001 d544d04=00000001 button0=0xdd raw=(00000100,00006e00) d543d78=00000001 d543d7c=00000005 NOWNER_435BC0_PUMP_TICK_RETURN iter=6 ret=00435dde eax=02c16008 render=00544cd8 d544d10=00000001 d544d04=00000001 button0=0xdd raw=(00000100,00006e00) d543d78=00000001 d543d7c=00000005 NOWNER_435BC0_PUMP_CB14_CALL iter=6 ret=00435dde vtable=0050f204 cb14=004612e0 render=00544cd8 raw=(00000100,00006e00) d544d04=00000001 button0=0xdd NOWNER_435BC0_PUMP_608F0A_CALL iter=6 ret=00435dde render=00544cd8 raw=(00000100,00006e00) d544d04=00000001 button0=0xfb NOWNER_435BC0_PUMP_608F0A_RETURN iter=6 ret=00435dde eax=00000001 render=00544cd8 raw=(00000100,00006e00) d544d04=00000001 button0=0xfb NOWNER_435BC0_PUMP_608F0B_CALL iter=6 ret=00435dde render=00544cd8 raw=(00000100,00006e00) d544d04=00000001 button0=0xfb NOWNER_435BC0_PUMP_608F0B_RETURN iter=6 ret=00435dde eax=00000001 render=00544cd8 raw=(00000100,00006e00) d544d04=00000001 button0=0xfb NOWNER_435BC0_PUMP_CB04_CALL iter=6 ret=00435dde vtable=0050f204 cb04=004611a0 render=00544cd8 raw=(00000100,00006e00) d544d04=00000001 button0=0xfb NOWNER_435BC0_PUMP_CB04_RETURN iter=6 ret=00435dde eax=00544cd8 render=00544cd8 raw=(00000100,00006e00) d544d04=00000001 button0=0xfb NOWNER_435BC0_LOOP_DRAW_CALL iter=6 ebx=0 d532210=0 d532218=0407c71a d5322c8=-1 surface=0a029880 size=(640,480) raw=(00000100,00006e00) d544d04=00000001 button0=0xfb NOWNER_435BC0_POLL count=6 d532210=0 d532218=0407c71a d532220=0 d5322c8=-1 mouse=(4,440) raw=(00000100,00006e00) d544d04=00000001 button0=0xfb surface=0a029880 size=(640,480) NOWNER_435BC0_GRID_DRAW ret=00435274 owner=0407c71a selected_index=0 hover_slot=-1 render=0051d4c0 map_surface=0a029880 size=(640,480) NOWNER_435BC0_LOOP_DRAW_RETURN iter=6 ebx=0 d532210=0 d532218=0407c71a d5322c8=-1 surface=0a029880 size=(640,480) NOWNER_435BC0_LOOP_HIT_RESULT iter=6 eax=00000000 ebx=0 d532210=0 d532218=0407c71a d5322c8=-1 NOWNER_435BC0_NO_HIT_UPDATE iter=6 ebx=0 d532210=0 d532218=0407c71a d5322c8=-1 NOWNER_435BC0_GRID_ROUTE_ENTRY selected_index=0 hover_slot=-1 mouse=(4,440) raw=(00000100,00006e00) NOWNER_435BC0_GRID_GATE raw_result=1 mouse=(4,440) raw=(00000100,00006e00) NOWNER_435BC0_GRID_CALL mouse=(4,440) raw=(00000100,00006e00) NOWNER_435BC0_GRID_ENTRY mouse=(-76,380) raw=(ffffed00,00005f00) shift=6 selected_index=0 hover_slot=-1 NOWNER_435BC0_GRID_FAIL result=-1 mouse=(-76,380) selected_index=0 hover_slot=-1 NOWNER_435BC0_LOOP_COMPARE iter=6 ebx=0 d532210=0 d532218=0407c71a d5322c8=-1 NOWNER_435BC0_LOOP_HEAD iter=7 ebx=0 d532210=0 d532218=0407c71a d5322c8=-1 surface=0a029880 size=(640,480) raw=(00000100,00006e00) d544d04=00000001 button0=0xfb NOWNER_435BC0_LOOP_PUMP_CALL iter=7 ebx=0 d532210=0 render=00544cd8 surface=0a029880 size=(640,480) raw=(00000100,00006e00) d544d04=00000001 button0=0xfb NOWNER_435BC0_PUMP_ENTRY iter=7 ret=00435dde render=00544cd8 edx=00000000 d544d10=00000001 d544d04=00000001 button0=0xfb raw=(00000100,00006e00) d543d78=00000001 d543d7c=00000005 surface=0a029880 size=(640,480) NOWNER_435BC0_PUMP_MSG_CALL iter=7 ret=00435dde render=00544cd8 d544d10=00000001 d544d04=00000001 button0=0xfb raw=(00000100,00006e00) d543d78=00000001 d543d7c=00000005 NOWNER_435BC0_PUMP_MSG_RETURN iter=7 ret=00435dde eax=00000001 render=00544cd8 d544d10=00000001 d544d04=00000001 button0=0xfb raw=(00000100,00006e00) d543d78=00000001 d543d7c=00000005 NOWNER_435BC0_PUMP_TICK_RETURN iter=7 ret=00435dde eax=02c16033 render=00544cd8 d544d10=00000001 d544d04=00000001 button0=0xfb raw=(00000100,00006e00) d543d78=00000001 d543d7c=00000005 NOWNER_435BC0_PUMP_CB14_CALL iter=7 ret=00435dde vtable=0050f204 cb14=004612e0 render=00544cd8 raw=(00000100,00006e00) d544d04=00000001 button0=0xfb NOWNER_435BC0_PUMP_608F0A_CALL iter=7 ret=00435dde render=00544cd8 raw=(00000100,00006e00) d544d04=00000001 button0=0xff NOWNER_435BC0_PUMP_608F0A_RETURN iter=7 ret=00435dde eax=00000001 render=00544cd8 raw=(00000100,00006e00) d544d04=00000001 button0=0xff NOWNER_435BC0_PUMP_608F0B_CALL iter=7 ret=00435dde render=00544cd8 raw=(00000100,00006e00) d544d04=00000001 button0=0xff NOWNER_435BC0_PUMP_608F0B_RETURN iter=7 ret=00435dde eax=00000001 render=00544cd8 raw=(00000100,00006e00) d544d04=00000001 button0=0xff NOWNER_435BC0_PUMP_CB04_CALL iter=7 ret=00435dde vtable=0050f204 cb04=004611a0 render=00544cd8 raw=(00000100,00006e00) d544d04=00000001 button0=0xff NOWNER_435BC0_PUMP_CB04_RETURN iter=7 ret=00435dde eax=00544cd8 render=00544cd8 raw=(00000100,00006e00) d544d04=00000001 button0=0xff NOWNER_435BC0_LOOP_DRAW_CALL iter=7 ebx=0 d532210=0 d532218=0407c71a d5322c8=-1 surface=0a029880 size=(640,480) raw=(00000100,00006e00) d544d04=00000001 button0=0xff NOWNER_435BC0_POLL count=7 d532210=0 d532218=0407c71a d532220=0 d5322c8=-1 mouse=(4,440) raw=(00000100,00006e00) d544d04=00000001 button0=0xff surface=0a029880 size=(640,480) NOWNER_435BC0_GRID_DRAW ret=00435274 owner=0407c71a selected_index=0 hover_slot=-1 render=0051d4c0 map_surface=0a029880 size=(640,480) NOWNER_435BC0_LOOP_DRAW_RETURN iter=7 ebx=0 d532210=0 d532218=0407c71a d5322c8=-1 surface=0a029880 size=(640,480) NOWNER_435BC0_LOOP_HIT_RESULT iter=7 eax=00000000 ebx=0 d532210=0 d532218=0407c71a d5322c8=-1 NOWNER_435BC0_NO_HIT_UPDATE iter=7 ebx=0 d532210=0 d532218=0407c71a d5322c8=-1 NOWNER_435BC0_GRID_ROUTE_ENTRY selected_index=0 hover_slot=-1 mouse=(4,440) raw=(00000100,00006e00) NOWNER_435BC0_GRID_GATE raw_result=1 mouse=(4,440) raw=(00000100,00006e00) NOWNER_435BC0_GRID_CALL mouse=(4,440) raw=(00000100,00006e00) NOWNER_435BC0_GRID_ENTRY mouse=(-76,380) raw=(ffffed00,00005f00) shift=6 selected_index=0 hover_slot=-1 NOWNER_435BC0_GRID_FAIL result=-1 mouse=(-76,380) selected_index=0 hover_slot=-1 NOWNER_435BC0_LOOP_COMPARE iter=7 ebx=0 d532210=0 d532218=0407c71a d5322c8=-1 NOWNER_435BC0_LOOP_HEAD iter=8 ebx=0 d532210=0 d532218=0407c71a d5322c8=-1 surface=0a029880 size=(640,480) raw=(00000100,00006e00) d544d04=00000001 button0=0xff NOWNER_435BC0_PUMP_ENTRY iter=8 ret=00435dde render=00544cd8 edx=00000000 d544d10=00000001 d544d04=00000001 button0=0xff raw=(00000100,00006e00) d543d78=00000001 d543d7c=00000005 surface=0a029880 size=(640,480) NOWNER_435BC0_PUMP_MSG_CALL iter=8 ret=00435dde render=00544cd8 d544d10=00000001 d544d04=00000001 button0=0xff raw=(00000100,00006e00) d543d78=00000001 d543d7c=00000005 NOWNER_435BC0_PUMP_MSG_RETURN iter=8 ret=00435dde eax=00000001 render=00544cd8 d544d10=00000001 d544d04=00000001 button0=0xff raw=(00000100,00006e00) d543d78=00000001 d543d7c=00000005 NOWNER_435BC0_PUMP_TICK_RETURN iter=8 ret=00435dde eax=02c16069 render=00544cd8 d544d10=00000001 d544d04=00000001 button0=0xff raw=(00000100,00006e00) d543d78=00000001 d543d7c=00000005 NOWNER_435BC0_PUMP_CB14_CALL iter=8 ret=00435dde vtable=0050f204 cb14=004612e0 render=00544cd8 raw=(00000100,00006e00) d544d04=00000001 button0=0xff NOWNER_435BC0_PUMP_608F0A_CALL iter=8 ret=00435dde render=00544cd8 raw=(00000100,00006e00) d544d04=00000000 button0=0x5b NOWNER_435BC0_PUMP_608F0A_RETURN iter=8 ret=00435dde eax=00000000 render=00544cd8 raw=(00000100,00006e00) d544d04=00000000 button0=0x5b NOWNER_435BC0_PUMP_608F0B_CALL iter=8 ret=00435dde render=00544cd8 raw=(00000100,00006e00) d544d04=00000000 button0=0x5b NOWNER_435BC0_PUMP_608F0B_RETURN iter=8 ret=00435dde eax=00000000 render=00544cd8 raw=(00000100,00006e00) d544d04=00000000 button0=0x5b NOWNER_435BC0_PUMP_CB04_CALL iter=8 ret=00435dde vtable=0050f204 cb04=004611a0 render=00544cd8 raw=(00000100,00006e00) d544d04=00000000 button0=0x5b NOWNER_435BC0_PUMP_CB04_RETURN iter=8 ret=00435dde eax=00544cd8 render=00544cd8 raw=(00000100,00006e00) d544d04=00000000 button0=0x5b NOWNER_435BC0_POLL count=8 d532210=0 d532218=0407c71a d532220=0 d5322c8=-1 mouse=(4,440) raw=(00000100,00006e00) d544d04=00000000 button0=0x5b surface=0a029880 size=(640,480) NOWNER_435BC0_GRID_DRAW ret=00435274 owner=0407c71a selected_index=0 hover_slot=-1 render=0051d4c0 map_surface=0a029880 size=(640,480) NOWNER_435BC0_NO_HIT_UPDATE iter=8 ebx=0 d532210=0 d532218=0407c71a d5322c8=-1 NOWNER_435BC0_GRID_ROUTE_ENTRY selected_index=0 hover_slot=-1 mouse=(4,440) raw=(00000100,00006e00) NOWNER_435BC0_GRID_GATE raw_result=0 mouse=(4,440) raw=(00000100,00006e00) NOWNER_435BC0_LOOP_LIMIT iter=8 ebx=0 d532210=1 d532218=0407c71a d5322c8=-1 NOWNER_435BC0_PUMP_ENTRY iter=8 ret=00435dde render=00544cd8 edx=00000000 d544d10=00000001 d544d04=00000000 button0=0x5b raw=(00000100,00006e00) d543d78=00000001 d543d7c=00000005 surface=0a029880 size=(640,480) NOWNER_435BC0_PUMP_MSG_CALL iter=8 ret=00435dde render=00544cd8 d544d10=00000001 d544d04=00000000 button0=0x5b raw=(00000100,00006e00) d543d78=00000001 d543d7c=00000005 NOWNER_435BC0_PUMP_MSG_RETURN iter=8 ret=00435dde eax=00000001 render=00544cd8 d544d10=00000001 d544d04=00000000 button0=0x5b raw=(00000100,00006e00) d543d78=00000001 d543d7c=00000005 NOWNER_435BC0_PUMP_TICK_RETURN iter=8 ret=00435dde eax=02c16090 render=00544cd8 d544d10=00000001 d544d04=00000000 button0=0x5b raw=(00000100,00006e00) d543d78=00000001 d543d7c=00000005 NOWNER_435BC0_PUMP_CB14_CALL iter=8 ret=00435dde vtable=0050f204 cb14=004612e0 render=00544cd8 raw=(00000100,00006e00) d544d04=00000000 button0=0x5b NOWNER_435BC0_PUMP_608F0B_CALL iter=8 ret=00435dde render=00544cd8 raw=(00000100,00006e00) d544d04=00000002 button0=0x31 NOWNER_435BC0_PUMP_608F0B_RETURN iter=8 ret=00435dde eax=00000000 render=00544cd8 raw=(00000100,00006e00) d544d04=00000002 button0=0x31 NOWNER_435BC0_PUMP_CB04_CALL iter=8 ret=00435dde vtable=0050f204 cb04=004611a0 render=00544cd8 raw=(00000100,00006e00) d544d04=00000002 button0=0x31 NOWNER_435BC0_PUMP_CB04_RETURN iter=8 ret=00435dde eax=00544cd8 render=00544cd8 raw=(00000100,00006e00) d544d04=00000002 button0=0x31 NOWNER_435BC0_POLL count=9 d532210=1 d532218=0407c71a d532220=0 d5322c8=-1 mouse=(4,440) raw=(00000100,00006e00) d544d04=00000002 button0=0x31 surface=0a029880 size=(640,480) NOWNER_435BC0_GRID_DRAW ret=00435274 owner=0407c71a selected_index=0 hover_slot=-1 render=0051d4c0 map_surface=0a029880 size=(640,480) NOWNER_435BC0_NO_HIT_UPDATE iter=8 ebx=0 d532210=1 d532218=0407c71a d5322c8=-1 NOWNER_435BC0_GRID_ROUTE_ENTRY selected_index=0 hover_slot=-1 mouse=(4,440) raw=(00000100,00006e00) NOWNER_435BC0_GRID_GATE raw_result=0 mouse=(4,440) raw=(00000100,00006e00) NOWNER_435BC0_LOOP_EXIT iter=8 ebx=0 d532210=1 d532218=0407c71a d5322c8=-1 NOWNER_435BC0_RETURN eax=00000000 d532218=0407c71a d532220=0 d5322c8=-1 surface=0a029880 size=(640,480) NOWNER_WRAPPER_STOCK_RETURN eax=00000000 saved_surface=0a30f410 temp_surface=0a029880 current_surface=0a029880 d532218=0407c71a d532220=0 d5322c8=-1 NOWNER_WRAPPER_RESTORE_SURFACE saved_surface=0a30f410 temp_surface=0a029880 current_surface=0a30f410 size=(800,600) NOWNER_WRAPPER_COPYBACK_CALL dst_surface=0a30f410 src_surface=0a029880 rect=(80,60,639,479) d532218=0407c71a d532220=0 d5322c8=-1 NOWNER_WRAPPER_COPYBACK_RETURN eax=00fcc9a8 d532218=0407c71a d532220=0 d5322c8=-1 surface=0a30f410 size=(800,600) NOWNER_WRAPPER_PRESENT_CALL render=00544cd8 surface=0a30f410 size=(800,600) NOWNER_WRAPPER_COPYBACK_DONE surface=0a30f410 size=(800,600) base=0a5b0030 bytes=480000 d532150=0407c71a d532218=0407c71a d532220=0 d5322c8=-1 SURFDUMP_READY redraw_seq=999 surface=0a30f410 size=(800,600) base=0a5b0030 bytes=480000 SURFDUMP_HOST_READY
eax=00000000 ebx=0050ef24 ecx=0050ed94 edx=00000002 esi=0a30f410 edi=0a029880
eip=0051b86d esp=000edb64 ebp=00000000 iopl=0         nv up ei pl nz na po nc
cs=0023  ss=002b  ds=002b  es=002b  fs=0053  gs=002b             efl=00000202
clash95!CSS_Init+0xab8dd:
0051b86d 83c408          add     esp,8
